[ 2018-01-11T09:14:22+08:00 ] ::1 /api_for_test/Index/getCourses
INFO: [ app_init ] --START--
INFO: Run Behavior\BuildLiteBehavior [ RunTime:0.000008s ]
INFO: [ app_init ] --END-- [ RunTime:0.001189s ]
INFO: [ app_begin ] --START--
INFO: Run Behavior\ReadHtmlCacheBehavior [ RunTime:0.000728s ]
INFO: [ app_begin ] --END-- [ RunTime:0.000749s ]
SQL: SHOW COLUMNS FROM `lf_wkvideocourses` [ RunTime:0.0462s ]
SQL: SELECT * FROM `lf_wkvideocourses` WHERE `field` = 'jap' AND `first` = 1 ORDER BY watched desc LIMIT 0,10   [ RunTime:0.0026s ]
SQL: SHOW COLUMNS FROM `lf_classfield` [ RunTime:0.0206s ]
SQL: SELECT * FROM `lf_classfield` WHERE ( 1=1 AND id='4' ) LIMIT 1   [ RunTime:0.0009s ]
SQL: SHOW COLUMNS FROM `lf_lecturer` [ RunTime:0.0163s ]
SQL: SELECT * FROM `lf_lecturer` WHERE ( 1=1 AND id='14' ) LIMIT 1   [ RunTime:0.0005s ]
SQL: SELECT * FROM `lf_classfield` WHERE ( 1=1 AND id='1' ) LIMIT 1   [ RunTime:0.0001s ]
SQL: SELECT * FROM `lf_lecturer` WHERE ( 1=1 AND id='9' ) LIMIT 1   [ RunTime:0.0004s ]
SQL: SELECT * FROM `lf_classfield` WHERE ( 1=1 AND id='6' ) LIMIT 1   [ RunTime:0.0001s ]
SQL: SELECT * FROM `lf_lecturer` WHERE ( 1=1 AND id='14' ) LIMIT 1   [ RunTime:0.0001s ]
SQL: SELECT * FROM `lf_classfield` WHERE ( 1=1 AND id='7' ) LIMIT 1   [ RunTime:0.0001s ]
SQL: SELECT * FROM `lf_lecturer` WHERE ( 1=1 AND id='9' ) LIMIT 1   [ RunTime:0.0001s ]
SQL: SELECT * FROM `lf_classfield` WHERE ( 1=1 AND id='2' ) LIMIT 1   [ RunTime:0.0001s ]
SQL: SELECT * FROM `lf_lecturer` WHERE ( 1=1 AND id='14' ) LIMIT 1   [ RunTime:0.0001s ]
SQL: SELECT * FROM `lf_classfield` WHERE ( 1=1 AND id='4' ) LIMIT 1   [ RunTime:0.0002s ]
SQL: SELECT * FROM `lf_lecturer` WHERE ( 1=1 AND id='16' ) LIMIT 1   [ RunTime:0.0002s ]
SQL: SELECT * FROM `lf_classfield` WHERE ( 1=1 AND id='3' ) LIMIT 1   [ RunTime:0.0002s ]
SQL: SELECT * FROM `lf_lecturer` WHERE ( 1=1 AND id='8' ) LIMIT 1   [ RunTime:0.0002s ]
SQL: SELECT * FROM `lf_classfield` WHERE ( 1=1 AND id='7' ) LIMIT 1   [ RunTime:0.0001s ]
SQL: SELECT * FROM `lf_lecturer` WHERE ( 1=1 AND id='9' ) LIMIT 1   [ RunTime:0.0002s ]
SQL: SELECT * FROM `lf_classfield` WHERE ( 1=1 AND id='6' ) LIMIT 1   [ RunTime:0.0002s ]
SQL: SELECT * FROM `lf_lecturer` WHERE ( 1=1 AND id='9' ) LIMIT 1   [ RunTime:0.0003s ]
SQL: SELECT * FROM `lf_classfield` WHERE ( 1=1 AND id='4' ) LIMIT 1   [ RunTime:0.0002s ]
SQL: SELECT * FROM `lf_lecturer` WHERE ( 1=1 AND id='9' ) LIMIT 1   [ RunTime:0.0001s ]

[ 2018-01-11T09:47:39+08:00 ] ::1 /api_for_test/Index/getCourses
INFO: [ app_init ] --START--
INFO: Run Behavior\BuildLiteBehavior [ RunTime:0.000007s ]
INFO: [ app_init ] --END-- [ RunTime:0.000211s ]
INFO: [ app_begin ] --START--
INFO: Run Behavior\ReadHtmlCacheBehavior [ RunTime:0.000211s ]
INFO: [ app_begin ] --END-- [ RunTime:0.000225s ]
SQL: SHOW COLUMNS FROM `lf_wkvideocourses` [ RunTime:0.0018s ]
SQL: SELECT * FROM `lf_wkvideocourses` WHERE `field` = 'jap' AND `first` = 1 ORDER BY watched desc LIMIT 0,10   [ RunTime:0.0004s ]
SQL: SHOW COLUMNS FROM `lf_classfield` [ RunTime:0.0008s ]
SQL: SELECT * FROM `lf_classfield` WHERE ( 1=1 AND id='4' ) LIMIT 1   [ RunTime:0.0001s ]
SQL: SHOW COLUMNS FROM `lf_lecturer` [ RunTime:0.0015s ]
SQL: SELECT * FROM `lf_lecturer` WHERE ( 1=1 AND id='14' ) LIMIT 1   [ RunTime:0.0002s ]
SQL: SELECT * FROM `lf_classfield` WHERE ( 1=1 AND id='1' ) LIMIT 1   [ RunTime:0.0001s ]
SQL: SELECT * FROM `lf_lecturer` WHERE ( 1=1 AND id='9' ) LIMIT 1   [ RunTime:0.0001s ]
SQL: SELECT * FROM `lf_classfield` WHERE ( 1=1 AND id='6' ) LIMIT 1   [ RunTime:0.0001s ]
SQL: SELECT * FROM `lf_lecturer` WHERE ( 1=1 AND id='14' ) LIMIT 1   [ RunTime:0.0002s ]
SQL: SELECT * FROM `lf_classfield` WHERE ( 1=1 AND id='7' ) LIMIT 1   [ RunTime:0.0001s ]
SQL: SELECT * FROM `lf_lecturer` WHERE ( 1=1 AND id='9' ) LIMIT 1   [ RunTime:0.0001s ]
SQL: SELECT * FROM `lf_classfield` WHERE ( 1=1 AND id='2' ) LIMIT 1   [ RunTime:0.0001s ]
SQL: SELECT * FROM `lf_lecturer` WHERE ( 1=1 AND id='14' ) LIMIT 1   [ RunTime:0.0001s ]
SQL: SELECT * FROM `lf_classfield` WHERE ( 1=1 AND id='4' ) LIMIT 1   [ RunTime:0.0001s ]
SQL: SELECT * FROM `lf_lecturer` WHERE ( 1=1 AND id='16' ) LIMIT 1   [ RunTime:0.0001s ]
SQL: SELECT * FROM `lf_classfield` WHERE ( 1=1 AND id='3' ) LIMIT 1   [ RunTime:0.0001s ]
SQL: SELECT * FROM `lf_lecturer` WHERE ( 1=1 AND id='8' ) LIMIT 1   [ RunTime:0.0001s ]
SQL: SELECT * FROM `lf_classfield` WHERE ( 1=1 AND id='7' ) LIMIT 1   [ RunTime:0.0001s ]
SQL: SELECT * FROM `lf_lecturer` WHERE ( 1=1 AND id='9' ) LIMIT 1   [ RunTime:0.0001s ]
SQL: SELECT * FROM `lf_classfield` WHERE ( 1=1 AND id='6' ) LIMIT 1   [ RunTime:0.0001s ]
SQL: SELECT * FROM `lf_lecturer` WHERE ( 1=1 AND id='9' ) LIMIT 1   [ RunTime:0.0001s ]
SQL: SELECT * FROM `lf_classfield` WHERE ( 1=1 AND id='4' ) LIMIT 1   [ RunTime:0.0001s ]
SQL: SELECT * FROM `lf_lecturer` WHERE ( 1=1 AND id='9' ) LIMIT 1   [ RunTime:0.0001s ]

[ 2018-01-11T09:54:56+08:00 ] ::1 /api_for_test/Index/getCourses
INFO: [ app_init ] --START--
INFO: Run Behavior\BuildLiteBehavior [ RunTime:0.000005s ]
INFO: [ app_init ] --END-- [ RunTime:0.000169s ]
INFO: [ app_begin ] --START--
INFO: Run Behavior\ReadHtmlCacheBehavior [ RunTime:0.000190s ]
INFO: [ app_begin ] --END-- [ RunTime:0.000205s ]
SQL: SHOW COLUMNS FROM `lf_wkvideocourses` [ RunTime:0.0018s ]
SQL: SELECT * FROM `lf_wkvideocourses` WHERE `field` = 'jap' AND `first` = 1 ORDER BY watched desc LIMIT 0,10   [ RunTime:0.0005s ]
SQL: SHOW COLUMNS FROM `lf_classfield` [ RunTime:0.0006s ]
SQL: SELECT * FROM `lf_classfield` WHERE ( 1=1 AND id='4' ) LIMIT 1   [ RunTime:0.0001s ]
SQL: SHOW COLUMNS FROM `lf_lecturer` [ RunTime:0.0007s ]
SQL: SELECT * FROM `lf_lecturer` WHERE ( 1=1 AND id='14' ) LIMIT 1   [ RunTime:0.0003s ]
SQL: SELECT * FROM `lf_classfield` WHERE ( 1=1 AND id='1' ) LIMIT 1   [ RunTime:0.0001s ]
SQL: SELECT * FROM `lf_lecturer` WHERE ( 1=1 AND id='9' ) LIMIT 1   [ RunTime:0.0001s ]
SQL: SELECT * FROM `lf_classfield` WHERE ( 1=1 AND id='6' ) LIMIT 1   [ RunTime:0.0001s ]
SQL: SELECT * FROM `lf_lecturer` WHERE ( 1=1 AND id='14' ) LIMIT 1   [ RunTime:0.0001s ]
SQL: SELECT * FROM `lf_classfield` WHERE ( 1=1 AND id='7' ) LIMIT 1   [ RunTime:0.0001s ]
SQL: SELECT * FROM `lf_lecturer` WHERE ( 1=1 AND id='9' ) LIMIT 1   [ RunTime:0.0001s ]
SQL: SELECT * FROM `lf_classfield` WHERE ( 1=1 AND id='2' ) LIMIT 1   [ RunTime:0.0001s ]
SQL: SELECT * FROM `lf_lecturer` WHERE ( 1=1 AND id='14' ) LIMIT 1   [ RunTime:0.0001s ]
SQL: SELECT * FROM `lf_classfield` WHERE ( 1=1 AND id='4' ) LIMIT 1   [ RunTime:0.0001s ]
SQL: SELECT * FROM `lf_lecturer` WHERE ( 1=1 AND id='16' ) LIMIT 1   [ RunTime:0.0001s ]
SQL: SELECT * FROM `lf_classfield` WHERE ( 1=1 AND id='3' ) LIMIT 1   [ RunTime:0.0001s ]
SQL: SELECT * FROM `lf_lecturer` WHERE ( 1=1 AND id='8' ) LIMIT 1   [ RunTime:0.0002s ]
SQL: SELECT * FROM `lf_classfield` WHERE ( 1=1 AND id='7' ) LIMIT 1   [ RunTime:0.0001s ]
SQL: SELECT * FROM `lf_lecturer` WHERE ( 1=1 AND id='9' ) LIMIT 1   [ RunTime:0.0002s ]
SQL: SELECT * FROM `lf_classfield` WHERE ( 1=1 AND id='6' ) LIMIT 1   [ RunTime:0.0001s ]
SQL: SELECT * FROM `lf_lecturer` WHERE ( 1=1 AND id='9' ) LIMIT 1   [ RunTime:0.0001s ]
SQL: SELECT * FROM `lf_classfield` WHERE ( 1=1 AND id='4' ) LIMIT 1   [ RunTime:0.0001s ]
SQL: SELECT * FROM `lf_lecturer` WHERE ( 1=1 AND id='9' ) LIMIT 1   [ RunTime:0.0001s ]

[ 2018-01-11T09:57:18+08:00 ] ::1 /api_for_test/Index/getCourses
INFO: [ app_init ] --START--
INFO: Run Behavior\BuildLiteBehavior [ RunTime:0.000006s ]
INFO: [ app_init ] --END-- [ RunTime:0.000201s ]
INFO: [ app_begin ] --START--
INFO: Run Behavior\ReadHtmlCacheBehavior [ RunTime:0.000200s ]
INFO: [ app_begin ] --END-- [ RunTime:0.000214s ]
SQL: SHOW COLUMNS FROM `lf_wkvideocourses` [ RunTime:0.0020s ]
SQL: SELECT * FROM `lf_wkvideocourses` WHERE `field` = 'jap' AND `first` = 1 ORDER BY watched desc LIMIT 0,10   [ RunTime:0.0004s ]
SQL: SHOW COLUMNS FROM `lf_classfield` [ RunTime:0.0006s ]
SQL: SELECT * FROM `lf_classfield` WHERE ( 1=1 AND id='4' ) LIMIT 1   [ RunTime:0.0001s ]
SQL: SHOW COLUMNS FROM `lf_lecturer` [ RunTime:0.0014s ]
SQL: SELECT * FROM `lf_lecturer` WHERE ( 1=1 AND id='14' ) LIMIT 1   [ RunTime:0.0001s ]
SQL: SELECT * FROM `lf_classfield` WHERE ( 1=1 AND id='1' ) LIMIT 1   [ RunTime:0.0001s ]
SQL: SELECT * FROM `lf_lecturer` WHERE ( 1=1 AND id='9' ) LIMIT 1   [ RunTime:0.0001s ]
SQL: SELECT * FROM `lf_classfield` WHERE ( 1=1 AND id='6' ) LIMIT 1   [ RunTime:0.0001s ]
SQL: SELECT * FROM `lf_lecturer` WHERE ( 1=1 AND id='14' ) LIMIT 1   [ RunTime:0.0002s ]
SQL: SELECT * FROM `lf_classfield` WHERE ( 1=1 AND id='7' ) LIMIT 1   [ RunTime:0.0001s ]
SQL: SELECT * FROM `lf_lecturer` WHERE ( 1=1 AND id='9' ) LIMIT 1   [ RunTime:0.0001s ]
SQL: SELECT * FROM `lf_classfield` WHERE ( 1=1 AND id='2' ) LIMIT 1   [ RunTime:0.0001s ]
SQL: SELECT * FROM `lf_lecturer` WHERE ( 1=1 AND id='14' ) LIMIT 1   [ RunTime:0.0001s ]
SQL: SELECT * FROM `lf_classfield` WHERE ( 1=1 AND id='4' ) LIMIT 1   [ RunTime:0.0001s ]
SQL: SELECT * FROM `lf_lecturer` WHERE ( 1=1 AND id='16' ) LIMIT 1   [ RunTime:0.0001s ]
SQL: SELECT * FROM `lf_classfield` WHERE ( 1=1 AND id='3' ) LIMIT 1   [ RunTime:0.0001s ]
SQL: SELECT * FROM `lf_lecturer` WHERE ( 1=1 AND id='8' ) LIMIT 1   [ RunTime:0.0001s ]
SQL: SELECT * FROM `lf_classfield` WHERE ( 1=1 AND id='7' ) LIMIT 1   [ RunTime:0.0001s ]
SQL: SELECT * FROM `lf_lecturer` WHERE ( 1=1 AND id='9' ) LIMIT 1   [ RunTime:0.0001s ]
SQL: SELECT * FROM `lf_classfield` WHERE ( 1=1 AND id='6' ) LIMIT 1   [ RunTime:0.0001s ]
SQL: SELECT * FROM `lf_lecturer` WHERE ( 1=1 AND id='9' ) LIMIT 1   [ RunTime:0.0002s ]
SQL: SELECT * FROM `lf_classfield` WHERE ( 1=1 AND id='4' ) LIMIT 1   [ RunTime:0.0002s ]
SQL: SELECT * FROM `lf_lecturer` WHERE ( 1=1 AND id='9' ) LIMIT 1   [ RunTime:0.0002s ]

[ 2018-01-11T10:01:54+08:00 ] ::1 /api_for_test/Index/getCourses
INFO: [ app_init ] --START--
INFO: Run Behavior\BuildLiteBehavior [ RunTime:0.000007s ]
INFO: [ app_init ] --END-- [ RunTime:0.000236s ]
INFO: [ app_begin ] --START--
INFO: Run Behavior\ReadHtmlCacheBehavior [ RunTime:0.000282s ]
INFO: [ app_begin ] --END-- [ RunTime:0.000301s ]
SQL: SHOW COLUMNS FROM `lf_wkvideocourses` [ RunTime:0.0032s ]
SQL: SELECT * FROM `lf_wkvideocourses` WHERE `field` = 'jap' AND `first` = 1 ORDER BY watched desc LIMIT 0,10   [ RunTime:0.0008s ]
SQL: SHOW COLUMNS FROM `lf_classfield` [ RunTime:0.0013s ]
SQL: SELECT * FROM `lf_classfield` WHERE ( 1=1 AND id='4' ) LIMIT 1   [ RunTime:0.0002s ]
SQL: SHOW COLUMNS FROM `lf_lecturer` [ RunTime:0.0013s ]
SQL: SELECT * FROM `lf_lecturer` WHERE ( 1=1 AND id='14' ) LIMIT 1   [ RunTime:0.0002s ]
SQL: SELECT * FROM `lf_classfield` WHERE ( 1=1 AND id='1' ) LIMIT 1   [ RunTime:0.0001s ]
SQL: SELECT * FROM `lf_lecturer` WHERE ( 1=1 AND id='9' ) LIMIT 1   [ RunTime:0.0001s ]
SQL: SELECT * FROM `lf_classfield` WHERE ( 1=1 AND id='6' ) LIMIT 1   [ RunTime:0.0001s ]
SQL: SELECT * FROM `lf_lecturer` WHERE ( 1=1 AND id='14' ) LIMIT 1   [ RunTime:0.0001s ]
SQL: SELECT * FROM `lf_classfield` WHERE ( 1=1 AND id='7' ) LIMIT 1   [ RunTime:0.0001s ]
SQL: SELECT * FROM `lf_lecturer` WHERE ( 1=1 AND id='9' ) LIMIT 1   [ RunTime:0.0001s ]
SQL: SELECT * FROM `lf_classfield` WHERE ( 1=1 AND id='2' ) LIMIT 1   [ RunTime:0.0001s ]
SQL: SELECT * FROM `lf_lecturer` WHERE ( 1=1 AND id='14' ) LIMIT 1   [ RunTime:0.0001s ]
SQL: SELECT * FROM `lf_classfield` WHERE ( 1=1 AND id='4' ) LIMIT 1   [ RunTime:0.0001s ]
SQL: SELECT * FROM `lf_lecturer` WHERE ( 1=1 AND id='16' ) LIMIT 1   [ RunTime:0.0001s ]
SQL: SELECT * FROM `lf_classfield` WHERE ( 1=1 AND id='3' ) LIMIT 1   [ RunTime:0.0001s ]
SQL: SELECT * FROM `lf_lecturer` WHERE ( 1=1 AND id='8' ) LIMIT 1   [ RunTime:0.0001s ]
SQL: SELECT * FROM `lf_classfield` WHERE ( 1=1 AND id='7' ) LIMIT 1   [ RunTime:0.0001s ]
SQL: SELECT * FROM `lf_lecturer` WHERE ( 1=1 AND id='9' ) LIMIT 1   [ RunTime:0.0001s ]
SQL: SELECT * FROM `lf_classfield` WHERE ( 1=1 AND id='6' ) LIMIT 1   [ RunTime:0.0001s ]
SQL: SELECT * FROM `lf_lecturer` WHERE ( 1=1 AND id='9' ) LIMIT 1   [ RunTime:0.0001s ]
SQL: SELECT * FROM `lf_classfield` WHERE ( 1=1 AND id='4' ) LIMIT 1   [ RunTime:0.0001s ]
SQL: SELECT * FROM `lf_lecturer` WHERE ( 1=1 AND id='9' ) LIMIT 1   [ RunTime:0.0001s ]

[ 2018-01-11T10:05:50+08:00 ] ::1 /api_for_test/Index/getCourses
INFO: [ app_init ] --START--
INFO: Run Behavior\BuildLiteBehavior [ RunTime:0.000005s ]
INFO: [ app_init ] --END-- [ RunTime:0.000223s ]
INFO: [ app_begin ] --START--
INFO: Run Behavior\ReadHtmlCacheBehavior [ RunTime:0.000194s ]
INFO: [ app_begin ] --END-- [ RunTime:0.000208s ]
SQL: SHOW COLUMNS FROM `lf_wkvideocourses` [ RunTime:0.0023s ]
SQL: SELECT * FROM `lf_wkvideocourses` WHERE `field` = 'jap' AND `first` = 1 ORDER BY watched desc LIMIT 0,10   [ RunTime:0.0006s ]
SQL: SHOW COLUMNS FROM `lf_classfield` [ RunTime:0.0019s ]
SQL: SELECT * FROM `lf_classfield` WHERE ( 1=1 AND id='4' ) LIMIT 1   [ RunTime:0.0002s ]
SQL: SHOW COLUMNS FROM `lf_lecturer` [ RunTime:0.0014s ]
SQL: SELECT * FROM `lf_lecturer` WHERE ( 1=1 AND id='14' ) LIMIT 1   [ RunTime:0.0002s ]
SQL: SELECT * FROM `lf_classfield` WHERE ( 1=1 AND id='1' ) LIMIT 1   [ RunTime:0.0001s ]
SQL: SELECT * FROM `lf_lecturer` WHERE ( 1=1 AND id='9' ) LIMIT 1   [ RunTime:0.0001s ]
SQL: SELECT * FROM `lf_classfield` WHERE ( 1=1 AND id='6' ) LIMIT 1   [ RunTime:0.0001s ]
SQL: SELECT * FROM `lf_lecturer` WHERE ( 1=1 AND id='14' ) LIMIT 1   [ RunTime:0.0001s ]
SQL: SELECT * FROM `lf_classfield` WHERE ( 1=1 AND id='7' ) LIMIT 1   [ RunTime:0.0001s ]
SQL: SELECT * FROM `lf_lecturer` WHERE ( 1=1 AND id='9' ) LIMIT 1   [ RunTime:0.0001s ]
SQL: SELECT * FROM `lf_classfield` WHERE ( 1=1 AND id='2' ) LIMIT 1   [ RunTime:0.0001s ]
SQL: SELECT * FROM `lf_lecturer` WHERE ( 1=1 AND id='14' ) LIMIT 1   [ RunTime:0.0001s ]
SQL: SELECT * FROM `lf_classfield` WHERE ( 1=1 AND id='4' ) LIMIT 1   [ RunTime:0.0001s ]
SQL: SELECT * FROM `lf_lecturer` WHERE ( 1=1 AND id='16' ) LIMIT 1   [ RunTime:0.0001s ]
SQL: SELECT * FROM `lf_classfield` WHERE ( 1=1 AND id='3' ) LIMIT 1   [ RunTime:0.0001s ]
SQL: SELECT * FROM `lf_lecturer` WHERE ( 1=1 AND id='8' ) LIMIT 1   [ RunTime:0.0001s ]
SQL: SELECT * FROM `lf_classfield` WHERE ( 1=1 AND id='7' ) LIMIT 1   [ RunTime:0.0001s ]
SQL: SELECT * FROM `lf_lecturer` WHERE ( 1=1 AND id='9' ) LIMIT 1   [ RunTime:0.0001s ]
SQL: SELECT * FROM `lf_classfield` WHERE ( 1=1 AND id='6' ) LIMIT 1   [ RunTime:0.0001s ]
SQL: SELECT * FROM `lf_lecturer` WHERE ( 1=1 AND id='9' ) LIMIT 1   [ RunTime:0.0001s ]
SQL: SELECT * FROM `lf_classfield` WHERE ( 1=1 AND id='4' ) LIMIT 1   [ RunTime:0.0001s ]
SQL: SELECT * FROM `lf_lecturer` WHERE ( 1=1 AND id='9' ) LIMIT 1   [ RunTime:0.0001s ]

[ 2018-01-11T10:06:13+08:00 ] ::1 /api_for_test/Index/getCourses
INFO: [ app_init ] --START--
INFO: Run Behavior\BuildLiteBehavior [ RunTime:0.000006s ]
INFO: [ app_init ] --END-- [ RunTime:0.000153s ]
INFO: [ app_begin ] --START--
INFO: Run Behavior\ReadHtmlCacheBehavior [ RunTime:0.000202s ]
INFO: [ app_begin ] --END-- [ RunTime:0.000217s ]
SQL: SHOW COLUMNS FROM `lf_wkvideocourses` [ RunTime:0.0018s ]
SQL: SELECT * FROM `lf_wkvideocourses` WHERE `field` = 'jap' AND `first` = 1 ORDER BY watched desc LIMIT 0,10   [ RunTime:0.0004s ]
SQL: SHOW COLUMNS FROM `lf_classfield` [ RunTime:0.0008s ]
SQL: SELECT * FROM `lf_classfield` WHERE ( 1=1 AND id='4' ) LIMIT 1   [ RunTime:0.0003s ]
SQL: SHOW COLUMNS FROM `lf_lecturer` [ RunTime:0.0017s ]
SQL: SELECT * FROM `lf_lecturer` WHERE ( 1=1 AND id='14' ) LIMIT 1   [ RunTime:0.0003s ]
SQL: SELECT * FROM `lf_classfield` WHERE ( 1=1 AND id='1' ) LIMIT 1   [ RunTime:0.0001s ]
SQL: SELECT * FROM `lf_lecturer` WHERE ( 1=1 AND id='9' ) LIMIT 1   [ RunTime:0.0001s ]
SQL: SELECT * FROM `lf_classfield` WHERE ( 1=1 AND id='6' ) LIMIT 1   [ RunTime:0.0001s ]
SQL: SELECT * FROM `lf_lecturer` WHERE ( 1=1 AND id='14' ) LIMIT 1   [ RunTime:0.0001s ]
SQL: SELECT * FROM `lf_classfield` WHERE ( 1=1 AND id='7' ) LIMIT 1   [ RunTime:0.0001s ]
SQL: SELECT * FROM `lf_lecturer` WHERE ( 1=1 AND id='9' ) LIMIT 1   [ RunTime:0.0001s ]
SQL: SELECT * FROM `lf_classfield` WHERE ( 1=1 AND id='2' ) LIMIT 1   [ RunTime:0.0001s ]
SQL: SELECT * FROM `lf_lecturer` WHERE ( 1=1 AND id='14' ) LIMIT 1   [ RunTime:0.0001s ]
SQL: SELECT * FROM `lf_classfield` WHERE ( 1=1 AND id='4' ) LIMIT 1   [ RunTime:0.0001s ]
SQL: SELECT * FROM `lf_lecturer` WHERE ( 1=1 AND id='16' ) LIMIT 1   [ RunTime:0.0001s ]
SQL: SELECT * FROM `lf_classfield` WHERE ( 1=1 AND id='3' ) LIMIT 1   [ RunTime:0.0001s ]
SQL: SELECT * FROM `lf_lecturer` WHERE ( 1=1 AND id='8' ) LIMIT 1   [ RunTime:0.0001s ]
SQL: SELECT * FROM `lf_classfield` WHERE ( 1=1 AND id='7' ) LIMIT 1   [ RunTime:0.0001s ]
SQL: SELECT * FROM `lf_lecturer` WHERE ( 1=1 AND id='9' ) LIMIT 1   [ RunTime:0.0001s ]
SQL: SELECT * FROM `lf_classfield` WHERE ( 1=1 AND id='6' ) LIMIT 1   [ RunTime:0.0001s ]
SQL: SELECT * FROM `lf_lecturer` WHERE ( 1=1 AND id='9' ) LIMIT 1   [ RunTime:0.0001s ]
SQL: SELECT * FROM `lf_classfield` WHERE ( 1=1 AND id='4' ) LIMIT 1   [ RunTime:0.0001s ]
SQL: SELECT * FROM `lf_lecturer` WHERE ( 1=1 AND id='9' ) LIMIT 1   [ RunTime:0.0001s ]

[ 2018-01-11T10:06:30+08:00 ] ::1 /api_for_test/Index/getCourses
INFO: [ app_init ] --START--
INFO: Run Behavior\BuildLiteBehavior [ RunTime:0.000006s ]
INFO: [ app_init ] --END-- [ RunTime:0.000220s ]
INFO: [ app_begin ] --START--
INFO: Run Behavior\ReadHtmlCacheBehavior [ RunTime:0.000238s ]
INFO: [ app_begin ] --END-- [ RunTime:0.000259s ]
SQL: SHOW COLUMNS FROM `lf_wkvideocourses` [ RunTime:0.0012s ]
SQL: SELECT * FROM `lf_wkvideocourses` WHERE `field` = 'jap' AND `first` = 1 ORDER BY watched desc LIMIT 0,10   [ RunTime:0.0008s ]
SQL: SHOW COLUMNS FROM `lf_classfield` [ RunTime:0.0009s ]
SQL: SELECT * FROM `lf_classfield` WHERE ( 1=1 AND id='4' ) LIMIT 1   [ RunTime:0.0002s ]
SQL: SHOW COLUMNS FROM `lf_lecturer` [ RunTime:0.0008s ]
SQL: SELECT * FROM `lf_lecturer` WHERE ( 1=1 AND id='14' ) LIMIT 1   [ RunTime:0.0002s ]
SQL: SELECT * FROM `lf_classfield` WHERE ( 1=1 AND id='1' ) LIMIT 1   [ RunTime:0.0001s ]
SQL: SELECT * FROM `lf_lecturer` WHERE ( 1=1 AND id='9' ) LIMIT 1   [ RunTime:0.0001s ]
SQL: SELECT * FROM `lf_classfield` WHERE ( 1=1 AND id='6' ) LIMIT 1   [ RunTime:0.0001s ]
SQL: SELECT * FROM `lf_lecturer` WHERE ( 1=1 AND id='14' ) LIMIT 1   [ RunTime:0.0001s ]
SQL: SELECT * FROM `lf_classfield` WHERE ( 1=1 AND id='7' ) LIMIT 1   [ RunTime:0.0001s ]
SQL: SELECT * FROM `lf_lecturer` WHERE ( 1=1 AND id='9' ) LIMIT 1   [ RunTime:0.0001s ]
SQL: SELECT * FROM `lf_classfield` WHERE ( 1=1 AND id='2' ) LIMIT 1   [ RunTime:0.0002s ]
SQL: SELECT * FROM `lf_lecturer` WHERE ( 1=1 AND id='14' ) LIMIT 1   [ RunTime:0.0002s ]
SQL: SELECT * FROM `lf_classfield` WHERE ( 1=1 AND id='4' ) LIMIT 1   [ RunTime:0.0002s ]
SQL: SELECT * FROM `lf_lecturer` WHERE ( 1=1 AND id='16' ) LIMIT 1   [ RunTime:0.0001s ]
SQL: SELECT * FROM `lf_classfield` WHERE ( 1=1 AND id='3' ) LIMIT 1   [ RunTime:0.0002s ]
SQL: SELECT * FROM `lf_lecturer` WHERE ( 1=1 AND id='8' ) LIMIT 1   [ RunTime:0.0002s ]
SQL: SELECT * FROM `lf_classfield` WHERE ( 1=1 AND id='7' ) LIMIT 1   [ RunTime:0.0002s ]
SQL: SELECT * FROM `lf_lecturer` WHERE ( 1=1 AND id='9' ) LIMIT 1   [ RunTime:0.0002s ]
SQL: SELECT * FROM `lf_classfield` WHERE ( 1=1 AND id='6' ) LIMIT 1   [ RunTime:0.0001s ]
SQL: SELECT * FROM `lf_lecturer` WHERE ( 1=1 AND id='9' ) LIMIT 1   [ RunTime:0.0001s ]
SQL: SELECT * FROM `lf_classfield` WHERE ( 1=1 AND id='4' ) LIMIT 1   [ RunTime:0.0001s ]
SQL: SELECT * FROM `lf_lecturer` WHERE ( 1=1 AND id='9' ) LIMIT 1   [ RunTime:0.0002s ]

[ 2018-01-11T10:06:45+08:00 ] ::1 /api_for_test/Index/getCourses
INFO: [ app_init ] --START--
INFO: Run Behavior\BuildLiteBehavior [ RunTime:0.000006s ]
INFO: [ app_init ] --END-- [ RunTime:0.000164s ]
INFO: [ app_begin ] --START--
INFO: Run Behavior\ReadHtmlCacheBehavior [ RunTime:0.000280s ]
INFO: [ app_begin ] --END-- [ RunTime:0.000298s ]
SQL: SHOW COLUMNS FROM `lf_wkvideocourses` [ RunTime:0.0021s ]
SQL: SELECT * FROM `lf_wkvideocourses` WHERE `field` = 'jap' AND `first` = 1 ORDER BY watched desc LIMIT 0,10   [ RunTime:0.0007s ]
SQL: SHOW COLUMNS FROM `lf_classfield` [ RunTime:0.0016s ]
SQL: SELECT * FROM `lf_classfield` WHERE ( 1=1 AND id='4' ) LIMIT 1   [ RunTime:0.0002s ]
SQL: SHOW COLUMNS FROM `lf_lecturer` [ RunTime:0.0014s ]
SQL: SELECT * FROM `lf_lecturer` WHERE ( 1=1 AND id='14' ) LIMIT 1   [ RunTime:0.0002s ]
SQL: SELECT * FROM `lf_classfield` WHERE ( 1=1 AND id='1' ) LIMIT 1   [ RunTime:0.0001s ]
SQL: SELECT * FROM `lf_lecturer` WHERE ( 1=1 AND id='9' ) LIMIT 1   [ RunTime:0.0001s ]
SQL: SELECT * FROM `lf_classfield` WHERE ( 1=1 AND id='6' ) LIMIT 1   [ RunTime:0.0001s ]
SQL: SELECT * FROM `lf_lecturer` WHERE ( 1=1 AND id='14' ) LIMIT 1   [ RunTime:0.0001s ]
SQL: SELECT * FROM `lf_classfield` WHERE ( 1=1 AND id='7' ) LIMIT 1   [ RunTime:0.0001s ]
SQL: SELECT * FROM `lf_lecturer` WHERE ( 1=1 AND id='9' ) LIMIT 1   [ RunTime:0.0003s ]
SQL: SELECT * FROM `lf_classfield` WHERE ( 1=1 AND id='2' ) LIMIT 1   [ RunTime:0.0002s ]
SQL: SELECT * FROM `lf_lecturer` WHERE ( 1=1 AND id='14' ) LIMIT 1   [ RunTime:0.0001s ]
SQL: SELECT * FROM `lf_classfield` WHERE ( 1=1 AND id='4' ) LIMIT 1   [ RunTime:0.0001s ]
SQL: SELECT * FROM `lf_lecturer` WHERE ( 1=1 AND id='16' ) LIMIT 1   [ RunTime:0.0001s ]
SQL: SELECT * FROM `lf_classfield` WHERE ( 1=1 AND id='3' ) LIMIT 1   [ RunTime:0.0001s ]
SQL: SELECT * FROM `lf_lecturer` WHERE ( 1=1 AND id='8' ) LIMIT 1   [ RunTime:0.0001s ]
SQL: SELECT * FROM `lf_classfield` WHERE ( 1=1 AND id='7' ) LIMIT 1   [ RunTime:0.0002s ]
SQL: SELECT * FROM `lf_lecturer` WHERE ( 1=1 AND id='9' ) LIMIT 1   [ RunTime:0.0002s ]
SQL: SELECT * FROM `lf_classfield` WHERE ( 1=1 AND id='6' ) LIMIT 1   [ RunTime:0.0001s ]
SQL: SELECT * FROM `lf_lecturer` WHERE ( 1=1 AND id='9' ) LIMIT 1   [ RunTime:0.0001s ]
SQL: SELECT * FROM `lf_classfield` WHERE ( 1=1 AND id='4' ) LIMIT 1   [ RunTime:0.0001s ]
SQL: SELECT * FROM `lf_lecturer` WHERE ( 1=1 AND id='9' ) LIMIT 1   [ RunTime:0.0001s ]

[ 2018-01-11T10:06:54+08:00 ] ::1 /api_for_test/Index/getCourses
INFO: [ app_init ] --START--
INFO: Run Behavior\BuildLiteBehavior [ RunTime:0.000006s ]
INFO: [ app_init ] --END-- [ RunTime:0.000287s ]
INFO: [ app_begin ] --START--
INFO: Run Behavior\ReadHtmlCacheBehavior [ RunTime:0.000278s ]
INFO: [ app_begin ] --END-- [ RunTime:0.000296s ]
SQL: SHOW COLUMNS FROM `lf_wkvideocourses` [ RunTime:0.0010s ]
SQL: SELECT * FROM `lf_wkvideocourses` WHERE `field` = 'jap' AND `first` = 1 ORDER BY watched desc LIMIT 15,10   [ RunTime:0.0005s ]
SQL: SHOW COLUMNS FROM `lf_classfield` [ RunTime:0.0008s ]
SQL: SELECT * FROM `lf_classfield` WHERE ( 1=1 AND id='1' ) LIMIT 1   [ RunTime:0.0001s ]
SQL: SHOW COLUMNS FROM `lf_lecturer` [ RunTime:0.0008s ]
SQL: SELECT * FROM `lf_lecturer` WHERE ( 1=1 AND id='22' ) LIMIT 1   [ RunTime:0.0001s ]
SQL: SELECT * FROM `lf_classfield` WHERE ( 1=1 AND id='5' ) LIMIT 1   [ RunTime:0.0001s ]
SQL: SELECT * FROM `lf_lecturer` WHERE ( 1=1 AND id='19' ) LIMIT 1   [ RunTime:0.0001s ]
SQL: SELECT * FROM `lf_classfield` WHERE ( 1=1 AND id='4' ) LIMIT 1   [ RunTime:0.0001s ]
SQL: SELECT * FROM `lf_lecturer` WHERE ( 1=1 AND id='12' ) LIMIT 1   [ RunTime:0.0001s ]
SQL: SELECT * FROM `lf_classfield` WHERE ( 1=1 AND id='1' ) LIMIT 1   [ RunTime:0.0001s ]
SQL: SELECT * FROM `lf_lecturer` WHERE ( 1=1 AND id='9' ) LIMIT 1   [ RunTime:0.0001s ]
SQL: SELECT * FROM `lf_classfield` WHERE ( 1=1 AND id='4' ) LIMIT 1   [ RunTime:0.0001s ]
SQL: SELECT * FROM `lf_lecturer` WHERE ( 1=1 AND id='16' ) LIMIT 1   [ RunTime:0.0001s ]
SQL: SELECT * FROM `lf_classfield` WHERE ( 1=1 AND id='5' ) LIMIT 1   [ RunTime:0.0001s ]
SQL: SELECT * FROM `lf_lecturer` WHERE ( 1=1 AND id='14' ) LIMIT 1   [ RunTime:0.0001s ]
SQL: SELECT * FROM `lf_classfield` WHERE ( 1=1 AND id='4' ) LIMIT 1   [ RunTime:0.0001s ]
SQL: SELECT * FROM `lf_lecturer` WHERE ( 1=1 AND id='12' ) LIMIT 1   [ RunTime:0.0001s ]
SQL: SELECT * FROM `lf_classfield` WHERE ( 1=1 AND id='1' ) LIMIT 1   [ RunTime:0.0001s ]
SQL: SELECT * FROM `lf_lecturer` WHERE ( 1=1 AND id='22' ) LIMIT 1   [ RunTime:0.0002s ]
SQL: SELECT * FROM `lf_classfield` WHERE ( 1=1 AND id='4' ) LIMIT 1   [ RunTime:0.0001s ]
SQL: SELECT * FROM `lf_lecturer` WHERE ( 1=1 AND id='23' ) LIMIT 1   [ RunTime:0.0001s ]
SQL: SELECT * FROM `lf_classfield` WHERE ( 1=1 AND id='4' ) LIMIT 1   [ RunTime:0.0002s ]
SQL: SELECT * FROM `lf_lecturer` WHERE ( 1=1 AND id='19' ) LIMIT 1   [ RunTime:0.0001s ]

[ 2018-01-11T10:11:45+08:00 ] ::1 /api_for_test/Index/getCourses
INFO: [ app_init ] --START--
INFO: Run Behavior\BuildLiteBehavior [ RunTime:0.000006s ]
INFO: [ app_init ] --END-- [ RunTime:0.000203s ]
INFO: [ app_begin ] --START--
INFO: Run Behavior\ReadHtmlCacheBehavior [ RunTime:0.000431s ]
INFO: [ app_begin ] --END-- [ RunTime:0.000457s ]
SQL: SHOW COLUMNS FROM `lf_wkvideocourses` [ RunTime:0.0034s ]
SQL: SELECT * FROM `lf_wkvideocourses` WHERE `field` = 'jap' AND `first` = 1 ORDER BY watched desc LIMIT 0,10   [ RunTime:0.0015s ]
SQL: SHOW COLUMNS FROM `lf_classfield` [ RunTime:0.0035s ]
SQL: SELECT * FROM `lf_classfield` WHERE ( 1=1 AND id='4' ) LIMIT 1   [ RunTime:0.0010s ]
SQL: SHOW COLUMNS FROM `lf_lecturer` [ RunTime:0.0013s ]
SQL: SELECT * FROM `lf_lecturer` WHERE ( 1=1 AND id='14' ) LIMIT 1   [ RunTime:0.0002s ]
SQL: SELECT * FROM `lf_classfield` WHERE ( 1=1 AND id='1' ) LIMIT 1   [ RunTime:0.0001s ]
SQL: SELECT * FROM `lf_lecturer` WHERE ( 1=1 AND id='9' ) LIMIT 1   [ RunTime:0.0001s ]
SQL: SELECT * FROM `lf_classfield` WHERE ( 1=1 AND id='6' ) LIMIT 1   [ RunTime:0.0005s ]
SQL: SELECT * FROM `lf_lecturer` WHERE ( 1=1 AND id='14' ) LIMIT 1   [ RunTime:0.0005s ]
SQL: SELECT * FROM `lf_classfield` WHERE ( 1=1 AND id='7' ) LIMIT 1   [ RunTime:0.0003s ]
SQL: SELECT * FROM `lf_lecturer` WHERE ( 1=1 AND id='9' ) LIMIT 1   [ RunTime:0.0001s ]
SQL: SELECT * FROM `lf_classfield` WHERE ( 1=1 AND id='2' ) LIMIT 1   [ RunTime:0.0001s ]
SQL: SELECT * FROM `lf_lecturer` WHERE ( 1=1 AND id='14' ) LIMIT 1   [ RunTime:0.0001s ]
SQL: SELECT * FROM `lf_classfield` WHERE ( 1=1 AND id='4' ) LIMIT 1   [ RunTime:0.0001s ]
SQL: SELECT * FROM `lf_lecturer` WHERE ( 1=1 AND id='16' ) LIMIT 1   [ RunTime:0.0001s ]
SQL: SELECT * FROM `lf_classfield` WHERE ( 1=1 AND id='3' ) LIMIT 1   [ RunTime:0.0001s ]
SQL: SELECT * FROM `lf_lecturer` WHERE ( 1=1 AND id='8' ) LIMIT 1   [ RunTime:0.0001s ]
SQL: SELECT * FROM `lf_classfield` WHERE ( 1=1 AND id='7' ) LIMIT 1   [ RunTime:0.0001s ]
SQL: SELECT * FROM `lf_lecturer` WHERE ( 1=1 AND id='9' ) LIMIT 1   [ RunTime:0.0001s ]
SQL: SELECT * FROM `lf_classfield` WHERE ( 1=1 AND id='6' ) LIMIT 1   [ RunTime:0.0001s ]
SQL: SELECT * FROM `lf_lecturer` WHERE ( 1=1 AND id='9' ) LIMIT 1   [ RunTime:0.0003s ]
SQL: SELECT * FROM `lf_classfield` WHERE ( 1=1 AND id='4' ) LIMIT 1   [ RunTime:0.0001s ]
SQL: SELECT * FROM `lf_lecturer` WHERE ( 1=1 AND id='9' ) LIMIT 1   [ RunTime:0.0001s ]

[ 2018-01-11T10:12:01+08:00 ] ::1 /api_for_test/Index/getCourses
INFO: [ app_init ] --START--
INFO: Run Behavior\BuildLiteBehavior [ RunTime:0.000005s ]
INFO: [ app_init ] --END-- [ RunTime:0.000142s ]
INFO: [ app_begin ] --START--
INFO: Run Behavior\ReadHtmlCacheBehavior [ RunTime:0.000183s ]
INFO: [ app_begin ] --END-- [ RunTime:0.000196s ]
SQL: SHOW COLUMNS FROM `lf_wkvideocourses` [ RunTime:0.0011s ]
SQL: SELECT * FROM `lf_wkvideocourses` WHERE `field` = 'jap' AND `first` = 1 ORDER BY watched desc LIMIT 15,10   [ RunTime:0.0007s ]
SQL: SHOW COLUMNS FROM `lf_classfield` [ RunTime:0.0503s ]
SQL: SELECT * FROM `lf_classfield` WHERE ( 1=1 AND id='1' ) LIMIT 1   [ RunTime:0.0001s ]
SQL: SHOW COLUMNS FROM `lf_lecturer` [ RunTime:0.0009s ]
SQL: SELECT * FROM `lf_lecturer` WHERE ( 1=1 AND id='22' ) LIMIT 1   [ RunTime:0.0001s ]
SQL: SELECT * FROM `lf_classfield` WHERE ( 1=1 AND id='5' ) LIMIT 1   [ RunTime:0.0001s ]
SQL: SELECT * FROM `lf_lecturer` WHERE ( 1=1 AND id='19' ) LIMIT 1   [ RunTime:0.0001s ]
SQL: SELECT * FROM `lf_classfield` WHERE ( 1=1 AND id='4' ) LIMIT 1   [ RunTime:0.0001s ]
SQL: SELECT * FROM `lf_lecturer` WHERE ( 1=1 AND id='12' ) LIMIT 1   [ RunTime:0.0001s ]
SQL: SELECT * FROM `lf_classfield` WHERE ( 1=1 AND id='1' ) LIMIT 1   [ RunTime:0.0001s ]
SQL: SELECT * FROM `lf_lecturer` WHERE ( 1=1 AND id='9' ) LIMIT 1   [ RunTime:0.0001s ]
SQL: SELECT * FROM `lf_classfield` WHERE ( 1=1 AND id='4' ) LIMIT 1   [ RunTime:0.0001s ]
SQL: SELECT * FROM `lf_lecturer` WHERE ( 1=1 AND id='16' ) LIMIT 1   [ RunTime:0.0001s ]
SQL: SELECT * FROM `lf_classfield` WHERE ( 1=1 AND id='5' ) LIMIT 1   [ RunTime:0.0001s ]
SQL: SELECT * FROM `lf_lecturer` WHERE ( 1=1 AND id='14' ) LIMIT 1   [ RunTime:0.0001s ]
SQL: SELECT * FROM `lf_classfield` WHERE ( 1=1 AND id='4' ) LIMIT 1   [ RunTime:0.0001s ]
SQL: SELECT * FROM `lf_lecturer` WHERE ( 1=1 AND id='12' ) LIMIT 1   [ RunTime:0.0001s ]
SQL: SELECT * FROM `lf_classfield` WHERE ( 1=1 AND id='1' ) LIMIT 1   [ RunTime:0.0001s ]
SQL: SELECT * FROM `lf_lecturer` WHERE ( 1=1 AND id='22' ) LIMIT 1   [ RunTime:0.0001s ]
SQL: SELECT * FROM `lf_classfield` WHERE ( 1=1 AND id='4' ) LIMIT 1   [ RunTime:0.0001s ]
SQL: SELECT * FROM `lf_lecturer` WHERE ( 1=1 AND id='23' ) LIMIT 1   [ RunTime:0.0001s ]
SQL: SELECT * FROM `lf_classfield` WHERE ( 1=1 AND id='4' ) LIMIT 1   [ RunTime:0.0001s ]
SQL: SELECT * FROM `lf_lecturer` WHERE ( 1=1 AND id='19' ) LIMIT 1   [ RunTime:0.0001s ]

[ 2018-01-11T10:12:08+08:00 ] ::1 /api_for_test/Index/getCourses
INFO: [ app_init ] --START--
INFO: Run Behavior\BuildLiteBehavior [ RunTime:0.000005s ]
INFO: [ app_init ] --END-- [ RunTime:0.000179s ]
INFO: [ app_begin ] --START--
INFO: Run Behavior\ReadHtmlCacheBehavior [ RunTime:0.000192s ]
INFO: [ app_begin ] --END-- [ RunTime:0.000206s ]
SQL: SHOW COLUMNS FROM `lf_wkvideocourses` [ RunTime:0.0011s ]
SQL: SELECT * FROM `lf_wkvideocourses` WHERE `field` = 'jap' AND `first` = 1 ORDER BY watched desc LIMIT 30,10   [ RunTime:0.0008s ]
SQL: SHOW COLUMNS FROM `lf_classfield` [ RunTime:0.0010s ]
SQL: SELECT * FROM `lf_classfield` WHERE ( 1=1 AND id='1' ) LIMIT 1   [ RunTime:0.0002s ]
SQL: SHOW COLUMNS FROM `lf_lecturer` [ RunTime:0.0008s ]
SQL: SELECT * FROM `lf_lecturer` WHERE ( 1=1 AND id='22' ) LIMIT 1   [ RunTime:0.0002s ]
SQL: SELECT * FROM `lf_classfield` WHERE ( 1=1 AND id='5' ) LIMIT 1   [ RunTime:0.0001s ]
SQL: SELECT * FROM `lf_lecturer` WHERE ( 1=1 AND id='9' ) LIMIT 1   [ RunTime:0.0001s ]
SQL: SELECT * FROM `lf_classfield` WHERE ( 1=1 AND id='4' ) LIMIT 1   [ RunTime:0.0001s ]
SQL: SELECT * FROM `lf_lecturer` WHERE ( 1=1 AND id='39' ) LIMIT 1   [ RunTime:0.0002s ]
SQL: SELECT * FROM `lf_classfield` WHERE ( 1=1 AND id='4' ) LIMIT 1   [ RunTime:0.0001s ]
SQL: SELECT * FROM `lf_lecturer` WHERE ( 1=1 AND id='16' ) LIMIT 1   [ RunTime:0.0001s ]
SQL: SELECT * FROM `lf_classfield` WHERE ( 1=1 AND id='5' ) LIMIT 1   [ RunTime:0.0002s ]
SQL: SELECT * FROM `lf_lecturer` WHERE ( 1=1 AND id='12' ) LIMIT 1   [ RunTime:0.0002s ]
SQL: SELECT * FROM `lf_classfield` WHERE ( 1=1 AND id='4' ) LIMIT 1   [ RunTime:0.0001s ]
SQL: SELECT * FROM `lf_lecturer` WHERE ( 1=1 AND id='19' ) LIMIT 1   [ RunTime:0.0001s ]
SQL: SELECT * FROM `lf_classfield` WHERE ( 1=1 AND id='4' ) LIMIT 1   [ RunTime:0.0001s ]
SQL: SELECT * FROM `lf_lecturer` WHERE ( 1=1 AND id='27' ) LIMIT 1   [ RunTime:0.0195s ]
SQL: SELECT * FROM `lf_classfield` WHERE ( 1=1 AND id='5' ) LIMIT 1   [ RunTime:0.0002s ]
SQL: SELECT * FROM `lf_lecturer` WHERE ( 1=1 AND id='19' ) LIMIT 1   [ RunTime:0.0002s ]
SQL: SELECT * FROM `lf_classfield` WHERE ( 1=1 AND id='4' ) LIMIT 1   [ RunTime:0.0002s ]
SQL: SELECT * FROM `lf_lecturer` WHERE ( 1=1 AND id='14' ) LIMIT 1   [ RunTime:0.0002s ]
SQL: SELECT * FROM `lf_classfield` WHERE ( 1=1 AND id='5' ) LIMIT 1   [ RunTime:0.0002s ]
SQL: SELECT * FROM `lf_lecturer` WHERE ( 1=1 AND id='12' ) LIMIT 1   [ RunTime:0.0002s ]

[ 2018-01-11T10:12:11+08:00 ] ::1 /api_for_test/Index/getCourses
INFO: [ app_init ] --START--
INFO: Run Behavior\BuildLiteBehavior [ RunTime:0.000005s ]
INFO: [ app_init ] --END-- [ RunTime:0.000139s ]
INFO: [ app_begin ] --START--
INFO: Run Behavior\ReadHtmlCacheBehavior [ RunTime:0.000178s ]
INFO: [ app_begin ] --END-- [ RunTime:0.000191s ]
SQL: SHOW COLUMNS FROM `lf_wkvideocourses` [ RunTime:0.0016s ]
SQL: SELECT * FROM `lf_wkvideocourses` WHERE `field` = 'jap' AND `first` = 1 ORDER BY watched desc LIMIT 45,10   [ RunTime:0.0007s ]
SQL: SHOW COLUMNS FROM `lf_classfield` [ RunTime:0.0016s ]
SQL: SELECT * FROM `lf_classfield` WHERE ( 1=1 AND id='5' ) LIMIT 1   [ RunTime:0.0002s ]
SQL: SHOW COLUMNS FROM `lf_lecturer` [ RunTime:0.0010s ]
SQL: SELECT * FROM `lf_lecturer` WHERE ( 1=1 AND id='19' ) LIMIT 1   [ RunTime:0.0003s ]
SQL: SELECT * FROM `lf_classfield` WHERE ( 1=1 AND id='4' ) LIMIT 1   [ RunTime:0.0001s ]
SQL: SELECT * FROM `lf_lecturer` WHERE ( 1=1 AND id='37' ) LIMIT 1   [ RunTime:0.0001s ]
SQL: SELECT * FROM `lf_classfield` WHERE ( 1=1 AND id='6' ) LIMIT 1   [ RunTime:0.0001s ]
SQL: SELECT * FROM `lf_lecturer` WHERE ( 1=1 AND id='19' ) LIMIT 1   [ RunTime:0.0001s ]
SQL: SELECT * FROM `lf_classfield` WHERE ( 1=1 AND id='5' ) LIMIT 1   [ RunTime:0.0001s ]
SQL: SELECT * FROM `lf_lecturer` WHERE ( 1=1 AND id='19' ) LIMIT 1   [ RunTime:0.0001s ]
SQL: SELECT * FROM `lf_classfield` WHERE ( 1=1 AND id='5' ) LIMIT 1   [ RunTime:0.0001s ]
SQL: SELECT * FROM `lf_lecturer` WHERE ( 1=1 AND id='19' ) LIMIT 1   [ RunTime:0.0001s ]
SQL: SELECT * FROM `lf_classfield` WHERE ( 1=1 AND id='2' ) LIMIT 1   [ RunTime:0.0001s ]
SQL: SELECT * FROM `lf_lecturer` WHERE ( 1=1 AND id='19' ) LIMIT 1   [ RunTime:0.0001s ]
SQL: SELECT * FROM `lf_classfield` WHERE ( 1=1 AND id='5' ) LIMIT 1   [ RunTime:0.0001s ]
SQL: SELECT * FROM `lf_lecturer` WHERE ( 1=1 AND id='19' ) LIMIT 1   [ RunTime:0.0001s ]
SQL: SELECT * FROM `lf_classfield` WHERE ( 1=1 AND id='5' ) LIMIT 1   [ RunTime:0.0001s ]
SQL: SELECT * FROM `lf_lecturer` WHERE ( 1=1 AND id='19' ) LIMIT 1   [ RunTime:0.0002s ]
SQL: SELECT * FROM `lf_classfield` WHERE ( 1=1 AND id='4' ) LIMIT 1   [ RunTime:0.0001s ]
SQL: SELECT * FROM `lf_lecturer` WHERE ( 1=1 AND id='14' ) LIMIT 1   [ RunTime:0.0001s ]
SQL: SELECT * FROM `lf_classfield` WHERE ( 1=1 AND id='1' ) LIMIT 1   [ RunTime:0.0001s ]
SQL: SELECT * FROM `lf_lecturer` WHERE ( 1=1 AND id='19' ) LIMIT 1   [ RunTime:0.0001s ]

[ 2018-01-11T10:12:13+08:00 ] ::1 /api_for_test/Index/getCourses
INFO: [ app_init ] --START--
INFO: Run Behavior\BuildLiteBehavior [ RunTime:0.000006s ]
INFO: [ app_init ] --END-- [ RunTime:0.000194s ]
INFO: [ app_begin ] --START--
INFO: Run Behavior\ReadHtmlCacheBehavior [ RunTime:0.000217s ]
INFO: [ app_begin ] --END-- [ RunTime:0.000231s ]
SQL: SHOW COLUMNS FROM `lf_wkvideocourses` [ RunTime:0.0049s ]
SQL: SELECT * FROM `lf_wkvideocourses` WHERE `field` = 'jap' AND `first` = 1 ORDER BY watched desc LIMIT 60,10   [ RunTime:0.0006s ]
SQL: SHOW COLUMNS FROM `lf_classfield` [ RunTime:0.0237s ]
SQL: SELECT * FROM `lf_classfield` WHERE ( 1=1 AND id='4' ) LIMIT 1   [ RunTime:0.0002s ]
SQL: SHOW COLUMNS FROM `lf_lecturer` [ RunTime:0.0024s ]
SQL: SELECT * FROM `lf_lecturer` WHERE ( 1=1 AND id='19' ) LIMIT 1   [ RunTime:0.0002s ]

