[ 2018-01-10T11:28:00+08:00 ] ::1 /api_for_test/Index/getCoursesImg
INFO: [ app_init ] --START--
INFO: Run Behavior\BuildLiteBehavior [ RunTime:0.000007s ]
INFO: [ app_init ] --END-- [ RunTime:0.001762s ]
INFO: [ app_begin ] --START--
INFO: Run Behavior\ReadHtmlCacheBehavior [ RunTime:0.000733s ]
INFO: [ app_begin ] --END-- [ RunTime:0.000756s ]
SQL: SHOW COLUMNS FROM `lf_wkvideocourses` [ RunTime:0.0662s ]
SQL: SELECT `folder` FROM `lf_wkvideocourses` WHERE `first` = 1 ORDER BY watched desc  [ RunTime:0.0038s ]

[ 2018-01-10T11:33:21+08:00 ] ::1 /api_for_test/Index/getCoursesImg
INFO: [ app_init ] --START--
INFO: Run Behavior\BuildLiteBehavior [ RunTime:0.000008s ]
INFO: [ app_init ] --END-- [ RunTime:0.000242s ]
INFO: [ app_begin ] --START--
INFO: Run Behavior\ReadHtmlCacheBehavior [ RunTime:0.000259s ]
INFO: [ app_begin ] --END-- [ RunTime:0.000276s ]
SQL: SHOW COLUMNS FROM `lf_wkvideocourses` [ RunTime:0.0025s ]
SQL: SELECT `folder` FROM `lf_wkvideocourses` WHERE `first` = 1 ORDER BY watched desc  [ RunTime:0.0007s ]

[ 2018-01-10T11:33:47+08:00 ] ::1 /api_for_test/Index/getCoursesImg
INFO: [ app_init ] --START--
INFO: Run Behavior\BuildLiteBehavior [ RunTime:0.000009s ]
INFO: [ app_init ] --END-- [ RunTime:0.000251s ]
INFO: [ app_begin ] --START--
INFO: Run Behavior\ReadHtmlCacheBehavior [ RunTime:0.000336s ]
INFO: [ app_begin ] --END-- [ RunTime:0.000356s ]
SQL: SHOW COLUMNS FROM `lf_wkvideocourses` [ RunTime:0.0011s ]
SQL: SELECT `folder` FROM `lf_wkvideocourses` WHERE `first` = 1 ORDER BY watched desc  [ RunTime:0.0005s ]

[ 2018-01-10T11:34:05+08:00 ] ::1 /api_for_test/Index/getCoursesImg
INFO: [ app_init ] --START--
INFO: Run Behavior\BuildLiteBehavior [ RunTime:0.000008s ]
INFO: [ app_init ] --END-- [ RunTime:0.000225s ]
INFO: [ app_begin ] --START--
INFO: Run Behavior\ReadHtmlCacheBehavior [ RunTime:0.000369s ]
INFO: [ app_begin ] --END-- [ RunTime:0.000399s ]
SQL: SHOW COLUMNS FROM `lf_wkvideocourses` [ RunTime:0.0011s ]
SQL: SELECT `folder` FROM `lf_wkvideocourses` WHERE `first` = 1 ORDER BY watched desc  [ RunTime:0.0006s ]

[ 2018-01-10T11:34:48+08:00 ] ::1 /api_for_test/Index/getCoursesImg
INFO: [ app_init ] --START--
INFO: Run Behavior\BuildLiteBehavior [ RunTime:0.000008s ]
INFO: [ app_init ] --END-- [ RunTime:0.000229s ]
INFO: [ app_begin ] --START--
INFO: Run Behavior\ReadHtmlCacheBehavior [ RunTime:0.000237s ]
INFO: [ app_begin ] --END-- [ RunTime:0.000254s ]
SQL: SHOW COLUMNS FROM `lf_wkvideocourses` [ RunTime:0.0011s ]
SQL: SELECT `folder` FROM `lf_wkvideocourses` WHERE `first` = 1 ORDER BY watched desc  [ RunTime:0.0005s ]

[ 2018-01-10T11:36:09+08:00 ] ::1 /api_for_test/Index/getCoursesImg
INFO: [ app_init ] --START--
INFO: Run Behavior\BuildLiteBehavior [ RunTime:0.000008s ]
INFO: [ app_init ] --END-- [ RunTime:0.000221s ]
INFO: [ app_begin ] --START--
INFO: Run Behavior\ReadHtmlCacheBehavior [ RunTime:0.000231s ]
INFO: [ app_begin ] --END-- [ RunTime:0.000247s ]
SQL: SHOW COLUMNS FROM `lf_wkvideocourses` [ RunTime:0.0018s ]
SQL: SELECT `folder` FROM `lf_wkvideocourses` WHERE `first` = 1 ORDER BY watched desc  [ RunTime:0.0005s ]

[ 2018-01-10T11:36:37+08:00 ] ::1 /api_for_test/Index/getCoursesImg
INFO: [ app_init ] --START--
INFO: Run Behavior\BuildLiteBehavior [ RunTime:0.000005s ]
INFO: [ app_init ] --END-- [ RunTime:0.000200s ]
INFO: [ app_begin ] --START--
INFO: Run Behavior\ReadHtmlCacheBehavior [ RunTime:0.000482s ]
INFO: [ app_begin ] --END-- [ RunTime:0.000500s ]
SQL: SHOW COLUMNS FROM `lf_wkvideocourses` [ RunTime:0.0019s ]
SQL: SELECT `folder` FROM `lf_wkvideocourses` WHERE `first` = 1 ORDER BY watched desc  [ RunTime:0.0005s ]

[ 2018-01-10T11:37:08+08:00 ] ::1 /api_for_test/Index/getCoursesImg
INFO: [ app_init ] --START--
INFO: Run Behavior\BuildLiteBehavior [ RunTime:0.000008s ]
INFO: [ app_init ] --END-- [ RunTime:0.000315s ]
INFO: [ app_begin ] --START--
INFO: Run Behavior\ReadHtmlCacheBehavior [ RunTime:0.000218s ]
INFO: [ app_begin ] --END-- [ RunTime:0.000233s ]
SQL: SHOW COLUMNS FROM `lf_wkvideocourses` [ RunTime:0.0016s ]
SQL: SELECT `folder` FROM `lf_wkvideocourses` WHERE `first` = 1 ORDER BY watched desc  [ RunTime:0.0008s ]

[ 2018-01-10T11:39:54+08:00 ] ::1 /api_for_test/Index/getCoursesImg
INFO: [ app_init ] --START--
INFO: Run Behavior\BuildLiteBehavior [ RunTime:0.000006s ]
INFO: [ app_init ] --END-- [ RunTime:0.000164s ]
INFO: [ app_begin ] --START--
INFO: Run Behavior\ReadHtmlCacheBehavior [ RunTime:0.000464s ]
INFO: [ app_begin ] --END-- [ RunTime:0.000484s ]
SQL: SHOW COLUMNS FROM `lf_wkvideocourses` [ RunTime:0.0013s ]
SQL: SELECT `folder` FROM `lf_wkvideocourses` WHERE `first` = 1 ORDER BY watched desc  [ RunTime:0.0004s ]

[ 2018-01-10T11:40:30+08:00 ] ::1 /api_for_test/Index/getCoursesImg
INFO: [ app_init ] --START--
INFO: Run Behavior\BuildLiteBehavior [ RunTime:0.000006s ]
INFO: [ app_init ] --END-- [ RunTime:0.000153s ]
INFO: [ app_begin ] --START--
INFO: Run Behavior\ReadHtmlCacheBehavior [ RunTime:0.000196s ]
INFO: [ app_begin ] --END-- [ RunTime:0.000209s ]
SQL: SHOW COLUMNS FROM `lf_wkvideocourses` [ RunTime:0.0018s ]
SQL: SELECT `folder` FROM `lf_wkvideocourses` WHERE `first` = 1 ORDER BY watched desc  [ RunTime:0.0007s ]

[ 2018-01-10T11:43:58+08:00 ] ::1 /api_for_test/Index/getCoursesImg
INFO: [ app_init ] --START--
INFO: Run Behavior\BuildLiteBehavior [ RunTime:0.000007s ]
INFO: [ app_init ] --END-- [ RunTime:0.000287s ]
INFO: [ app_begin ] --START--
INFO: Run Behavior\ReadHtmlCacheBehavior [ RunTime:0.000207s ]
INFO: [ app_begin ] --END-- [ RunTime:0.000222s ]
SQL: SHOW COLUMNS FROM `lf_wkvideocourses` [ RunTime:0.0013s ]
SQL: SELECT `folder` FROM `lf_wkvideocourses` WHERE `first` = 1 ORDER BY watched desc  [ RunTime:0.0004s ]

[ 2018-01-10T11:44:08+08:00 ] ::1 /api_for_test/Index/getCoursesImg
INFO: [ app_init ] --START--
INFO: Run Behavior\BuildLiteBehavior [ RunTime:0.000006s ]
INFO: [ app_init ] --END-- [ RunTime:0.000180s ]
INFO: [ app_begin ] --START--
INFO: Run Behavior\ReadHtmlCacheBehavior [ RunTime:0.000206s ]
INFO: [ app_begin ] --END-- [ RunTime:0.000219s ]
SQL: SHOW COLUMNS FROM `lf_wkvideocourses` [ RunTime:0.0012s ]
SQL: SELECT `folder` FROM `lf_wkvideocourses` WHERE `first` = 1 ORDER BY watched desc  [ RunTime:0.0006s ]

[ 2018-01-10T11:44:27+08:00 ] ::1 /api_for_test/Index/getCoursesImg
INFO: [ app_init ] --START--
INFO: Run Behavior\BuildLiteBehavior [ RunTime:0.000007s ]
INFO: [ app_init ] --END-- [ RunTime:0.000244s ]
INFO: [ app_begin ] --START--
INFO: Run Behavior\ReadHtmlCacheBehavior [ RunTime:0.000221s ]
INFO: [ app_begin ] --END-- [ RunTime:0.000235s ]
SQL: SHOW COLUMNS FROM `lf_wkvideocourses` [ RunTime:0.0031s ]
SQL: SELECT `folder` FROM `lf_wkvideocourses` WHERE `first` = 1 ORDER BY watched desc  [ RunTime:0.0005s ]

[ 2018-01-10T11:45:35+08:00 ] ::1 /api_for_test/Index/getCoursesImg
INFO: [ app_init ] --START--
INFO: Run Behavior\BuildLiteBehavior [ RunTime:0.000006s ]
INFO: [ app_init ] --END-- [ RunTime:0.000170s ]
INFO: [ app_begin ] --START--
INFO: Run Behavior\ReadHtmlCacheBehavior [ RunTime:0.000236s ]
INFO: [ app_begin ] --END-- [ RunTime:0.000274s ]
SQL: SHOW COLUMNS FROM `lf_wkvideocourses` [ RunTime:0.0020s ]
SQL: SELECT `folder` FROM `lf_wkvideocourses` WHERE `first` = 1 ORDER BY watched desc  [ RunTime:0.0008s ]

[ 2018-01-10T11:47:25+08:00 ] ::1 /api_for_test/Index/getCoursesImg
INFO: [ app_init ] --START--
INFO: Run Behavior\BuildLiteBehavior [ RunTime:0.000006s ]
INFO: [ app_init ] --END-- [ RunTime:0.000193s ]
INFO: [ app_begin ] --START--
INFO: Run Behavior\ReadHtmlCacheBehavior [ RunTime:0.000194s ]
INFO: [ app_begin ] --END-- [ RunTime:0.000207s ]
SQL: SHOW COLUMNS FROM `lf_wkvideocourses` [ RunTime:0.0016s ]
SQL: SELECT `folder` FROM `lf_wkvideocourses` WHERE `first` = 1 ORDER BY watched desc  [ RunTime:0.0006s ]

[ 2018-01-10T11:48:38+08:00 ] ::1 /api_for_test/Index/getCoursesImg
INFO: [ app_init ] --START--
INFO: Run Behavior\BuildLiteBehavior [ RunTime:0.000005s ]
INFO: [ app_init ] --END-- [ RunTime:0.000155s ]
INFO: [ app_begin ] --START--
INFO: Run Behavior\ReadHtmlCacheBehavior [ RunTime:0.000262s ]
INFO: [ app_begin ] --END-- [ RunTime:0.000277s ]
SQL: SHOW COLUMNS FROM `lf_wkvideocourses` [ RunTime:0.0020s ]
SQL: SELECT `folder` FROM `lf_wkvideocourses` WHERE `first` = 1 ORDER BY watched desc  [ RunTime:0.0006s ]

[ 2018-01-10T11:50:39+08:00 ] ::1 /api_for_test/Index/getCoursesImg
INFO: [ app_init ] --START--
INFO: Run Behavior\BuildLiteBehavior [ RunTime:0.000021s ]
INFO: [ app_init ] --END-- [ RunTime:0.000258s ]
INFO: [ app_begin ] --START--
INFO: Run Behavior\ReadHtmlCacheBehavior [ RunTime:0.000261s ]
INFO: [ app_begin ] --END-- [ RunTime:0.000275s ]
SQL: SHOW COLUMNS FROM `lf_wkvideocourses` [ RunTime:0.0024s ]
SQL: SELECT `folder` FROM `lf_wkvideocourses` WHERE `first` = 1 ORDER BY watched desc  [ RunTime:0.0005s ]

[ 2018-01-10T11:50:48+08:00 ] ::1 /api_for_test/Index/getCoursesImg
INFO: [ app_init ] --START--
INFO: Run Behavior\BuildLiteBehavior [ RunTime:0.000005s ]
INFO: [ app_init ] --END-- [ RunTime:0.000140s ]
INFO: [ app_begin ] --START--
INFO: Run Behavior\ReadHtmlCacheBehavior [ RunTime:0.000181s ]
INFO: [ app_begin ] --END-- [ RunTime:0.000194s ]
SQL: SHOW COLUMNS FROM `lf_wkvideocourses` [ RunTime:0.0021s ]
SQL: SELECT `folder` FROM `lf_wkvideocourses` WHERE `first` = 1 ORDER BY watched desc  [ RunTime:0.0006s ]

[ 2018-01-10T11:50:50+08:00 ] ::1 /api_for_test/Index/getCoursesImg
INFO: [ app_init ] --START--
INFO: Run Behavior\BuildLiteBehavior [ RunTime:0.000019s ]
INFO: [ app_init ] --END-- [ RunTime:0.000247s ]
INFO: [ app_begin ] --START--
INFO: Run Behavior\ReadHtmlCacheBehavior [ RunTime:0.000313s ]
INFO: [ app_begin ] --END-- [ RunTime:0.000333s ]
SQL: SHOW COLUMNS FROM `lf_wkvideocourses` [ RunTime:0.0010s ]
SQL: SELECT `folder` FROM `lf_wkvideocourses` WHERE `first` = 1 ORDER BY watched desc  [ RunTime:0.0005s ]

[ 2018-01-10T11:50:53+08:00 ] ::1 /api_for_test/Index/getCoursesImg
INFO: [ app_init ] --START--
INFO: Run Behavior\BuildLiteBehavior [ RunTime:0.000006s ]
INFO: [ app_init ] --END-- [ RunTime:0.000213s ]
INFO: [ app_begin ] --START--
INFO: Run Behavior\ReadHtmlCacheBehavior [ RunTime:0.000219s ]
INFO: [ app_begin ] --END-- [ RunTime:0.000232s ]
SQL: SHOW COLUMNS FROM `lf_wkvideocourses` [ RunTime:0.0017s ]
SQL: SELECT `folder` FROM `lf_wkvideocourses` WHERE `first` = 1 ORDER BY watched desc  [ RunTime:0.0004s ]

[ 2018-01-10T11:50:56+08:00 ] ::1 /api_for_test/Index/getCoursesImg
INFO: [ app_init ] --START--
INFO: Run Behavior\BuildLiteBehavior [ RunTime:0.000006s ]
INFO: [ app_init ] --END-- [ RunTime:0.000189s ]
INFO: [ app_begin ] --START--
INFO: Run Behavior\ReadHtmlCacheBehavior [ RunTime:0.000341s ]
INFO: [ app_begin ] --END-- [ RunTime:0.000355s ]
SQL: SHOW COLUMNS FROM `lf_wkvideocourses` [ RunTime:0.0010s ]
SQL: SELECT `folder` FROM `lf_wkvideocourses` WHERE `first` = 1 ORDER BY watched desc  [ RunTime:0.0005s ]

[ 2018-01-10T11:50:58+08:00 ] ::1 /api_for_test/Index/getCoursesImg
INFO: [ app_init ] --START--
INFO: Run Behavior\BuildLiteBehavior [ RunTime:0.000005s ]
INFO: [ app_init ] --END-- [ RunTime:0.000243s ]
INFO: [ app_begin ] --START--
INFO: Run Behavior\ReadHtmlCacheBehavior [ RunTime:0.000204s ]
INFO: [ app_begin ] --END-- [ RunTime:0.000217s ]
SQL: SHOW COLUMNS FROM `lf_wkvideocourses` [ RunTime:0.0009s ]
SQL: SELECT `folder` FROM `lf_wkvideocourses` WHERE `first` = 1 ORDER BY watched desc  [ RunTime:0.0004s ]

[ 2018-01-10T11:51:23+08:00 ] ::1 /api_for_test/Index/getCoursesImg
INFO: [ app_init ] --START--
INFO: Run Behavior\BuildLiteBehavior [ RunTime:0.000005s ]
INFO: [ app_init ] --END-- [ RunTime:0.000150s ]
INFO: [ app_begin ] --START--
INFO: Run Behavior\ReadHtmlCacheBehavior [ RunTime:0.000256s ]
INFO: [ app_begin ] --END-- [ RunTime:0.000270s ]
SQL: SHOW COLUMNS FROM `lf_wkvideocourses` [ RunTime:0.0010s ]
SQL: SELECT `folder` FROM `lf_wkvideocourses` WHERE `first` = 1 ORDER BY watched desc  [ RunTime:0.0004s ]

[ 2018-01-10T11:51:55+08:00 ] ::1 /api_for_test/Index/getCoursesImg
INFO: [ app_init ] --START--
INFO: Run Behavior\BuildLiteBehavior [ RunTime:0.000022s ]
INFO: [ app_init ] --END-- [ RunTime:0.000289s ]
INFO: [ app_begin ] --START--
INFO: Run Behavior\ReadHtmlCacheBehavior [ RunTime:0.000273s ]
INFO: [ app_begin ] --END-- [ RunTime:0.000290s ]
SQL: SHOW COLUMNS FROM `lf_wkvideocourses` [ RunTime:0.0018s ]
SQL: SELECT `folder` FROM `lf_wkvideocourses` WHERE `first` = 1 ORDER BY watched desc  [ RunTime:0.0005s ]

[ 2018-01-10T11:52:05+08:00 ] ::1 /api_for_test/Index/getCoursesImg
INFO: [ app_init ] --START--
INFO: Run Behavior\BuildLiteBehavior [ RunTime:0.000007s ]
INFO: [ app_init ] --END-- [ RunTime:0.000168s ]
INFO: [ app_begin ] --START--
INFO: Run Behavior\ReadHtmlCacheBehavior [ RunTime:0.000244s ]
INFO: [ app_begin ] --END-- [ RunTime:0.000260s ]
SQL: SHOW COLUMNS FROM `lf_wkvideocourses` [ RunTime:0.0022s ]
SQL: SELECT `folder` FROM `lf_wkvideocourses` WHERE `first` = 1 ORDER BY watched desc  [ RunTime:0.0007s ]

[ 2018-01-10T11:53:14+08:00 ] ::1 /api_for_test/Index/getCoursesImg
INFO: [ app_init ] --START--
INFO: Run Behavior\BuildLiteBehavior [ RunTime:0.000007s ]
INFO: [ app_init ] --END-- [ RunTime:0.000211s ]
INFO: [ app_begin ] --START--
INFO: Run Behavior\ReadHtmlCacheBehavior [ RunTime:0.000225s ]
INFO: [ app_begin ] --END-- [ RunTime:0.000241s ]
SQL: SHOW COLUMNS FROM `lf_wkvideocourses` [ RunTime:0.0021s ]
SQL: SELECT `folder` FROM `lf_wkvideocourses` WHERE `first` = 1 ORDER BY watched desc  [ RunTime:0.0005s ]

[ 2018-01-10T11:53:43+08:00 ] ::1 /api_for_test/Index/getCoursesImg
INFO: [ app_init ] --START--
INFO: Run Behavior\BuildLiteBehavior [ RunTime:0.000006s ]
INFO: [ app_init ] --END-- [ RunTime:0.000177s ]
INFO: [ app_begin ] --START--
INFO: Run Behavior\ReadHtmlCacheBehavior [ RunTime:0.000214s ]
INFO: [ app_begin ] --END-- [ RunTime:0.000228s ]
SQL: SHOW COLUMNS FROM `lf_wkvideocourses` [ RunTime:0.0028s ]
SQL: SELECT `folder` FROM `lf_wkvideocourses` WHERE `first` = 1 ORDER BY watched desc  [ RunTime:0.0005s ]

[ 2018-01-10T11:54:36+08:00 ] ::1 /api_for_test/Index/getCoursesImg
INFO: [ app_init ] --START--
INFO: Run Behavior\BuildLiteBehavior [ RunTime:0.000005s ]
INFO: [ app_init ] --END-- [ RunTime:0.000163s ]
INFO: [ app_begin ] --START--
INFO: Run Behavior\ReadHtmlCacheBehavior [ RunTime:0.000300s ]
INFO: [ app_begin ] --END-- [ RunTime:0.000316s ]
SQL: SHOW COLUMNS FROM `lf_wkvideocourses` [ RunTime:0.0010s ]
SQL: SELECT `folder` FROM `lf_wkvideocourses` WHERE `first` = 1 ORDER BY watched desc  [ RunTime:0.0005s ]

[ 2018-01-10T11:54:39+08:00 ] ::1 /api_for_test/Index/getCoursesImg
INFO: [ app_init ] --START--
INFO: Run Behavior\BuildLiteBehavior [ RunTime:0.000007s ]
INFO: [ app_init ] --END-- [ RunTime:0.000249s ]
INFO: [ app_begin ] --START--
INFO: Run Behavior\ReadHtmlCacheBehavior [ RunTime:0.000237s ]
INFO: [ app_begin ] --END-- [ RunTime:0.000251s ]
SQL: SHOW COLUMNS FROM `lf_wkvideocourses` [ RunTime:0.0015s ]
SQL: SELECT `folder` FROM `lf_wkvideocourses` WHERE `first` = 1 ORDER BY watched desc  [ RunTime:0.0004s ]

[ 2018-01-10T11:55:10+08:00 ] ::1 /api_for_test/Index/getCoursesImg
INFO: [ app_init ] --START--
INFO: Run Behavior\BuildLiteBehavior [ RunTime:0.000006s ]
INFO: [ app_init ] --END-- [ RunTime:0.000161s ]
INFO: [ app_begin ] --START--
INFO: Run Behavior\ReadHtmlCacheBehavior [ RunTime:0.000211s ]
INFO: [ app_begin ] --END-- [ RunTime:0.000226s ]
SQL: SHOW COLUMNS FROM `lf_wkvideocourses` [ RunTime:0.0016s ]
SQL: SELECT `folder` FROM `lf_wkvideocourses` WHERE `first` = 1 ORDER BY watched desc  [ RunTime:0.0007s ]

[ 2018-01-10T11:57:16+08:00 ] ::1 /api_for_test/Index/getCoursesImg
INFO: [ app_init ] --START--
INFO: Run Behavior\BuildLiteBehavior [ RunTime:0.000006s ]
INFO: [ app_init ] --END-- [ RunTime:0.000168s ]
INFO: [ app_begin ] --START--
INFO: Run Behavior\ReadHtmlCacheBehavior [ RunTime:0.000209s ]
INFO: [ app_begin ] --END-- [ RunTime:0.000224s ]
SQL: SHOW COLUMNS FROM `lf_wkvideocourses` [ RunTime:0.0024s ]
SQL: SELECT `folder` FROM `lf_wkvideocourses` WHERE `first` = 1 ORDER BY watched desc  [ RunTime:0.0007s ]

[ 2018-01-10T11:58:02+08:00 ] ::1 /api_for_test/Index/getCoursesImg
INFO: [ app_init ] --START--
INFO: Run Behavior\BuildLiteBehavior [ RunTime:0.000006s ]
INFO: [ app_init ] --END-- [ RunTime:0.000164s ]
INFO: [ app_begin ] --START--
INFO: Run Behavior\ReadHtmlCacheBehavior [ RunTime:0.000208s ]
INFO: [ app_begin ] --END-- [ RunTime:0.000221s ]
SQL: SHOW COLUMNS FROM `lf_wkvideocourses` [ RunTime:0.0010s ]
SQL: SELECT `folder` FROM `lf_wkvideocourses` WHERE `first` = 1 ORDER BY watched desc  [ RunTime:0.0022s ]

