[ 2018-11-13T17:03:46+08:00 ] ::1 /api_for_test/Index/getCourses
INFO: [ app_init ] --START--
INFO: Run Behavior\BuildLiteBehavior [ RunTime:0.000009s ]
INFO: [ app_init ] --END-- [ RunTime:0.000883s ]
INFO: [ app_begin ] --START--
INFO: Run Behavior\ReadHtmlCacheBehavior [ RunTime:0.000957s ]
INFO: [ app_begin ] --END-- [ RunTime:0.000981s ]
SQL: SHOW COLUMNS FROM `js_course` [ RunTime:0.0013s ]
SQL: SELECT COUNT(*) AS tp_count FROM `js_course` WHERE `status` = 1 LIMIT 1   [ RunTime:0.0002s ]
SQL: SELECT * FROM `js_course` WHERE `status` = 1 LIMIT 0,6   [ RunTime:0.0001s ]

[ 2018-11-13T17:07:50+08:00 ] ::1 /api_for_test/Index/getCourses
INFO: [ app_init ] --START--
INFO: Run Behavior\BuildLiteBehavior [ RunTime:0.000010s ]
INFO: [ app_init ] --END-- [ RunTime:0.000331s ]
INFO: [ app_begin ] --START--
INFO: Run Behavior\ReadHtmlCacheBehavior [ RunTime:0.000446s ]
INFO: [ app_begin ] --END-- [ RunTime:0.000477s ]
SQL: SHOW COLUMNS FROM `js_course` [ RunTime:0.0015s ]
SQL: SELECT COUNT(*) AS tp_count FROM `js_course` WHERE `status` = 1 LIMIT 1   [ RunTime:0.0002s ]
SQL: SELECT * FROM `js_course` WHERE `status` = 1 LIMIT 0,6   [ RunTime:0.0001s ]

[ 2018-11-13T18:01:35+08:00 ] ::1 /api_for_test/Index/getCourses
INFO: [ app_init ] --START--
INFO: Run Behavior\BuildLiteBehavior [ RunTime:0.000006s ]
INFO: [ app_init ] --END-- [ RunTime:0.000660s ]
INFO: [ app_begin ] --START--
INFO: Run Behavior\ReadHtmlCacheBehavior [ RunTime:0.000500s ]
INFO: [ app_begin ] --END-- [ RunTime:0.000525s ]
SQL: SHOW COLUMNS FROM `js_course` [ RunTime:0.0017s ]
SQL: SELECT COUNT(*) AS tp_count FROM `js_course` WHERE `status` = 1 LIMIT 1   [ RunTime:0.0002s ]
SQL: SELECT * FROM `js_course` WHERE `status` = 1 LIMIT 0,6   [ RunTime:0.0002s ]

[ 2018-11-13T18:01:37+08:00 ] ::1 /api_for_test/Index/getCourses
INFO: [ app_init ] --START--
INFO: Run Behavior\BuildLiteBehavior [ RunTime:0.000006s ]
INFO: [ app_init ] --END-- [ RunTime:0.000164s ]
INFO: [ app_begin ] --START--
INFO: Run Behavior\ReadHtmlCacheBehavior [ RunTime:0.000209s ]
INFO: [ app_begin ] --END-- [ RunTime:0.000222s ]
SQL: SHOW COLUMNS FROM `js_course` [ RunTime:0.0013s ]
SQL: SELECT COUNT(*) AS tp_count FROM `js_course` WHERE `status` = 1 LIMIT 1   [ RunTime:0.0002s ]
SQL: SELECT * FROM `js_course` WHERE `status` = 1 LIMIT 6,6   [ RunTime:0.0001s ]

[ 2018-11-13T18:01:39+08:00 ] ::1 /api_for_test/Index/removeCourse
INFO: [ app_init ] --START--
INFO: Run Behavior\BuildLiteBehavior [ RunTime:0.000007s ]
INFO: [ app_init ] --END-- [ RunTime:0.000179s ]
INFO: [ app_begin ] --START--
INFO: Run Behavior\ReadHtmlCacheBehavior [ RunTime:0.000230s ]
INFO: [ app_begin ] --END-- [ RunTime:0.000245s ]
SQL: SHOW COLUMNS FROM `js_course` [ RunTime:0.0014s ]
SQL: UPDATE `js_course` SET `status`='0' WHERE `id` = 10 [ RunTime:0.0035s ]
SQL: SELECT COUNT(*) AS tp_count FROM `js_course` WHERE `status` = 1 LIMIT 1   [ RunTime:0.0003s ]
SQL: SELECT * FROM `js_course` WHERE `status` = 1 LIMIT 6,6   [ RunTime:0.0002s ]

[ 2018-11-13T18:01:41+08:00 ] ::1 /api_for_test/Index/removeCourse
INFO: [ app_init ] --START--
INFO: Run Behavior\BuildLiteBehavior [ RunTime:0.000006s ]
INFO: [ app_init ] --END-- [ RunTime:0.000208s ]
INFO: [ app_begin ] --START--
INFO: Run Behavior\ReadHtmlCacheBehavior [ RunTime:0.000226s ]
INFO: [ app_begin ] --END-- [ RunTime:0.000241s ]
SQL: SHOW COLUMNS FROM `js_course` [ RunTime:0.0014s ]
SQL: UPDATE `js_course` SET `status`='0' WHERE `id` = 10 [ RunTime:0.0010s ]

[ 2018-11-13T18:01:41+08:00 ] ::1 /api_for_test/Index/removeCourse
INFO: [ app_init ] --START--
INFO: Run Behavior\BuildLiteBehavior [ RunTime:0.000005s ]
INFO: [ app_init ] --END-- [ RunTime:0.000202s ]
INFO: [ app_begin ] --START--
INFO: Run Behavior\ReadHtmlCacheBehavior [ RunTime:0.000230s ]
INFO: [ app_begin ] --END-- [ RunTime:0.000246s ]
SQL: SHOW COLUMNS FROM `js_course` [ RunTime:0.0012s ]
SQL: UPDATE `js_course` SET `status`='0' WHERE `id` = 11 [ RunTime:0.0011s ]
SQL: SELECT COUNT(*) AS tp_count FROM `js_course` WHERE `status` = 1 LIMIT 1   [ RunTime:0.0002s ]
SQL: SELECT * FROM `js_course` WHERE `status` = 1 LIMIT 6,6   [ RunTime:0.0002s ]

[ 2018-11-13T18:02:12+08:00 ] ::1 /api_for_test/Index/getCourses
INFO: [ app_init ] --START--
INFO: Run Behavior\BuildLiteBehavior [ RunTime:0.000006s ]
INFO: [ app_init ] --END-- [ RunTime:0.000182s ]
INFO: [ app_begin ] --START--
INFO: Run Behavior\ReadHtmlCacheBehavior [ RunTime:0.000239s ]
INFO: [ app_begin ] --END-- [ RunTime:0.000255s ]
SQL: SHOW COLUMNS FROM `js_course` [ RunTime:0.0013s ]
SQL: SELECT COUNT(*) AS tp_count FROM `js_course` WHERE `status` = 1 LIMIT 1   [ RunTime:0.0002s ]
SQL: SELECT * FROM `js_course` WHERE `status` = 1 LIMIT 0,6   [ RunTime:0.0001s ]

[ 2018-11-13T18:02:16+08:00 ] ::1 /api_for_test/Index/removeCourse
INFO: [ app_init ] --START--
INFO: Run Behavior\BuildLiteBehavior [ RunTime:0.000005s ]
INFO: [ app_init ] --END-- [ RunTime:0.000163s ]
INFO: [ app_begin ] --START--
INFO: Run Behavior\ReadHtmlCacheBehavior [ RunTime:0.000208s ]
INFO: [ app_begin ] --END-- [ RunTime:0.000222s ]
SQL: SHOW COLUMNS FROM `js_course` [ RunTime:0.0014s ]
SQL: UPDATE `js_course` SET `status`='0' WHERE `id` = 3 [ RunTime:0.0011s ]
SQL: SELECT COUNT(*) AS tp_count FROM `js_course` WHERE `status` = 1 LIMIT 1   [ RunTime:0.0002s ]
SQL: SELECT * FROM `js_course` WHERE `status` = 1 LIMIT 0,6   [ RunTime:0.0002s ]

[ 2018-11-13T18:02:18+08:00 ] ::1 /api_for_test/Index/removeCourse
INFO: [ app_init ] --START--
INFO: Run Behavior\BuildLiteBehavior [ RunTime:0.000006s ]
INFO: [ app_init ] --END-- [ RunTime:0.000168s ]
INFO: [ app_begin ] --START--
INFO: Run Behavior\ReadHtmlCacheBehavior [ RunTime:0.000218s ]
INFO: [ app_begin ] --END-- [ RunTime:0.000233s ]
SQL: SHOW COLUMNS FROM `js_course` [ RunTime:0.0014s ]
SQL: UPDATE `js_course` SET `status`='0' WHERE `id` = 3 [ RunTime:0.0009s ]

[ 2018-11-13T18:02:18+08:00 ] ::1 /api_for_test/Index/removeCourse
INFO: [ app_init ] --START--
INFO: Run Behavior\BuildLiteBehavior [ RunTime:0.000006s ]
INFO: [ app_init ] --END-- [ RunTime:0.000201s ]
INFO: [ app_begin ] --START--
INFO: Run Behavior\ReadHtmlCacheBehavior [ RunTime:0.000245s ]
INFO: [ app_begin ] --END-- [ RunTime:0.000262s ]
SQL: SHOW COLUMNS FROM `js_course` [ RunTime:0.0013s ]
SQL: UPDATE `js_course` SET `status`='0' WHERE `id` = 5 [ RunTime:0.0007s ]
SQL: SELECT COUNT(*) AS tp_count FROM `js_course` WHERE `status` = 1 LIMIT 1   [ RunTime:0.0002s ]
SQL: SELECT * FROM `js_course` WHERE `status` = 1 LIMIT 0,6   [ RunTime:0.0002s ]

[ 2018-11-13T18:15:34+08:00 ] ::1 /api_for_test/Index/getCourses
INFO: [ app_init ] --START--
INFO: Run Behavior\BuildLiteBehavior [ RunTime:0.000009s ]
INFO: [ app_init ] --END-- [ RunTime:0.000662s ]
INFO: [ app_begin ] --START--
INFO: Run Behavior\ReadHtmlCacheBehavior [ RunTime:0.000442s ]
INFO: [ app_begin ] --END-- [ RunTime:0.000465s ]
SQL: SHOW COLUMNS FROM `js_course` [ RunTime:0.0015s ]
SQL: SELECT COUNT(*) AS tp_count FROM `js_course` WHERE `status` = 1 LIMIT 1   [ RunTime:0.0002s ]
SQL: SELECT * FROM `js_course` WHERE `status` = 1 LIMIT 0,6   [ RunTime:0.0002s ]

[ 2018-11-13T18:15:37+08:00 ] ::1 /api_for_test/Index/removeCourse
INFO: [ app_init ] --START--
INFO: Run Behavior\BuildLiteBehavior [ RunTime:0.000005s ]
INFO: [ app_init ] --END-- [ RunTime:0.000165s ]
INFO: [ app_begin ] --START--
INFO: Run Behavior\ReadHtmlCacheBehavior [ RunTime:0.000209s ]
INFO: [ app_begin ] --END-- [ RunTime:0.000222s ]
SQL: SHOW COLUMNS FROM `js_course` [ RunTime:0.0015s ]
SQL: UPDATE `js_course` SET `status`='0' WHERE `id` = 7 [ RunTime:0.0022s ]
SQL: SELECT COUNT(*) AS tp_count FROM `js_course` WHERE `status` = 1 LIMIT 1   [ RunTime:0.0002s ]
SQL: SELECT * FROM `js_course` WHERE `status` = 1 LIMIT 0,6   [ RunTime:0.0002s ]

[ 2018-11-13T18:15:39+08:00 ] ::1 /api_for_test/Index/removeCourse
INFO: [ app_init ] --START--
INFO: Run Behavior\BuildLiteBehavior [ RunTime:0.000006s ]
INFO: [ app_init ] --END-- [ RunTime:0.000172s ]
INFO: [ app_begin ] --START--
INFO: Run Behavior\ReadHtmlCacheBehavior [ RunTime:0.000219s ]
INFO: [ app_begin ] --END-- [ RunTime:0.000233s ]
SQL: SHOW COLUMNS FROM `js_course` [ RunTime:0.0014s ]
SQL: UPDATE `js_course` SET `status`='0' WHERE `id` = 7 [ RunTime:0.0007s ]

[ 2018-11-13T18:15:39+08:00 ] ::1 /api_for_test/Index/removeCourse
INFO: [ app_init ] --START--
INFO: Run Behavior\BuildLiteBehavior [ RunTime:0.000005s ]
INFO: [ app_init ] --END-- [ RunTime:0.000210s ]
INFO: [ app_begin ] --START--
INFO: Run Behavior\ReadHtmlCacheBehavior [ RunTime:0.000247s ]
INFO: [ app_begin ] --END-- [ RunTime:0.000264s ]
SQL: SHOW COLUMNS FROM `js_course` [ RunTime:0.0013s ]
SQL: UPDATE `js_course` SET `status`='0' WHERE `id` = 8 [ RunTime:0.0008s ]
SQL: SELECT COUNT(*) AS tp_count FROM `js_course` WHERE `status` = 1 LIMIT 1   [ RunTime:0.0002s ]
SQL: SELECT * FROM `js_course` WHERE `status` = 1 LIMIT 0,6   [ RunTime:0.0001s ]

[ 2018-11-13T18:15:57+08:00 ] ::1 /api_for_test/Index/getCourses
INFO: [ app_init ] --START--
INFO: Run Behavior\BuildLiteBehavior [ RunTime:0.000006s ]
INFO: [ app_init ] --END-- [ RunTime:0.000232s ]
INFO: [ app_begin ] --START--
INFO: Run Behavior\ReadHtmlCacheBehavior [ RunTime:0.000301s ]
INFO: [ app_begin ] --END-- [ RunTime:0.000321s ]
SQL: SHOW COLUMNS FROM `js_course` [ RunTime:0.0014s ]
SQL: SELECT COUNT(*) AS tp_count FROM `js_course` WHERE `status` = 1 LIMIT 1   [ RunTime:0.0002s ]
SQL: SELECT * FROM `js_course` WHERE `status` = 1 LIMIT 0,6   [ RunTime:0.0002s ]

[ 2018-11-13T18:15:59+08:00 ] ::1 /api_for_test/Index/removeCourse
INFO: [ app_init ] --START--
INFO: Run Behavior\BuildLiteBehavior [ RunTime:0.000006s ]
INFO: [ app_init ] --END-- [ RunTime:0.000177s ]
INFO: [ app_begin ] --START--
INFO: Run Behavior\ReadHtmlCacheBehavior [ RunTime:0.000228s ]
INFO: [ app_begin ] --END-- [ RunTime:0.000242s ]
SQL: SHOW COLUMNS FROM `js_course` [ RunTime:0.0014s ]
SQL: UPDATE `js_course` SET `status`='0' WHERE `id` = 6 [ RunTime:0.0008s ]
SQL: SELECT COUNT(*) AS tp_count FROM `js_course` WHERE `status` = 1 LIMIT 1   [ RunTime:0.0002s ]
SQL: SELECT * FROM `js_course` WHERE `status` = 1 LIMIT 0,6   [ RunTime:0.0002s ]

[ 2018-11-13T18:16:01+08:00 ] ::1 /api_for_test/Index/removeCourse
INFO: [ app_init ] --START--
INFO: Run Behavior\BuildLiteBehavior [ RunTime:0.000006s ]
INFO: [ app_init ] --END-- [ RunTime:0.000169s ]
INFO: [ app_begin ] --START--
INFO: Run Behavior\ReadHtmlCacheBehavior [ RunTime:0.000217s ]
INFO: [ app_begin ] --END-- [ RunTime:0.000230s ]
SQL: SHOW COLUMNS FROM `js_course` [ RunTime:0.0015s ]
SQL: UPDATE `js_course` SET `status`='0' WHERE `id` = 6 [ RunTime:0.0008s ]

[ 2018-11-13T18:16:01+08:00 ] ::1 /api_for_test/Index/removeCourse
INFO: [ app_init ] --START--
INFO: Run Behavior\BuildLiteBehavior [ RunTime:0.000006s ]
INFO: [ app_init ] --END-- [ RunTime:0.000172s ]
INFO: [ app_begin ] --START--
INFO: Run Behavior\ReadHtmlCacheBehavior [ RunTime:0.000226s ]
INFO: [ app_begin ] --END-- [ RunTime:0.000241s ]
SQL: SHOW COLUMNS FROM `js_course` [ RunTime:0.0014s ]
SQL: UPDATE `js_course` SET `status`='0' WHERE `id` = 9 [ RunTime:0.0007s ]
SQL: SELECT COUNT(*) AS tp_count FROM `js_course` WHERE `status` = 1 LIMIT 1   [ RunTime:0.0002s ]
SQL: SELECT * FROM `js_course` WHERE `status` = 1 LIMIT 0,6   [ RunTime:0.0002s ]

[ 2018-11-13T18:16:07+08:00 ] ::1 /api_for_test/Index/getCourses
INFO: [ app_init ] --START--
INFO: Run Behavior\BuildLiteBehavior [ RunTime:0.000006s ]
INFO: [ app_init ] --END-- [ RunTime:0.000197s ]
INFO: [ app_begin ] --START--
INFO: Run Behavior\ReadHtmlCacheBehavior [ RunTime:0.000252s ]
INFO: [ app_begin ] --END-- [ RunTime:0.000268s ]
SQL: SHOW COLUMNS FROM `js_course` [ RunTime:0.0016s ]
SQL: SELECT COUNT(*) AS tp_count FROM `js_course` WHERE `status` = 1 LIMIT 1   [ RunTime:0.0012s ]
SQL: SELECT * FROM `js_course` WHERE `status` = 1 LIMIT 0,6   [ RunTime:0.0009s ]

[ 2018-11-13T18:16:08+08:00 ] ::1 /api_for_test/Index/removeCourse
INFO: [ app_init ] --START--
INFO: Run Behavior\BuildLiteBehavior [ RunTime:0.000005s ]
INFO: [ app_init ] --END-- [ RunTime:0.000168s ]
INFO: [ app_begin ] --START--
INFO: Run Behavior\ReadHtmlCacheBehavior [ RunTime:0.000230s ]
INFO: [ app_begin ] --END-- [ RunTime:0.000247s ]
SQL: SHOW COLUMNS FROM `js_course` [ RunTime:0.0013s ]
SQL: UPDATE `js_course` SET `status`='0' WHERE `id` = 12 [ RunTime:0.0006s ]
SQL: SELECT COUNT(*) AS tp_count FROM `js_course` WHERE `status` = 1 LIMIT 1   [ RunTime:0.0002s ]
SQL: SELECT * FROM `js_course` WHERE `status` = 1 LIMIT 0,6   [ RunTime:0.0002s ]

[ 2018-11-13T18:16:10+08:00 ] ::1 /api_for_test/Index/removeCourse
INFO: [ app_init ] --START--
INFO: Run Behavior\BuildLiteBehavior [ RunTime:0.000006s ]
INFO: [ app_init ] --END-- [ RunTime:0.000169s ]
INFO: [ app_begin ] --START--
INFO: Run Behavior\ReadHtmlCacheBehavior [ RunTime:0.000218s ]
INFO: [ app_begin ] --END-- [ RunTime:0.000232s ]
SQL: SHOW COLUMNS FROM `js_course` [ RunTime:0.0013s ]
SQL: UPDATE `js_course` SET `status`='0' WHERE `id` = 12 [ RunTime:0.0008s ]

[ 2018-11-13T18:16:10+08:00 ] ::1 /api_for_test/Index/removeCourse
INFO: [ app_init ] --START--
INFO: Run Behavior\BuildLiteBehavior [ RunTime:0.000005s ]
INFO: [ app_init ] --END-- [ RunTime:0.000171s ]
INFO: [ app_begin ] --START--
INFO: Run Behavior\ReadHtmlCacheBehavior [ RunTime:0.000226s ]
INFO: [ app_begin ] --END-- [ RunTime:0.000240s ]
SQL: SHOW COLUMNS FROM `js_course` [ RunTime:0.0015s ]
SQL: UPDATE `js_course` SET `status`='0' WHERE `id` = 13 [ RunTime:0.0008s ]
SQL: SELECT COUNT(*) AS tp_count FROM `js_course` WHERE `status` = 1 LIMIT 1   [ RunTime:0.0003s ]
SQL: SELECT * FROM `js_course` WHERE `status` = 1 LIMIT 0,6   [ RunTime:0.0003s ]

[ 2018-11-13T18:16:52+08:00 ] ::1 /api_for_test/Index/removeCourse
INFO: [ app_init ] --START--
INFO: Run Behavior\BuildLiteBehavior [ RunTime:0.000005s ]
INFO: [ app_init ] --END-- [ RunTime:0.000166s ]
INFO: [ app_begin ] --START--
INFO: Run Behavior\ReadHtmlCacheBehavior [ RunTime:0.000216s ]
INFO: [ app_begin ] --END-- [ RunTime:0.000229s ]
SQL: SHOW COLUMNS FROM `js_course` [ RunTime:0.0014s ]
SQL: UPDATE `js_course` SET `status`='0' WHERE `id` = 13 [ RunTime:0.0008s ]

[ 2018-11-13T18:16:52+08:00 ] ::1 /api_for_test/Index/removeCourse
INFO: [ app_init ] --START--
INFO: Run Behavior\BuildLiteBehavior [ RunTime:0.000005s ]
INFO: [ app_init ] --END-- [ RunTime:0.000167s ]
INFO: [ app_begin ] --START--
INFO: Run Behavior\ReadHtmlCacheBehavior [ RunTime:0.000213s ]
INFO: [ app_begin ] --END-- [ RunTime:0.000226s ]
SQL: SHOW COLUMNS FROM `js_course` [ RunTime:0.0014s ]
SQL: UPDATE `js_course` SET `status`='0' WHERE `id` = 12 [ RunTime:0.0009s ]

[ 2018-11-13T18:16:52+08:00 ] ::1 /api_for_test/Index/removeCourse
INFO: [ app_init ] --START--
INFO: Run Behavior\BuildLiteBehavior [ RunTime:0.000005s ]
INFO: [ app_init ] --END-- [ RunTime:0.000165s ]
INFO: [ app_begin ] --START--
INFO: Run Behavior\ReadHtmlCacheBehavior [ RunTime:0.000215s ]
INFO: [ app_begin ] --END-- [ RunTime:0.000229s ]
SQL: SHOW COLUMNS FROM `js_course` [ RunTime:0.0014s ]
SQL: UPDATE `js_course` SET `status`='0' WHERE `id` = 15 [ RunTime:0.0008s ]
SQL: SELECT COUNT(*) AS tp_count FROM `js_course` WHERE `status` = 1 LIMIT 1   [ RunTime:0.0002s ]
SQL: SELECT * FROM `js_course` WHERE `status` = 1 LIMIT 0,6   [ RunTime:0.0002s ]

[ 2018-11-13T18:17:15+08:00 ] ::1 /api_for_test/Index/getCourses
INFO: [ app_init ] --START--
INFO: Run Behavior\BuildLiteBehavior [ RunTime:0.000013s ]
INFO: [ app_init ] --END-- [ RunTime:0.000267s ]
INFO: [ app_begin ] --START--
INFO: Run Behavior\ReadHtmlCacheBehavior [ RunTime:0.000253s ]
INFO: [ app_begin ] --END-- [ RunTime:0.000269s ]
SQL: SHOW COLUMNS FROM `js_course` [ RunTime:0.0013s ]
SQL: SELECT COUNT(*) AS tp_count FROM `js_course` WHERE `status` = 1 LIMIT 1   [ RunTime:0.0002s ]
SQL: SELECT * FROM `js_course` WHERE `status` = 1 LIMIT 0,6   [ RunTime:0.0002s ]

[ 2018-11-13T18:17:17+08:00 ] ::1 /api_for_test/Index/removeCourse
INFO: [ app_init ] --START--
INFO: Run Behavior\BuildLiteBehavior [ RunTime:0.000005s ]
INFO: [ app_init ] --END-- [ RunTime:0.000180s ]
INFO: [ app_begin ] --START--
INFO: Run Behavior\ReadHtmlCacheBehavior [ RunTime:0.000210s ]
INFO: [ app_begin ] --END-- [ RunTime:0.000225s ]
SQL: SHOW COLUMNS FROM `js_course` [ RunTime:0.0014s ]
SQL: UPDATE `js_course` SET `status`='0' WHERE `id` = 14 [ RunTime:0.0008s ]
SQL: SELECT COUNT(*) AS tp_count FROM `js_course` WHERE `status` = 1 LIMIT 1   [ RunTime:0.0002s ]
SQL: SELECT * FROM `js_course` WHERE `status` = 1 LIMIT 0,6   [ RunTime:0.0001s ]

[ 2018-11-13T18:17:19+08:00 ] ::1 /api_for_test/Index/removeCourse
INFO: [ app_init ] --START--
INFO: Run Behavior\BuildLiteBehavior [ RunTime:0.000006s ]
INFO: [ app_init ] --END-- [ RunTime:0.000167s ]
INFO: [ app_begin ] --START--
INFO: Run Behavior\ReadHtmlCacheBehavior [ RunTime:0.000215s ]
INFO: [ app_begin ] --END-- [ RunTime:0.000230s ]
SQL: SHOW COLUMNS FROM `js_course` [ RunTime:0.0014s ]
SQL: UPDATE `js_course` SET `status`='0' WHERE `id` = 14 [ RunTime:0.0009s ]

[ 2018-11-13T18:17:19+08:00 ] ::1 /api_for_test/Index/removeCourse
INFO: [ app_init ] --START--
INFO: Run Behavior\BuildLiteBehavior [ RunTime:0.000005s ]
INFO: [ app_init ] --END-- [ RunTime:0.000162s ]
INFO: [ app_begin ] --START--
INFO: Run Behavior\ReadHtmlCacheBehavior [ RunTime:0.000217s ]
INFO: [ app_begin ] --END-- [ RunTime:0.000231s ]
SQL: SHOW COLUMNS FROM `js_course` [ RunTime:0.0014s ]
SQL: UPDATE `js_course` SET `status`='0' WHERE `id` = 16 [ RunTime:0.0010s ]
SQL: SELECT COUNT(*) AS tp_count FROM `js_course` WHERE `status` = 1 LIMIT 1   [ RunTime:0.0002s ]
SQL: SELECT * FROM `js_course` WHERE `status` = 1 LIMIT 0,6   [ RunTime:0.0001s ]

[ 2018-11-13T18:17:20+08:00 ] ::1 /api_for_test/Index/removeCourse
INFO: [ app_init ] --START--
INFO: Run Behavior\BuildLiteBehavior [ RunTime:0.000005s ]
INFO: [ app_init ] --END-- [ RunTime:0.000162s ]
INFO: [ app_begin ] --START--
INFO: Run Behavior\ReadHtmlCacheBehavior [ RunTime:0.000204s ]
INFO: [ app_begin ] --END-- [ RunTime:0.000217s ]
SQL: SHOW COLUMNS FROM `js_course` [ RunTime:0.0013s ]
SQL: UPDATE `js_course` SET `status`='0' WHERE `id` = 16 [ RunTime:0.0007s ]

[ 2018-11-13T18:17:20+08:00 ] ::1 /api_for_test/Index/removeCourse
INFO: [ app_init ] --START--
INFO: Run Behavior\BuildLiteBehavior [ RunTime:0.000005s ]
INFO: [ app_init ] --END-- [ RunTime:0.000185s ]
INFO: [ app_begin ] --START--
INFO: Run Behavior\ReadHtmlCacheBehavior [ RunTime:0.000212s ]
INFO: [ app_begin ] --END-- [ RunTime:0.000225s ]
SQL: SHOW COLUMNS FROM `js_course` [ RunTime:0.0014s ]
SQL: UPDATE `js_course` SET `status`='0' WHERE `id` = 14 [ RunTime:0.0009s ]

[ 2018-11-13T18:17:20+08:00 ] ::1 /api_for_test/Index/removeCourse
INFO: [ app_init ] --START--
INFO: Run Behavior\BuildLiteBehavior [ RunTime:0.000006s ]
INFO: [ app_init ] --END-- [ RunTime:0.000219s ]
INFO: [ app_begin ] --START--
INFO: Run Behavior\ReadHtmlCacheBehavior [ RunTime:0.000296s ]
INFO: [ app_begin ] --END-- [ RunTime:0.000312s ]
SQL: SHOW COLUMNS FROM `js_course` [ RunTime:0.0015s ]
SQL: UPDATE `js_course` SET `status`='0' WHERE `id` = 17 [ RunTime:0.0019s ]
SQL: SELECT COUNT(*) AS tp_count FROM `js_course` WHERE `status` = 1 LIMIT 1   [ RunTime:0.0002s ]
SQL: SELECT * FROM `js_course` WHERE `status` = 1 LIMIT 0,6   [ RunTime:0.0002s ]

[ 2018-11-13T18:17:22+08:00 ] ::1 /api_for_test/Index/removeCourse
INFO: [ app_init ] --START--
INFO: Run Behavior\BuildLiteBehavior [ RunTime:0.000005s ]
INFO: [ app_init ] --END-- [ RunTime:0.000164s ]
INFO: [ app_begin ] --START--
INFO: Run Behavior\ReadHtmlCacheBehavior [ RunTime:0.000215s ]
INFO: [ app_begin ] --END-- [ RunTime:0.000229s ]
SQL: SHOW COLUMNS FROM `js_course` [ RunTime:0.0013s ]
SQL: UPDATE `js_course` SET `status`='0' WHERE `id` = 14 [ RunTime:0.0012s ]

[ 2018-11-13T18:17:22+08:00 ] ::1 /api_for_test/Index/removeCourse
INFO: [ app_init ] --START--
INFO: Run Behavior\BuildLiteBehavior [ RunTime:0.000005s ]
INFO: [ app_init ] --END-- [ RunTime:0.000161s ]
INFO: [ app_begin ] --START--
INFO: Run Behavior\ReadHtmlCacheBehavior [ RunTime:0.000213s ]
INFO: [ app_begin ] --END-- [ RunTime:0.000226s ]
SQL: SHOW COLUMNS FROM `js_course` [ RunTime:0.0014s ]
SQL: UPDATE `js_course` SET `status`='0' WHERE `id` = 16 [ RunTime:0.0008s ]

[ 2018-11-13T18:17:22+08:00 ] ::1 /api_for_test/Index/removeCourse
INFO: [ app_init ] --START--
INFO: Run Behavior\BuildLiteBehavior [ RunTime:0.000005s ]
INFO: [ app_init ] --END-- [ RunTime:0.000161s ]
INFO: [ app_begin ] --START--
INFO: Run Behavior\ReadHtmlCacheBehavior [ RunTime:0.000405s ]
INFO: [ app_begin ] --END-- [ RunTime:0.000421s ]
SQL: SHOW COLUMNS FROM `js_course` [ RunTime:0.0013s ]
SQL: UPDATE `js_course` SET `status`='0' WHERE `id` = 4 [ RunTime:0.0008s ]
SQL: SELECT COUNT(*) AS tp_count FROM `js_course` WHERE `status` = 1 LIMIT 1   [ RunTime:0.0002s ]
SQL: SELECT * FROM `js_course` WHERE `status` = 1 LIMIT 0,6   [ RunTime:0.0001s ]

[ 2018-11-13T18:17:22+08:00 ] ::1 /api_for_test/Index/removeCourse
INFO: [ app_init ] --START--
INFO: Run Behavior\BuildLiteBehavior [ RunTime:0.000005s ]
INFO: [ app_init ] --END-- [ RunTime:0.000165s ]
INFO: [ app_begin ] --START--
INFO: Run Behavior\ReadHtmlCacheBehavior [ RunTime:0.000214s ]
INFO: [ app_begin ] --END-- [ RunTime:0.000228s ]
SQL: SHOW COLUMNS FROM `js_course` [ RunTime:0.0013s ]
SQL: UPDATE `js_course` SET `status`='0' WHERE `id` = 17 [ RunTime:0.0007s ]

[ 2018-11-13T18:17:24+08:00 ] ::1 /api_for_test/Index/removeCourse
INFO: [ app_init ] --START--
INFO: Run Behavior\BuildLiteBehavior [ RunTime:0.000005s ]
INFO: [ app_init ] --END-- [ RunTime:0.000166s ]
INFO: [ app_begin ] --START--
INFO: Run Behavior\ReadHtmlCacheBehavior [ RunTime:0.000206s ]
INFO: [ app_begin ] --END-- [ RunTime:0.000220s ]
SQL: SHOW COLUMNS FROM `js_course` [ RunTime:0.0012s ]
SQL: UPDATE `js_course` SET `status`='0' WHERE `id` = 14 [ RunTime:0.0007s ]

[ 2018-11-13T18:17:24+08:00 ] ::1 /api_for_test/Index/removeCourse
INFO: [ app_init ] --START--
INFO: Run Behavior\BuildLiteBehavior [ RunTime:0.000004s ]
INFO: [ app_init ] --END-- [ RunTime:0.000159s ]
INFO: [ app_begin ] --START--
INFO: Run Behavior\ReadHtmlCacheBehavior [ RunTime:0.000208s ]
INFO: [ app_begin ] --END-- [ RunTime:0.000221s ]
SQL: SHOW COLUMNS FROM `js_course` [ RunTime:0.0015s ]
SQL: UPDATE `js_course` SET `status`='0' WHERE `id` = 16 [ RunTime:0.0009s ]

[ 2018-11-13T18:17:24+08:00 ] ::1 /api_for_test/Index/removeCourse
INFO: [ app_init ] --START--
INFO: Run Behavior\BuildLiteBehavior [ RunTime:0.000005s ]
INFO: [ app_init ] --END-- [ RunTime:0.000158s ]
INFO: [ app_begin ] --START--
INFO: Run Behavior\ReadHtmlCacheBehavior [ RunTime:0.000208s ]
INFO: [ app_begin ] --END-- [ RunTime:0.000221s ]
SQL: SHOW COLUMNS FROM `js_course` [ RunTime:0.0014s ]
SQL: UPDATE `js_course` SET `status`='0' WHERE `id` = 17 [ RunTime:0.0009s ]

[ 2018-11-13T18:17:24+08:00 ] ::1 /api_for_test/Index/removeCourse
INFO: [ app_init ] --START--
INFO: Run Behavior\BuildLiteBehavior [ RunTime:0.000004s ]
INFO: [ app_init ] --END-- [ RunTime:0.000156s ]
INFO: [ app_begin ] --START--
INFO: Run Behavior\ReadHtmlCacheBehavior [ RunTime:0.000209s ]
INFO: [ app_begin ] --END-- [ RunTime:0.000222s ]
SQL: SHOW COLUMNS FROM `js_course` [ RunTime:0.0014s ]
SQL: UPDATE `js_course` SET `status`='0' WHERE `id` = 4 [ RunTime:0.0008s ]

[ 2018-11-13T18:17:24+08:00 ] ::1 /api_for_test/Index/removeCourse
INFO: [ app_init ] --START--
INFO: Run Behavior\BuildLiteBehavior [ RunTime:0.000005s ]
INFO: [ app_init ] --END-- [ RunTime:0.000166s ]
INFO: [ app_begin ] --START--
INFO: Run Behavior\ReadHtmlCacheBehavior [ RunTime:0.000223s ]
INFO: [ app_begin ] --END-- [ RunTime:0.000237s ]
SQL: SHOW COLUMNS FROM `js_course` [ RunTime:0.0013s ]
SQL: UPDATE `js_course` SET `status`='0' WHERE `id` = 18 [ RunTime:0.0008s ]
SQL: SELECT COUNT(*) AS tp_count FROM `js_course` WHERE `status` = 1 LIMIT 1   [ RunTime:0.0002s ]
SQL: SELECT * FROM `js_course` WHERE `status` = 1 LIMIT 0,6   [ RunTime:0.0002s ]

[ 2018-11-13T18:18:18+08:00 ] ::1 /api_for_test/Index/getCourses
INFO: [ app_init ] --START--
INFO: Run Behavior\BuildLiteBehavior [ RunTime:0.000006s ]
INFO: [ app_init ] --END-- [ RunTime:0.000175s ]
INFO: [ app_begin ] --START--
INFO: Run Behavior\ReadHtmlCacheBehavior [ RunTime:0.000233s ]
INFO: [ app_begin ] --END-- [ RunTime:0.000248s ]
SQL: SHOW COLUMNS FROM `js_course` [ RunTime:0.0021s ]
SQL: SELECT COUNT(*) AS tp_count FROM `js_course` WHERE `status` = 1 LIMIT 1   [ RunTime:0.0003s ]
SQL: SELECT * FROM `js_course` WHERE `status` = 1 LIMIT 0,6   [ RunTime:0.0002s ]

[ 2018-11-13T18:20:08+08:00 ] ::1 /api_for_test/Index/getCourses
INFO: [ app_init ] --START--
INFO: Run Behavior\BuildLiteBehavior [ RunTime:0.000007s ]
INFO: [ app_init ] --END-- [ RunTime:0.000188s ]
INFO: [ app_begin ] --START--
INFO: Run Behavior\ReadHtmlCacheBehavior [ RunTime:0.000251s ]
INFO: [ app_begin ] --END-- [ RunTime:0.000268s ]
SQL: SHOW COLUMNS FROM `js_course` [ RunTime:0.0014s ]
SQL: SELECT COUNT(*) AS tp_count FROM `js_course` WHERE `status` = 1 LIMIT 1   [ RunTime:0.0003s ]
SQL: SELECT * FROM `js_course` WHERE `status` = 1 LIMIT 0,6   [ RunTime:0.0002s ]

[ 2018-11-13T18:21:59+08:00 ] ::1 /api_for_test/Index/changeCourseName
INFO: [ app_init ] --START--
INFO: Run Behavior\BuildLiteBehavior [ RunTime:0.000006s ]
INFO: [ app_init ] --END-- [ RunTime:0.000166s ]
INFO: [ app_begin ] --START--
INFO: Run Behavior\ReadHtmlCacheBehavior [ RunTime:0.000269s ]
INFO: [ app_begin ] --END-- [ RunTime:0.000314s ]
SQL: SHOW COLUMNS FROM `js_course` [ RunTime:0.0015s ]
SQL: UPDATE `js_course` SET `course`='JS++深度JavaScript基础系列课程1' WHERE `id` = 5 [ RunTime:0.0023s ]
SQL: SELECT `course` FROM `js_course` WHERE `id` = 5 LIMIT 1   [ RunTime:0.0002s ]

[ 2018-11-13T18:22:03+08:00 ] ::1 /api_for_test/Index/changeCourseName
INFO: [ app_init ] --START--
INFO: Run Behavior\BuildLiteBehavior [ RunTime:0.000006s ]
INFO: [ app_init ] --END-- [ RunTime:0.000172s ]
INFO: [ app_begin ] --START--
INFO: Run Behavior\ReadHtmlCacheBehavior [ RunTime:0.000219s ]
INFO: [ app_begin ] --END-- [ RunTime:0.000233s ]
SQL: SHOW COLUMNS FROM `js_course` [ RunTime:0.0014s ]
SQL: UPDATE `js_course` SET `course`='JS++深度DOM理论+实战系列课程1' WHERE `id` = 6 [ RunTime:0.0007s ]
SQL: SELECT `course` FROM `js_course` WHERE `id` = 6 LIMIT 1   [ RunTime:0.0002s ]

[ 2018-11-13T18:22:33+08:00 ] ::1 /api_for_test/Index/getCourses
INFO: [ app_init ] --START--
INFO: Run Behavior\BuildLiteBehavior [ RunTime:0.000005s ]
INFO: [ app_init ] --END-- [ RunTime:0.000168s ]
INFO: [ app_begin ] --START--
INFO: Run Behavior\ReadHtmlCacheBehavior [ RunTime:0.000256s ]
INFO: [ app_begin ] --END-- [ RunTime:0.000270s ]
SQL: SHOW COLUMNS FROM `js_course` [ RunTime:0.0014s ]
SQL: SELECT COUNT(*) AS tp_count FROM `js_course` WHERE `status` = 1 LIMIT 1   [ RunTime:0.0002s ]
SQL: SELECT * FROM `js_course` WHERE `status` = 1 LIMIT 6,6   [ RunTime:0.0002s ]

[ 2018-11-13T18:22:34+08:00 ] ::1 /api_for_test/Index/getCourses
INFO: [ app_init ] --START--
INFO: Run Behavior\BuildLiteBehavior [ RunTime:0.000006s ]
INFO: [ app_init ] --END-- [ RunTime:0.000191s ]
INFO: [ app_begin ] --START--
INFO: Run Behavior\ReadHtmlCacheBehavior [ RunTime:0.000212s ]
INFO: [ app_begin ] --END-- [ RunTime:0.000226s ]
SQL: SHOW COLUMNS FROM `js_course` [ RunTime:0.0014s ]
SQL: SELECT COUNT(*) AS tp_count FROM `js_course` WHERE `status` = 1 LIMIT 1   [ RunTime:0.0002s ]
SQL: SELECT * FROM `js_course` WHERE `status` = 1 LIMIT 12,6   [ RunTime:0.0001s ]

[ 2018-11-13T18:22:35+08:00 ] ::1 /api_for_test/Index/getCourses
INFO: [ app_init ] --START--
INFO: Run Behavior\BuildLiteBehavior [ RunTime:0.000006s ]
INFO: [ app_init ] --END-- [ RunTime:0.000170s ]
INFO: [ app_begin ] --START--
INFO: Run Behavior\ReadHtmlCacheBehavior [ RunTime:0.000217s ]
INFO: [ app_begin ] --END-- [ RunTime:0.000232s ]
SQL: SHOW COLUMNS FROM `js_course` [ RunTime:0.0013s ]
SQL: SELECT COUNT(*) AS tp_count FROM `js_course` WHERE `status` = 1 LIMIT 1   [ RunTime:0.0002s ]
SQL: SELECT * FROM `js_course` WHERE `status` = 1 LIMIT 18,6   [ RunTime:0.0001s ]

[ 2018-11-13T18:24:11+08:00 ] ::1 /api_for_test/Index/getCourses
INFO: [ app_init ] --START--
INFO: Run Behavior\BuildLiteBehavior [ RunTime:0.000006s ]
INFO: [ app_init ] --END-- [ RunTime:0.000180s ]
INFO: [ app_begin ] --START--
INFO: Run Behavior\ReadHtmlCacheBehavior [ RunTime:0.000231s ]
INFO: [ app_begin ] --END-- [ RunTime:0.000246s ]
SQL: SHOW COLUMNS FROM `js_course` [ RunTime:0.0015s ]
SQL: SELECT COUNT(*) AS tp_count FROM `js_course` WHERE `status` = 1 LIMIT 1   [ RunTime:0.0002s ]
SQL: SELECT * FROM `js_course` WHERE `status` = 1 LIMIT 0,6   [ RunTime:0.0002s ]

[ 2018-11-13T18:24:14+08:00 ] ::1 /api_for_test/Index/removeCourse
INFO: [ app_init ] --START--
INFO: Run Behavior\BuildLiteBehavior [ RunTime:0.000005s ]
INFO: [ app_init ] --END-- [ RunTime:0.000174s ]
INFO: [ app_begin ] --START--
INFO: Run Behavior\ReadHtmlCacheBehavior [ RunTime:0.000225s ]
INFO: [ app_begin ] --END-- [ RunTime:0.000241s ]
SQL: SHOW COLUMNS FROM `js_course` [ RunTime:0.0014s ]
SQL: UPDATE `js_course` SET `status`='0' WHERE `id` = 5 [ RunTime:0.0008s ]
SQL: SELECT COUNT(*) AS tp_count FROM `js_course` WHERE `status` = 1 LIMIT 1   [ RunTime:0.0002s ]
SQL: SELECT * FROM `js_course` WHERE `status` = 1 LIMIT 0,6   [ RunTime:0.0002s ]

[ 2018-11-13T18:24:21+08:00 ] ::1 /api_for_test/Index/getCourses
INFO: [ app_init ] --START--
INFO: Run Behavior\BuildLiteBehavior [ RunTime:0.000006s ]
INFO: [ app_init ] --END-- [ RunTime:0.000180s ]
INFO: [ app_begin ] --START--
INFO: Run Behavior\ReadHtmlCacheBehavior [ RunTime:0.000257s ]
INFO: [ app_begin ] --END-- [ RunTime:0.000276s ]
SQL: SHOW COLUMNS FROM `js_course` [ RunTime:0.0015s ]
SQL: SELECT COUNT(*) AS tp_count FROM `js_course` WHERE `status` = 1 LIMIT 1   [ RunTime:0.0002s ]
SQL: SELECT * FROM `js_course` WHERE `status` = 1 LIMIT 0,6   [ RunTime:0.0002s ]

[ 2018-11-13T18:24:23+08:00 ] ::1 /api_for_test/Index/removeCourse
INFO: [ app_init ] --START--
INFO: Run Behavior\BuildLiteBehavior [ RunTime:0.000005s ]
INFO: [ app_init ] --END-- [ RunTime:0.000163s ]
INFO: [ app_begin ] --START--
INFO: Run Behavior\ReadHtmlCacheBehavior [ RunTime:0.000244s ]
INFO: [ app_begin ] --END-- [ RunTime:0.000260s ]
SQL: SHOW COLUMNS FROM `js_course` [ RunTime:0.0015s ]
SQL: UPDATE `js_course` SET `status`='0' WHERE `id` = 4 [ RunTime:0.0008s ]
SQL: SELECT COUNT(*) AS tp_count FROM `js_course` WHERE `status` = 1 LIMIT 1   [ RunTime:0.0002s ]
SQL: SELECT * FROM `js_course` WHERE `status` = 1 LIMIT 0,6   [ RunTime:0.0002s ]

