[ 2018-12-21T16:39:38+08:00 ] ::1 /api_for_test/Index/getCourse
INFO: [ app_init ] --START--
INFO: Run Behavior\BuildLiteBehavior [ RunTime:0.000015s ]
INFO: [ app_init ] --END-- [ RunTime:0.001001s ]
INFO: [ app_begin ] --START--
INFO: Run Behavior\ReadHtmlCacheBehavior [ RunTime:0.000950s ]
INFO: [ app_begin ] --END-- [ RunTime:0.000977s ]
SQL: SHOW COLUMNS FROM `js_courses` [ RunTime:0.0022s ]
ERR: Think\Model:getCourse方法不存在！

[ 2018-12-21T16:40:11+08:00 ] ::1 /api_for_test/Index/getCourse
INFO: [ app_init ] --START--
INFO: Run Behavior\BuildLiteBehavior [ RunTime:0.000008s ]
INFO: [ app_init ] --END-- [ RunTime:0.000408s ]
INFO: [ app_begin ] --START--
INFO: Run Behavior\ReadHtmlCacheBehavior [ RunTime:0.000425s ]
INFO: [ app_begin ] --END-- [ RunTime:0.000444s ]
SQL: SHOW COLUMNS FROM `js_courses` [ RunTime:0.0017s ]
SQL: SELECT * FROM `js_courses` WHERE `status` = 1 ORDER BY id  [ RunTime:0.0003s ]

[ 2018-12-21T16:40:45+08:00 ] ::1 /api_for_test/Index/getCourse
INFO: [ app_init ] --START--
INFO: Run Behavior\BuildLiteBehavior [ RunTime:0.000006s ]
INFO: [ app_init ] --END-- [ RunTime:0.000206s ]
INFO: [ app_begin ] --START--
INFO: Run Behavior\ReadHtmlCacheBehavior [ RunTime:0.000257s ]
INFO: [ app_begin ] --END-- [ RunTime:0.000275s ]
SQL: SHOW COLUMNS FROM `js_courses` [ RunTime:0.0014s ]
SQL: SELECT * FROM `js_courses` WHERE `status` = 1 ORDER BY id  [ RunTime:0.0003s ]

[ 2018-12-21T16:40:55+08:00 ] ::1 /api_for_test/Index/getCourse
INFO: [ app_init ] --START--
INFO: Run Behavior\BuildLiteBehavior [ RunTime:0.000007s ]
INFO: [ app_init ] --END-- [ RunTime:0.000245s ]
INFO: [ app_begin ] --START--
INFO: Run Behavior\ReadHtmlCacheBehavior [ RunTime:0.000509s ]
INFO: [ app_begin ] --END-- [ RunTime:0.000974s ]
SQL: SHOW COLUMNS FROM `js_courses` [ RunTime:0.0018s ]
SQL: SELECT * FROM `js_courses` WHERE `status` = 1 ORDER BY id  [ RunTime:0.0005s ]

[ 2018-12-21T16:47:27+08:00 ] ::1 /api_for_test/Index/getCourse
INFO: [ app_init ] --START--
INFO: Run Behavior\BuildLiteBehavior [ RunTime:0.000008s ]
INFO: [ app_init ] --END-- [ RunTime:0.000301s ]
INFO: [ app_begin ] --START--
INFO: Run Behavior\ReadHtmlCacheBehavior [ RunTime:0.000263s ]
INFO: [ app_begin ] --END-- [ RunTime:0.000285s ]
SQL: SHOW COLUMNS FROM `js_courses` [ RunTime:0.0017s ]
SQL: SELECT * FROM `js_courses` WHERE `status` = 1 ORDER BY id  [ RunTime:0.0003s ]

[ 2018-12-21T16:49:49+08:00 ] ::1 /api_for_test/Index/getCourse
INFO: [ app_init ] --START--
INFO: Run Behavior\BuildLiteBehavior [ RunTime:0.000007s ]
INFO: [ app_init ] --END-- [ RunTime:0.000181s ]
INFO: [ app_begin ] --START--
INFO: Run Behavior\ReadHtmlCacheBehavior [ RunTime:0.000246s ]
INFO: [ app_begin ] --END-- [ RunTime:0.000291s ]
SQL: SHOW COLUMNS FROM `js_courses` [ RunTime:0.0015s ]
SQL: SELECT * FROM `js_courses` WHERE `status` = 1 ORDER BY id  [ RunTime:0.0002s ]

[ 2018-12-21T16:52:57+08:00 ] ::1 /api_for_test/Index/getCourse
INFO: [ app_init ] --START--
INFO: Run Behavior\BuildLiteBehavior [ RunTime:0.000008s ]
INFO: [ app_init ] --END-- [ RunTime:0.000325s ]
INFO: [ app_begin ] --START--
INFO: Run Behavior\ReadHtmlCacheBehavior [ RunTime:0.000435s ]
INFO: [ app_begin ] --END-- [ RunTime:0.000456s ]
SQL: SHOW COLUMNS FROM `js_courses` [ RunTime:0.0016s ]
SQL: SELECT * FROM `js_courses` WHERE `status` = 1 ORDER BY id  [ RunTime:0.0003s ]

[ 2018-12-21T16:53:03+08:00 ] ::1 /api_for_test/Index/getCourse
INFO: [ app_init ] --START--
INFO: Run Behavior\BuildLiteBehavior [ RunTime:0.000007s ]
INFO: [ app_init ] --END-- [ RunTime:0.000250s ]
INFO: [ app_begin ] --START--
INFO: Run Behavior\ReadHtmlCacheBehavior [ RunTime:0.000265s ]
INFO: [ app_begin ] --END-- [ RunTime:0.000286s ]
SQL: SHOW COLUMNS FROM `js_courses` [ RunTime:0.0035s ]
SQL: SELECT * FROM `js_courses` WHERE `status` = 1 ORDER BY id  [ RunTime:0.0005s ]

[ 2018-12-21T16:57:56+08:00 ] ::1 /api_for_test/Index/getCourse
INFO: [ app_init ] --START--
INFO: Run Behavior\BuildLiteBehavior [ RunTime:0.000008s ]
INFO: [ app_init ] --END-- [ RunTime:0.000298s ]
INFO: [ app_begin ] --START--
INFO: Run Behavior\ReadHtmlCacheBehavior [ RunTime:0.000444s ]
INFO: [ app_begin ] --END-- [ RunTime:0.000473s ]
SQL: SHOW COLUMNS FROM `js_courses` [ RunTime:0.0016s ]
NOTIC: [2] Declaration of Home\Model\FieldsModel::getField() should be compatible with Think\Model::getField($field, $sepa = NULL) /Applications/XAMPP/xamppfiles/htdocs/api_for_test/Home/Model/FieldsModel.class.php 第 10 行.
SQL: SHOW COLUMNS FROM `js_fields` [ RunTime:0.0014s ]
SQL: SELECT * FROM `js_courses` WHERE `status` = 1 ORDER BY id  [ RunTime:0.0003s ]
SQL: SELECT * FROM `js_fields` ORDER BY id  [ RunTime:0.0002s ]
NOTIC: [8] Use of undefined constant course_data - assumed 'course_data' /Applications/XAMPP/xamppfiles/htdocs/api_for_test/Home/Controller/IndexController.class.php 第 62 行.
NOTIC: [8] Use of undefined constant course_field - assumed 'course_field' /Applications/XAMPP/xamppfiles/htdocs/api_for_test/Home/Controller/IndexController.class.php 第 63 行.

[ 2018-12-21T16:58:03+08:00 ] ::1 /api_for_test/Index/getCourse
INFO: [ app_init ] --START--
INFO: Run Behavior\BuildLiteBehavior [ RunTime:0.000006s ]
INFO: [ app_init ] --END-- [ RunTime:0.000177s ]
INFO: [ app_begin ] --START--
INFO: Run Behavior\ReadHtmlCacheBehavior [ RunTime:0.000247s ]
INFO: [ app_begin ] --END-- [ RunTime:0.000263s ]
SQL: SHOW COLUMNS FROM `js_courses` [ RunTime:0.0018s ]
NOTIC: [2] Declaration of Home\Model\FieldsModel::getField() should be compatible with Think\Model::getField($field, $sepa = NULL) /Applications/XAMPP/xamppfiles/htdocs/api_for_test/Home/Model/FieldsModel.class.php 第 10 行.
SQL: SHOW COLUMNS FROM `js_fields` [ RunTime:0.0013s ]
SQL: SELECT * FROM `js_courses` WHERE `status` = 1 ORDER BY id  [ RunTime:0.0003s ]
SQL: SELECT * FROM `js_fields` ORDER BY id  [ RunTime:0.0001s ]
NOTIC: [8] Use of undefined constant course_data - assumed 'course_data' /Applications/XAMPP/xamppfiles/htdocs/api_for_test/Home/Controller/IndexController.class.php 第 62 行.
NOTIC: [8] Use of undefined constant course_field - assumed 'course_field' /Applications/XAMPP/xamppfiles/htdocs/api_for_test/Home/Controller/IndexController.class.php 第 63 行.

[ 2018-12-21T16:58:04+08:00 ] ::1 /api_for_test/Index/getCourse
INFO: [ app_init ] --START--
INFO: Run Behavior\BuildLiteBehavior [ RunTime:0.000043s ]
INFO: [ app_init ] --END-- [ RunTime:0.000214s ]
INFO: [ app_begin ] --START--
INFO: Run Behavior\ReadHtmlCacheBehavior [ RunTime:0.000237s ]
INFO: [ app_begin ] --END-- [ RunTime:0.000253s ]
SQL: SHOW COLUMNS FROM `js_courses` [ RunTime:0.0014s ]
NOTIC: [2] Declaration of Home\Model\FieldsModel::getField() should be compatible with Think\Model::getField($field, $sepa = NULL) /Applications/XAMPP/xamppfiles/htdocs/api_for_test/Home/Model/FieldsModel.class.php 第 10 行.
SQL: SHOW COLUMNS FROM `js_fields` [ RunTime:0.0013s ]
SQL: SELECT * FROM `js_courses` WHERE `status` = 1 ORDER BY id  [ RunTime:0.0003s ]
SQL: SELECT * FROM `js_fields` ORDER BY id  [ RunTime:0.0001s ]
NOTIC: [8] Use of undefined constant course_data - assumed 'course_data' /Applications/XAMPP/xamppfiles/htdocs/api_for_test/Home/Controller/IndexController.class.php 第 62 行.
NOTIC: [8] Use of undefined constant course_field - assumed 'course_field' /Applications/XAMPP/xamppfiles/htdocs/api_for_test/Home/Controller/IndexController.class.php 第 63 行.

[ 2018-12-21T16:58:05+08:00 ] ::1 /api_for_test/Index/getCourse
INFO: [ app_init ] --START--
INFO: Run Behavior\BuildLiteBehavior [ RunTime:0.000006s ]
INFO: [ app_init ] --END-- [ RunTime:0.000240s ]
INFO: [ app_begin ] --START--
INFO: Run Behavior\ReadHtmlCacheBehavior [ RunTime:0.000232s ]
INFO: [ app_begin ] --END-- [ RunTime:0.000246s ]
SQL: SHOW COLUMNS FROM `js_courses` [ RunTime:0.0015s ]
NOTIC: [2] Declaration of Home\Model\FieldsModel::getField() should be compatible with Think\Model::getField($field, $sepa = NULL) /Applications/XAMPP/xamppfiles/htdocs/api_for_test/Home/Model/FieldsModel.class.php 第 10 行.
SQL: SHOW COLUMNS FROM `js_fields` [ RunTime:0.0013s ]
SQL: SELECT * FROM `js_courses` WHERE `status` = 1 ORDER BY id  [ RunTime:0.0003s ]
SQL: SELECT * FROM `js_fields` ORDER BY id  [ RunTime:0.0001s ]
NOTIC: [8] Use of undefined constant course_data - assumed 'course_data' /Applications/XAMPP/xamppfiles/htdocs/api_for_test/Home/Controller/IndexController.class.php 第 62 行.
NOTIC: [8] Use of undefined constant course_field - assumed 'course_field' /Applications/XAMPP/xamppfiles/htdocs/api_for_test/Home/Controller/IndexController.class.php 第 63 行.

[ 2018-12-21T16:58:05+08:00 ] ::1 /api_for_test/Index/getCourse
INFO: [ app_init ] --START--
INFO: Run Behavior\BuildLiteBehavior [ RunTime:0.000006s ]
INFO: [ app_init ] --END-- [ RunTime:0.000178s ]
INFO: [ app_begin ] --START--
INFO: Run Behavior\ReadHtmlCacheBehavior [ RunTime:0.000229s ]
INFO: [ app_begin ] --END-- [ RunTime:0.000243s ]
SQL: SHOW COLUMNS FROM `js_courses` [ RunTime:0.0016s ]
NOTIC: [2] Declaration of Home\Model\FieldsModel::getField() should be compatible with Think\Model::getField($field, $sepa = NULL) /Applications/XAMPP/xamppfiles/htdocs/api_for_test/Home/Model/FieldsModel.class.php 第 10 行.
SQL: SHOW COLUMNS FROM `js_fields` [ RunTime:0.0022s ]
SQL: SELECT * FROM `js_courses` WHERE `status` = 1 ORDER BY id  [ RunTime:0.0009s ]
SQL: SELECT * FROM `js_fields` ORDER BY id  [ RunTime:0.0004s ]
NOTIC: [8] Use of undefined constant course_data - assumed 'course_data' /Applications/XAMPP/xamppfiles/htdocs/api_for_test/Home/Controller/IndexController.class.php 第 62 行.
NOTIC: [8] Use of undefined constant course_field - assumed 'course_field' /Applications/XAMPP/xamppfiles/htdocs/api_for_test/Home/Controller/IndexController.class.php 第 63 行.

[ 2018-12-21T16:58:05+08:00 ] ::1 /api_for_test/Index/getCourse
INFO: [ app_init ] --START--
INFO: Run Behavior\BuildLiteBehavior [ RunTime:0.000007s ]
INFO: [ app_init ] --END-- [ RunTime:0.000180s ]
INFO: [ app_begin ] --START--
INFO: Run Behavior\ReadHtmlCacheBehavior [ RunTime:0.000249s ]
INFO: [ app_begin ] --END-- [ RunTime:0.000267s ]
SQL: SHOW COLUMNS FROM `js_courses` [ RunTime:0.0014s ]
NOTIC: [2] Declaration of Home\Model\FieldsModel::getField() should be compatible with Think\Model::getField($field, $sepa = NULL) /Applications/XAMPP/xamppfiles/htdocs/api_for_test/Home/Model/FieldsModel.class.php 第 10 行.
SQL: SHOW COLUMNS FROM `js_fields` [ RunTime:0.0016s ]
SQL: SELECT * FROM `js_courses` WHERE `status` = 1 ORDER BY id  [ RunTime:0.0005s ]
SQL: SELECT * FROM `js_fields` ORDER BY id  [ RunTime:0.0004s ]
NOTIC: [8] Use of undefined constant course_data - assumed 'course_data' /Applications/XAMPP/xamppfiles/htdocs/api_for_test/Home/Controller/IndexController.class.php 第 62 行.
NOTIC: [8] Use of undefined constant course_field - assumed 'course_field' /Applications/XAMPP/xamppfiles/htdocs/api_for_test/Home/Controller/IndexController.class.php 第 63 行.

[ 2018-12-21T16:58:05+08:00 ] ::1 /api_for_test/Index/getCourse
INFO: [ app_init ] --START--
INFO: Run Behavior\BuildLiteBehavior [ RunTime:0.000006s ]
INFO: [ app_init ] --END-- [ RunTime:0.000181s ]
INFO: [ app_begin ] --START--
INFO: Run Behavior\ReadHtmlCacheBehavior [ RunTime:0.000230s ]
INFO: [ app_begin ] --END-- [ RunTime:0.000244s ]
SQL: SHOW COLUMNS FROM `js_courses` [ RunTime:0.0016s ]
NOTIC: [2] Declaration of Home\Model\FieldsModel::getField() should be compatible with Think\Model::getField($field, $sepa = NULL) /Applications/XAMPP/xamppfiles/htdocs/api_for_test/Home/Model/FieldsModel.class.php 第 10 行.
SQL: SHOW COLUMNS FROM `js_fields` [ RunTime:0.0013s ]
SQL: SELECT * FROM `js_courses` WHERE `status` = 1 ORDER BY id  [ RunTime:0.0005s ]
SQL: SELECT * FROM `js_fields` ORDER BY id  [ RunTime:0.0001s ]
NOTIC: [8] Use of undefined constant course_data - assumed 'course_data' /Applications/XAMPP/xamppfiles/htdocs/api_for_test/Home/Controller/IndexController.class.php 第 62 行.
NOTIC: [8] Use of undefined constant course_field - assumed 'course_field' /Applications/XAMPP/xamppfiles/htdocs/api_for_test/Home/Controller/IndexController.class.php 第 63 行.

[ 2018-12-21T16:58:06+08:00 ] ::1 /api_for_test/Index/getCourse
INFO: [ app_init ] --START--
INFO: Run Behavior\BuildLiteBehavior [ RunTime:0.000006s ]
INFO: [ app_init ] --END-- [ RunTime:0.000197s ]
INFO: [ app_begin ] --START--
INFO: Run Behavior\ReadHtmlCacheBehavior [ RunTime:0.000245s ]
INFO: [ app_begin ] --END-- [ RunTime:0.000260s ]
SQL: SHOW COLUMNS FROM `js_courses` [ RunTime:0.0013s ]
NOTIC: [2] Declaration of Home\Model\FieldsModel::getField() should be compatible with Think\Model::getField($field, $sepa = NULL) /Applications/XAMPP/xamppfiles/htdocs/api_for_test/Home/Model/FieldsModel.class.php 第 10 行.
SQL: SHOW COLUMNS FROM `js_fields` [ RunTime:0.0016s ]
SQL: SELECT * FROM `js_courses` WHERE `status` = 1 ORDER BY id  [ RunTime:0.0007s ]
SQL: SELECT * FROM `js_fields` ORDER BY id  [ RunTime:0.0001s ]
NOTIC: [8] Use of undefined constant course_data - assumed 'course_data' /Applications/XAMPP/xamppfiles/htdocs/api_for_test/Home/Controller/IndexController.class.php 第 62 行.
NOTIC: [8] Use of undefined constant course_field - assumed 'course_field' /Applications/XAMPP/xamppfiles/htdocs/api_for_test/Home/Controller/IndexController.class.php 第 63 行.

[ 2018-12-21T16:58:06+08:00 ] ::1 /api_for_test/Index/getCourse
INFO: [ app_init ] --START--
INFO: Run Behavior\BuildLiteBehavior [ RunTime:0.000006s ]
INFO: [ app_init ] --END-- [ RunTime:0.000181s ]
INFO: [ app_begin ] --START--
INFO: Run Behavior\ReadHtmlCacheBehavior [ RunTime:0.000240s ]
INFO: [ app_begin ] --END-- [ RunTime:0.000257s ]
SQL: SHOW COLUMNS FROM `js_courses` [ RunTime:0.0017s ]
NOTIC: [2] Declaration of Home\Model\FieldsModel::getField() should be compatible with Think\Model::getField($field, $sepa = NULL) /Applications/XAMPP/xamppfiles/htdocs/api_for_test/Home/Model/FieldsModel.class.php 第 10 行.
SQL: SHOW COLUMNS FROM `js_fields` [ RunTime:0.0019s ]
SQL: SELECT * FROM `js_courses` WHERE `status` = 1 ORDER BY id  [ RunTime:0.0003s ]
SQL: SELECT * FROM `js_fields` ORDER BY id  [ RunTime:0.0001s ]
NOTIC: [8] Use of undefined constant course_data - assumed 'course_data' /Applications/XAMPP/xamppfiles/htdocs/api_for_test/Home/Controller/IndexController.class.php 第 62 行.
NOTIC: [8] Use of undefined constant course_field - assumed 'course_field' /Applications/XAMPP/xamppfiles/htdocs/api_for_test/Home/Controller/IndexController.class.php 第 63 行.

[ 2018-12-21T16:58:27+08:00 ] ::1 /api_for_test/Index/getCourse
INFO: [ app_init ] --START--
INFO: Run Behavior\BuildLiteBehavior [ RunTime:0.000006s ]
INFO: [ app_init ] --END-- [ RunTime:0.000200s ]
INFO: [ app_begin ] --START--
INFO: Run Behavior\ReadHtmlCacheBehavior [ RunTime:0.000237s ]
INFO: [ app_begin ] --END-- [ RunTime:0.000253s ]
SQL: SHOW COLUMNS FROM `js_courses` [ RunTime:0.0014s ]
NOTIC: [2] Declaration of Home\Model\FieldsModel::getField() should be compatible with Think\Model::getField($field, $sepa = NULL) /Applications/XAMPP/xamppfiles/htdocs/api_for_test/Home/Model/FieldsModel.class.php 第 10 行.
SQL: SHOW COLUMNS FROM `js_fields` [ RunTime:0.0012s ]
SQL: SELECT * FROM `js_courses` WHERE `status` = 1 ORDER BY id  [ RunTime:0.0002s ]
SQL: SELECT * FROM `js_fields` ORDER BY id  [ RunTime:0.0002s ]
NOTIC: [8] Use of undefined constant course_data - assumed 'course_data' /Applications/XAMPP/xamppfiles/htdocs/api_for_test/Home/Controller/IndexController.class.php 第 62 行.
NOTIC: [8] Use of undefined constant course_field - assumed 'course_field' /Applications/XAMPP/xamppfiles/htdocs/api_for_test/Home/Controller/IndexController.class.php 第 63 行.

[ 2018-12-21T16:58:27+08:00 ] ::1 /api_for_test/Index/getCourse
INFO: [ app_init ] --START--
INFO: Run Behavior\BuildLiteBehavior [ RunTime:0.000007s ]
INFO: [ app_init ] --END-- [ RunTime:0.000191s ]
INFO: [ app_begin ] --START--
INFO: Run Behavior\ReadHtmlCacheBehavior [ RunTime:0.000279s ]
INFO: [ app_begin ] --END-- [ RunTime:0.000297s ]
SQL: SHOW COLUMNS FROM `js_courses` [ RunTime:0.0015s ]
NOTIC: [2] Declaration of Home\Model\FieldsModel::getField() should be compatible with Think\Model::getField($field, $sepa = NULL) /Applications/XAMPP/xamppfiles/htdocs/api_for_test/Home/Model/FieldsModel.class.php 第 10 行.
SQL: SHOW COLUMNS FROM `js_fields` [ RunTime:0.0026s ]
SQL: SELECT * FROM `js_courses` WHERE `status` = 1 ORDER BY id  [ RunTime:0.0006s ]
SQL: SELECT * FROM `js_fields` ORDER BY id  [ RunTime:0.0002s ]
NOTIC: [8] Use of undefined constant course_data - assumed 'course_data' /Applications/XAMPP/xamppfiles/htdocs/api_for_test/Home/Controller/IndexController.class.php 第 62 行.
NOTIC: [8] Use of undefined constant course_field - assumed 'course_field' /Applications/XAMPP/xamppfiles/htdocs/api_for_test/Home/Controller/IndexController.class.php 第 63 行.

[ 2018-12-21T16:58:27+08:00 ] ::1 /api_for_test/Index/getCourse
INFO: [ app_init ] --START--
INFO: Run Behavior\BuildLiteBehavior [ RunTime:0.000006s ]
INFO: [ app_init ] --END-- [ RunTime:0.000190s ]
INFO: [ app_begin ] --START--
INFO: Run Behavior\ReadHtmlCacheBehavior [ RunTime:0.000256s ]
INFO: [ app_begin ] --END-- [ RunTime:0.000272s ]
SQL: SHOW COLUMNS FROM `js_courses` [ RunTime:0.0013s ]
NOTIC: [2] Declaration of Home\Model\FieldsModel::getField() should be compatible with Think\Model::getField($field, $sepa = NULL) /Applications/XAMPP/xamppfiles/htdocs/api_for_test/Home/Model/FieldsModel.class.php 第 10 行.
SQL: SHOW COLUMNS FROM `js_fields` [ RunTime:0.0011s ]
SQL: SELECT * FROM `js_courses` WHERE `status` = 1 ORDER BY id  [ RunTime:0.0003s ]
SQL: SELECT * FROM `js_fields` ORDER BY id  [ RunTime:0.0001s ]
NOTIC: [8] Use of undefined constant course_data - assumed 'course_data' /Applications/XAMPP/xamppfiles/htdocs/api_for_test/Home/Controller/IndexController.class.php 第 62 行.
NOTIC: [8] Use of undefined constant course_field - assumed 'course_field' /Applications/XAMPP/xamppfiles/htdocs/api_for_test/Home/Controller/IndexController.class.php 第 63 行.

[ 2018-12-21T16:59:13+08:00 ] ::1 /api_for_test/Index/getCourse
INFO: [ app_init ] --START--
INFO: Run Behavior\BuildLiteBehavior [ RunTime:0.000006s ]
INFO: [ app_init ] --END-- [ RunTime:0.000185s ]
INFO: [ app_begin ] --START--
INFO: Run Behavior\ReadHtmlCacheBehavior [ RunTime:0.000231s ]
INFO: [ app_begin ] --END-- [ RunTime:0.000246s ]
SQL: SHOW COLUMNS FROM `js_courses` [ RunTime:0.0015s ]
NOTIC: [2] Declaration of Home\Model\FieldsModel::getField() should be compatible with Think\Model::getField($field, $sepa = NULL) /Applications/XAMPP/xamppfiles/htdocs/api_for_test/Home/Model/FieldsModel.class.php 第 10 行.
SQL: SHOW COLUMNS FROM `js_fields` [ RunTime:0.0012s ]
SQL: SELECT * FROM `js_courses` WHERE `status` = 1 ORDER BY id  [ RunTime:0.0002s ]
SQL: SELECT * FROM `js_fields` ORDER BY id  [ RunTime:0.0001s ]
NOTIC: [8] Use of undefined constant course_data - assumed 'course_data' /Applications/XAMPP/xamppfiles/htdocs/api_for_test/Home/Controller/IndexController.class.php 第 62 行.
NOTIC: [8] Use of undefined constant course_field - assumed 'course_field' /Applications/XAMPP/xamppfiles/htdocs/api_for_test/Home/Controller/IndexController.class.php 第 63 行.

[ 2018-12-21T16:59:16+08:00 ] ::1 /api_for_test/Index/getCourse
INFO: [ app_init ] --START--
INFO: Run Behavior\BuildLiteBehavior [ RunTime:0.000007s ]
INFO: [ app_init ] --END-- [ RunTime:0.000239s ]
INFO: [ app_begin ] --START--
INFO: Run Behavior\ReadHtmlCacheBehavior [ RunTime:0.000275s ]
INFO: [ app_begin ] --END-- [ RunTime:0.000292s ]
SQL: SHOW COLUMNS FROM `js_courses` [ RunTime:0.0015s ]
NOTIC: [2] Declaration of Home\Model\FieldsModel::getField() should be compatible with Think\Model::getField($field, $sepa = NULL) /Applications/XAMPP/xamppfiles/htdocs/api_for_test/Home/Model/FieldsModel.class.php 第 10 行.
SQL: SHOW COLUMNS FROM `js_fields` [ RunTime:0.0017s ]
SQL: SELECT * FROM `js_courses` WHERE `status` = 1 ORDER BY id  [ RunTime:0.0006s ]
SQL: SELECT * FROM `js_fields` ORDER BY id  [ RunTime:0.0002s ]
NOTIC: [8] Use of undefined constant course_data - assumed 'course_data' /Applications/XAMPP/xamppfiles/htdocs/api_for_test/Home/Controller/IndexController.class.php 第 62 行.
NOTIC: [8] Use of undefined constant course_field - assumed 'course_field' /Applications/XAMPP/xamppfiles/htdocs/api_for_test/Home/Controller/IndexController.class.php 第 63 行.

[ 2018-12-21T16:59:16+08:00 ] ::1 /api_for_test/Index/getCourse
INFO: [ app_init ] --START--
INFO: Run Behavior\BuildLiteBehavior [ RunTime:0.000053s ]
INFO: [ app_init ] --END-- [ RunTime:0.000284s ]
INFO: [ app_begin ] --START--
INFO: Run Behavior\ReadHtmlCacheBehavior [ RunTime:0.000325s ]
INFO: [ app_begin ] --END-- [ RunTime:0.000342s ]
SQL: SHOW COLUMNS FROM `js_courses` [ RunTime:0.0014s ]
NOTIC: [2] Declaration of Home\Model\FieldsModel::getField() should be compatible with Think\Model::getField($field, $sepa = NULL) /Applications/XAMPP/xamppfiles/htdocs/api_for_test/Home/Model/FieldsModel.class.php 第 10 行.
SQL: SHOW COLUMNS FROM `js_fields` [ RunTime:0.0013s ]
SQL: SELECT * FROM `js_courses` WHERE `status` = 1 ORDER BY id  [ RunTime:0.0004s ]
SQL: SELECT * FROM `js_fields` ORDER BY id  [ RunTime:0.0002s ]
NOTIC: [8] Use of undefined constant course_data - assumed 'course_data' /Applications/XAMPP/xamppfiles/htdocs/api_for_test/Home/Controller/IndexController.class.php 第 62 行.
NOTIC: [8] Use of undefined constant course_field - assumed 'course_field' /Applications/XAMPP/xamppfiles/htdocs/api_for_test/Home/Controller/IndexController.class.php 第 63 行.

[ 2018-12-21T17:00:40+08:00 ] ::1 /api_for_test/Index/getCourse
INFO: [ app_init ] --START--
INFO: Run Behavior\BuildLiteBehavior [ RunTime:0.000006s ]
INFO: [ app_init ] --END-- [ RunTime:0.000233s ]
INFO: [ app_begin ] --START--
INFO: Run Behavior\ReadHtmlCacheBehavior [ RunTime:0.000259s ]
INFO: [ app_begin ] --END-- [ RunTime:0.000280s ]
SQL: SHOW COLUMNS FROM `js_courses` [ RunTime:0.0021s ]
NOTIC: [2] Declaration of Home\Model\FieldsModel::getField() should be compatible with Think\Model::getField($field, $sepa = NULL) /Applications/XAMPP/xamppfiles/htdocs/api_for_test/Home/Model/FieldsModel.class.php 第 10 行.
SQL: SHOW COLUMNS FROM `js_fields` [ RunTime:0.0017s ]
SQL: SELECT * FROM `js_courses` WHERE `status` = 1 ORDER BY id  [ RunTime:0.0003s ]
SQL: SELECT * FROM `js_fields` ORDER BY id  [ RunTime:0.0001s ]
NOTIC: [8] Use of undefined constant course_data - assumed 'course_data' /Applications/XAMPP/xamppfiles/htdocs/api_for_test/Home/Controller/IndexController.class.php 第 62 行.
NOTIC: [8] Use of undefined constant course_field - assumed 'course_field' /Applications/XAMPP/xamppfiles/htdocs/api_for_test/Home/Controller/IndexController.class.php 第 63 行.

[ 2018-12-21T17:00:49+08:00 ] ::1 /api_for_test/Index/getCourse
INFO: [ app_init ] --START--
INFO: Run Behavior\BuildLiteBehavior [ RunTime:0.000007s ]
INFO: [ app_init ] --END-- [ RunTime:0.000197s ]
INFO: [ app_begin ] --START--
INFO: Run Behavior\ReadHtmlCacheBehavior [ RunTime:0.000241s ]
INFO: [ app_begin ] --END-- [ RunTime:0.000256s ]
SQL: SHOW COLUMNS FROM `js_courses` [ RunTime:0.0013s ]
NOTIC: [2] Declaration of Home\Model\FieldsModel::getField() should be compatible with Think\Model::getField($field, $sepa = NULL) /Applications/XAMPP/xamppfiles/htdocs/api_for_test/Home/Model/FieldsModel.class.php 第 10 行.
SQL: SHOW COLUMNS FROM `js_fields` [ RunTime:0.0012s ]
SQL: SELECT * FROM `js_courses` WHERE `status` = 1 ORDER BY id  [ RunTime:0.0002s ]
SQL: SELECT * FROM `js_fields` ORDER BY id  [ RunTime:0.0001s ]
NOTIC: [8] Use of undefined constant course_data - assumed 'course_data' /Applications/XAMPP/xamppfiles/htdocs/api_for_test/Home/Controller/IndexController.class.php 第 62 行.
NOTIC: [8] Use of undefined constant course_field - assumed 'course_field' /Applications/XAMPP/xamppfiles/htdocs/api_for_test/Home/Controller/IndexController.class.php 第 63 行.

[ 2018-12-21T17:03:51+08:00 ] ::1 /api_for_test/Index/getCourse
INFO: [ app_init ] --START--
INFO: Run Behavior\BuildLiteBehavior [ RunTime:0.000006s ]
INFO: [ app_init ] --END-- [ RunTime:0.000184s ]
INFO: [ app_begin ] --START--
INFO: Run Behavior\ReadHtmlCacheBehavior [ RunTime:0.000238s ]
INFO: [ app_begin ] --END-- [ RunTime:0.000255s ]
SQL: SHOW COLUMNS FROM `js_courses` [ RunTime:0.0018s ]
NOTIC: [2] Declaration of Home\Model\FieldsModel::getField() should be compatible with Think\Model::getField($field, $sepa = NULL) /Applications/XAMPP/xamppfiles/htdocs/api_for_test/Home/Model/FieldsModel.class.php 第 10 行.
SQL: SHOW COLUMNS FROM `js_fields` [ RunTime:0.0012s ]
SQL: SELECT * FROM `js_courses` WHERE `status` = 1 ORDER BY id  [ RunTime:0.0003s ]
SQL: SELECT * FROM `js_fields` ORDER BY id  [ RunTime:0.0001s ]
NOTIC: [8] Use of undefined constant course_data - assumed 'course_data' /Applications/XAMPP/xamppfiles/htdocs/api_for_test/Home/Controller/IndexController.class.php 第 62 行.
NOTIC: [8] Use of undefined constant course_field - assumed 'course_field' /Applications/XAMPP/xamppfiles/htdocs/api_for_test/Home/Controller/IndexController.class.php 第 63 行.

[ 2018-12-21T17:06:40+08:00 ] ::1 /api_for_test/Index/getCourse
INFO: [ app_init ] --START--
INFO: Run Behavior\BuildLiteBehavior [ RunTime:0.000007s ]
INFO: [ app_init ] --END-- [ RunTime:0.000211s ]
INFO: [ app_begin ] --START--
INFO: Run Behavior\ReadHtmlCacheBehavior [ RunTime:0.000239s ]
INFO: [ app_begin ] --END-- [ RunTime:0.000255s ]
SQL: SHOW COLUMNS FROM `js_courses` [ RunTime:0.0021s ]
NOTIC: [2] Declaration of Home\Model\FieldsModel::getField() should be compatible with Think\Model::getField($field, $sepa = NULL) /Applications/XAMPP/xamppfiles/htdocs/api_for_test/Home/Model/FieldsModel.class.php 第 10 行.
SQL: SHOW COLUMNS FROM `js_fields` [ RunTime:0.0016s ]
SQL: SELECT * FROM `js_courses` WHERE `status` = 1 ORDER BY id  [ RunTime:0.0003s ]
SQL: SELECT * FROM `js_fields` ORDER BY id  [ RunTime:0.0001s ]
NOTIC: [8] Use of undefined constant course_data - assumed 'course_data' /Applications/XAMPP/xamppfiles/htdocs/api_for_test/Home/Controller/IndexController.class.php 第 62 行.
NOTIC: [8] Use of undefined constant course_field - assumed 'course_field' /Applications/XAMPP/xamppfiles/htdocs/api_for_test/Home/Controller/IndexController.class.php 第 63 行.

[ 2018-12-21T17:30:17+08:00 ] ::1 /api_for_test/Index/getCourse
INFO: [ app_init ] --START--
INFO: Run Behavior\BuildLiteBehavior [ RunTime:0.000008s ]
INFO: [ app_init ] --END-- [ RunTime:0.000555s ]
INFO: [ app_begin ] --START--
INFO: Run Behavior\ReadHtmlCacheBehavior [ RunTime:0.000447s ]
INFO: [ app_begin ] --END-- [ RunTime:0.000470s ]
SQL: SHOW COLUMNS FROM `js_courses` [ RunTime:0.0016s ]
NOTIC: [2] Declaration of Home\Model\FieldsModel::getField() should be compatible with Think\Model::getField($field, $sepa = NULL) /Applications/XAMPP/xamppfiles/htdocs/api_for_test/Home/Model/FieldsModel.class.php 第 10 行.
SQL: SHOW COLUMNS FROM `js_fields` [ RunTime:0.0016s ]
SQL: SELECT * FROM `js_courses` WHERE `status` = 1 ORDER BY id  [ RunTime:0.0003s ]
SQL: SELECT * FROM `js_fields` ORDER BY id  [ RunTime:0.0002s ]
NOTIC: [8] Use of undefined constant course_data - assumed 'course_data' /Applications/XAMPP/xamppfiles/htdocs/api_for_test/Home/Controller/IndexController.class.php 第 62 行.
NOTIC: [8] Use of undefined constant course_field - assumed 'course_field' /Applications/XAMPP/xamppfiles/htdocs/api_for_test/Home/Controller/IndexController.class.php 第 63 行.

[ 2018-12-21T17:30:45+08:00 ] ::1 /api_for_test/Index/getCourse
INFO: [ app_init ] --START--
INFO: Run Behavior\BuildLiteBehavior [ RunTime:0.000006s ]
INFO: [ app_init ] --END-- [ RunTime:0.000281s ]
INFO: [ app_begin ] --START--
INFO: Run Behavior\ReadHtmlCacheBehavior [ RunTime:0.000244s ]
INFO: [ app_begin ] --END-- [ RunTime:0.000259s ]
SQL: SHOW COLUMNS FROM `js_courses` [ RunTime:0.0014s ]
NOTIC: [2] Declaration of Home\Model\FieldsModel::getField() should be compatible with Think\Model::getField($field, $sepa = NULL) /Applications/XAMPP/xamppfiles/htdocs/api_for_test/Home/Model/FieldsModel.class.php 第 10 行.
SQL: SHOW COLUMNS FROM `js_fields` [ RunTime:0.0012s ]
SQL: SELECT * FROM `js_courses` WHERE `status` = 1 ORDER BY id  [ RunTime:0.0002s ]
SQL: SELECT * FROM `js_fields` ORDER BY id  [ RunTime:0.0001s ]
NOTIC: [8] Use of undefined constant course_data - assumed 'course_data' /Applications/XAMPP/xamppfiles/htdocs/api_for_test/Home/Controller/IndexController.class.php 第 62 行.
NOTIC: [8] Use of undefined constant course_field - assumed 'course_field' /Applications/XAMPP/xamppfiles/htdocs/api_for_test/Home/Controller/IndexController.class.php 第 63 行.

[ 2018-12-21T17:31:39+08:00 ] ::1 /api_for_test/Index/getCourse
INFO: [ app_init ] --START--
INFO: Run Behavior\BuildLiteBehavior [ RunTime:0.000006s ]
INFO: [ app_init ] --END-- [ RunTime:0.000187s ]
INFO: [ app_begin ] --START--
INFO: Run Behavior\ReadHtmlCacheBehavior [ RunTime:0.000261s ]
INFO: [ app_begin ] --END-- [ RunTime:0.000277s ]
SQL: SHOW COLUMNS FROM `js_courses` [ RunTime:0.0016s ]
NOTIC: [2] Declaration of Home\Model\FieldsModel::getField() should be compatible with Think\Model::getField($field, $sepa = NULL) /Applications/XAMPP/xamppfiles/htdocs/api_for_test/Home/Model/FieldsModel.class.php 第 10 行.
SQL: SHOW COLUMNS FROM `js_fields` [ RunTime:0.0013s ]
SQL: SELECT * FROM `js_courses` WHERE `status` = 1 ORDER BY id  [ RunTime:0.0005s ]
SQL: SELECT * FROM `js_fields` ORDER BY id  [ RunTime:0.0004s ]
NOTIC: [8] Use of undefined constant course_data - assumed 'course_data' /Applications/XAMPP/xamppfiles/htdocs/api_for_test/Home/Controller/IndexController.class.php 第 62 行.
NOTIC: [8] Use of undefined constant course_field - assumed 'course_field' /Applications/XAMPP/xamppfiles/htdocs/api_for_test/Home/Controller/IndexController.class.php 第 63 行.

[ 2018-12-21T17:33:00+08:00 ] ::1 /api_for_test/Index/getCourse
INFO: [ app_init ] --START--
INFO: Run Behavior\BuildLiteBehavior [ RunTime:0.000006s ]
INFO: [ app_init ] --END-- [ RunTime:0.000221s ]
INFO: [ app_begin ] --START--
INFO: Run Behavior\ReadHtmlCacheBehavior [ RunTime:0.000271s ]
INFO: [ app_begin ] --END-- [ RunTime:0.000291s ]
SQL: SHOW COLUMNS FROM `js_courses` [ RunTime:0.0017s ]
NOTIC: [2] Declaration of Home\Model\FieldsModel::getField() should be compatible with Think\Model::getField($field, $sepa = NULL) /Applications/XAMPP/xamppfiles/htdocs/api_for_test/Home/Model/FieldsModel.class.php 第 10 行.
SQL: SHOW COLUMNS FROM `js_fields` [ RunTime:0.0016s ]
SQL: SELECT * FROM `js_courses` WHERE `status` = 1 ORDER BY id  [ RunTime:0.0003s ]
SQL: SELECT * FROM `js_fields` ORDER BY id  [ RunTime:0.0001s ]
NOTIC: [8] Use of undefined constant course_data - assumed 'course_data' /Applications/XAMPP/xamppfiles/htdocs/api_for_test/Home/Controller/IndexController.class.php 第 62 行.
NOTIC: [8] Use of undefined constant course_field - assumed 'course_field' /Applications/XAMPP/xamppfiles/htdocs/api_for_test/Home/Controller/IndexController.class.php 第 63 行.

[ 2018-12-21T17:33:27+08:00 ] ::1 /api_for_test/Index/getCourse
INFO: [ app_init ] --START--
INFO: Run Behavior\BuildLiteBehavior [ RunTime:0.000007s ]
INFO: [ app_init ] --END-- [ RunTime:0.000187s ]
INFO: [ app_begin ] --START--
INFO: Run Behavior\ReadHtmlCacheBehavior [ RunTime:0.000232s ]
INFO: [ app_begin ] --END-- [ RunTime:0.000247s ]
SQL: SHOW COLUMNS FROM `js_courses` [ RunTime:0.0013s ]
NOTIC: [2] Declaration of Home\Model\FieldsModel::getField() should be compatible with Think\Model::getField($field, $sepa = NULL) /Applications/XAMPP/xamppfiles/htdocs/api_for_test/Home/Model/FieldsModel.class.php 第 10 行.
SQL: SHOW COLUMNS FROM `js_fields` [ RunTime:0.0012s ]
SQL: SELECT * FROM `js_courses` WHERE `status` = 1 ORDER BY id  [ RunTime:0.0003s ]
SQL: SELECT * FROM `js_fields` ORDER BY id  [ RunTime:0.0003s ]
NOTIC: [8] Use of undefined constant course_data - assumed 'course_data' /Applications/XAMPP/xamppfiles/htdocs/api_for_test/Home/Controller/IndexController.class.php 第 62 行.
NOTIC: [8] Use of undefined constant course_field - assumed 'course_field' /Applications/XAMPP/xamppfiles/htdocs/api_for_test/Home/Controller/IndexController.class.php 第 63 行.

[ 2018-12-21T17:34:19+08:00 ] ::1 /api_for_test/Index/getCourse
INFO: [ app_init ] --START--
INFO: Run Behavior\BuildLiteBehavior [ RunTime:0.000008s ]
INFO: [ app_init ] --END-- [ RunTime:0.000553s ]
INFO: [ app_begin ] --START--
INFO: Run Behavior\ReadHtmlCacheBehavior [ RunTime:0.001166s ]
INFO: [ app_begin ] --END-- [ RunTime:0.001192s ]
SQL: SHOW COLUMNS FROM `js_courses` [ RunTime:0.0016s ]
NOTIC: [2] Declaration of Home\Model\FieldsModel::getField() should be compatible with Think\Model::getField($field, $sepa = NULL) /Applications/XAMPP/xamppfiles/htdocs/api_for_test/Home/Model/FieldsModel.class.php 第 10 行.
SQL: SHOW COLUMNS FROM `js_fields` [ RunTime:0.0015s ]
SQL: SELECT * FROM `js_courses` WHERE `status` = 1 ORDER BY id  [ RunTime:0.0003s ]
SQL: SELECT * FROM `js_fields` ORDER BY id  [ RunTime:0.0002s ]
NOTIC: [8] Use of undefined constant course_data - assumed 'course_data' /Applications/XAMPP/xamppfiles/htdocs/api_for_test/Home/Controller/IndexController.class.php 第 62 行.
NOTIC: [8] Use of undefined constant course_field - assumed 'course_field' /Applications/XAMPP/xamppfiles/htdocs/api_for_test/Home/Controller/IndexController.class.php 第 63 行.

[ 2018-12-21T17:34:44+08:00 ] ::1 /api_for_test/Index/getCourse
INFO: [ app_init ] --START--
INFO: Run Behavior\BuildLiteBehavior [ RunTime:0.000007s ]
INFO: [ app_init ] --END-- [ RunTime:0.000203s ]
INFO: [ app_begin ] --START--
INFO: Run Behavior\ReadHtmlCacheBehavior [ RunTime:0.000245s ]
INFO: [ app_begin ] --END-- [ RunTime:0.000261s ]
SQL: SHOW COLUMNS FROM `js_courses` [ RunTime:0.0016s ]
NOTIC: [2] Declaration of Home\Model\FieldsModel::getField() should be compatible with Think\Model::getField($field, $sepa = NULL) /Applications/XAMPP/xamppfiles/htdocs/api_for_test/Home/Model/FieldsModel.class.php 第 10 行.
SQL: SHOW COLUMNS FROM `js_fields` [ RunTime:0.0015s ]
SQL: SELECT * FROM `js_courses` WHERE `status` = 1 ORDER BY id  [ RunTime:0.0009s ]
SQL: SELECT * FROM `js_fields` ORDER BY id  [ RunTime:0.0002s ]
NOTIC: [8] Use of undefined constant course_data - assumed 'course_data' /Applications/XAMPP/xamppfiles/htdocs/api_for_test/Home/Controller/IndexController.class.php 第 62 行.
NOTIC: [8] Use of undefined constant course_field - assumed 'course_field' /Applications/XAMPP/xamppfiles/htdocs/api_for_test/Home/Controller/IndexController.class.php 第 63 行.

[ 2018-12-21T17:36:15+08:00 ] ::1 /api_for_test/Index/getCourse
INFO: [ app_init ] --START--
INFO: Run Behavior\BuildLiteBehavior [ RunTime:0.000007s ]
INFO: [ app_init ] --END-- [ RunTime:0.000269s ]
INFO: [ app_begin ] --START--
INFO: Run Behavior\ReadHtmlCacheBehavior [ RunTime:0.000411s ]
INFO: [ app_begin ] --END-- [ RunTime:0.000432s ]
SQL: SHOW COLUMNS FROM `js_courses` [ RunTime:0.0014s ]
NOTIC: [2] Declaration of Home\Model\FieldsModel::getField() should be compatible with Think\Model::getField($field, $sepa = NULL) /Applications/XAMPP/xamppfiles/htdocs/api_for_test/Home/Model/FieldsModel.class.php 第 10 行.
SQL: SHOW COLUMNS FROM `js_fields` [ RunTime:0.0012s ]
SQL: SELECT * FROM `js_courses` WHERE `status` = 1 ORDER BY id  [ RunTime:0.0002s ]
SQL: SELECT * FROM `js_fields` ORDER BY id  [ RunTime:0.0001s ]
NOTIC: [8] Use of undefined constant course_data - assumed 'course_data' /Applications/XAMPP/xamppfiles/htdocs/api_for_test/Home/Controller/IndexController.class.php 第 62 行.
NOTIC: [8] Use of undefined constant course_field - assumed 'course_field' /Applications/XAMPP/xamppfiles/htdocs/api_for_test/Home/Controller/IndexController.class.php 第 63 行.

[ 2018-12-21T17:37:37+08:00 ] ::1 /api_for_test/Index/getCourse
INFO: [ app_init ] --START--
INFO: Run Behavior\BuildLiteBehavior [ RunTime:0.000007s ]
INFO: [ app_init ] --END-- [ RunTime:0.000191s ]
INFO: [ app_begin ] --START--
INFO: Run Behavior\ReadHtmlCacheBehavior [ RunTime:0.000238s ]
INFO: [ app_begin ] --END-- [ RunTime:0.000255s ]
SQL: SHOW COLUMNS FROM `js_courses` [ RunTime:0.0024s ]
NOTIC: [2] Declaration of Home\Model\FieldsModel::getField() should be compatible with Think\Model::getField($field, $sepa = NULL) /Applications/XAMPP/xamppfiles/htdocs/api_for_test/Home/Model/FieldsModel.class.php 第 10 行.
SQL: SHOW COLUMNS FROM `js_fields` [ RunTime:0.0029s ]
SQL: SELECT * FROM `js_courses` WHERE `status` = 1 ORDER BY id  [ RunTime:0.0007s ]
SQL: SELECT * FROM `js_fields` ORDER BY id  [ RunTime:0.0005s ]
NOTIC: [8] Use of undefined constant course_data - assumed 'course_data' /Applications/XAMPP/xamppfiles/htdocs/api_for_test/Home/Controller/IndexController.class.php 第 62 行.
NOTIC: [8] Use of undefined constant course_field - assumed 'course_field' /Applications/XAMPP/xamppfiles/htdocs/api_for_test/Home/Controller/IndexController.class.php 第 63 行.

[ 2018-12-21T17:37:52+08:00 ] ::1 /api_for_test/Index/getCourse
INFO: [ app_init ] --START--
INFO: Run Behavior\BuildLiteBehavior [ RunTime:0.000006s ]
INFO: [ app_init ] --END-- [ RunTime:0.000185s ]
INFO: [ app_begin ] --START--
INFO: Run Behavior\ReadHtmlCacheBehavior [ RunTime:0.000234s ]
INFO: [ app_begin ] --END-- [ RunTime:0.000248s ]
SQL: SHOW COLUMNS FROM `js_courses` [ RunTime:0.0014s ]
NOTIC: [2] Declaration of Home\Model\FieldsModel::getField() should be compatible with Think\Model::getField($field, $sepa = NULL) /Applications/XAMPP/xamppfiles/htdocs/api_for_test/Home/Model/FieldsModel.class.php 第 10 行.
SQL: SHOW COLUMNS FROM `js_fields` [ RunTime:0.0012s ]
SQL: SELECT * FROM `js_courses` WHERE `status` = 1 ORDER BY id  [ RunTime:0.0003s ]
SQL: SELECT * FROM `js_fields` ORDER BY id  [ RunTime:0.0005s ]
NOTIC: [8] Use of undefined constant course_data - assumed 'course_data' /Applications/XAMPP/xamppfiles/htdocs/api_for_test/Home/Controller/IndexController.class.php 第 62 行.
NOTIC: [8] Use of undefined constant course_field - assumed 'course_field' /Applications/XAMPP/xamppfiles/htdocs/api_for_test/Home/Controller/IndexController.class.php 第 63 行.

[ 2018-12-21T17:38:11+08:00 ] ::1 /api_for_test/Index/getCourse
INFO: [ app_init ] --START--
INFO: Run Behavior\BuildLiteBehavior [ RunTime:0.000006s ]
INFO: [ app_init ] --END-- [ RunTime:0.000187s ]
INFO: [ app_begin ] --START--
INFO: Run Behavior\ReadHtmlCacheBehavior [ RunTime:0.000226s ]
INFO: [ app_begin ] --END-- [ RunTime:0.000240s ]
SQL: SHOW COLUMNS FROM `js_courses` [ RunTime:0.0013s ]
NOTIC: [2] Declaration of Home\Model\FieldsModel::getField() should be compatible with Think\Model::getField($field, $sepa = NULL) /Applications/XAMPP/xamppfiles/htdocs/api_for_test/Home/Model/FieldsModel.class.php 第 10 行.
SQL: SHOW COLUMNS FROM `js_fields` [ RunTime:0.0012s ]
SQL: SELECT * FROM `js_courses` WHERE `status` = 1 ORDER BY id  [ RunTime:0.0002s ]
SQL: SELECT * FROM `js_fields` ORDER BY id  [ RunTime:0.0002s ]
NOTIC: [8] Use of undefined constant course_data - assumed 'course_data' /Applications/XAMPP/xamppfiles/htdocs/api_for_test/Home/Controller/IndexController.class.php 第 62 行.
NOTIC: [8] Use of undefined constant course_field - assumed 'course_field' /Applications/XAMPP/xamppfiles/htdocs/api_for_test/Home/Controller/IndexController.class.php 第 63 行.

[ 2018-12-21T17:38:56+08:00 ] ::1 /api_for_test/Index/getCourse
INFO: [ app_init ] --START--
INFO: Run Behavior\BuildLiteBehavior [ RunTime:0.000007s ]
INFO: [ app_init ] --END-- [ RunTime:0.000189s ]
INFO: [ app_begin ] --START--
INFO: Run Behavior\ReadHtmlCacheBehavior [ RunTime:0.000243s ]
INFO: [ app_begin ] --END-- [ RunTime:0.000258s ]
SQL: SHOW COLUMNS FROM `js_courses` [ RunTime:0.0027s ]
NOTIC: [2] Declaration of Home\Model\FieldsModel::getField() should be compatible with Think\Model::getField($field, $sepa = NULL) /Applications/XAMPP/xamppfiles/htdocs/api_for_test/Home/Model/FieldsModel.class.php 第 10 行.
SQL: SHOW COLUMNS FROM `js_fields` [ RunTime:0.0023s ]
SQL: SELECT * FROM `js_courses` WHERE `status` = 1 ORDER BY id  [ RunTime:0.0004s ]
SQL: SELECT * FROM `js_fields` ORDER BY id  [ RunTime:0.0002s ]
NOTIC: [8] Use of undefined constant course_data - assumed 'course_data' /Applications/XAMPP/xamppfiles/htdocs/api_for_test/Home/Controller/IndexController.class.php 第 62 行.
NOTIC: [8] Use of undefined constant course_field - assumed 'course_field' /Applications/XAMPP/xamppfiles/htdocs/api_for_test/Home/Controller/IndexController.class.php 第 63 行.

[ 2018-12-21T17:40:12+08:00 ] ::1 /api_for_test/Index/getCourse
INFO: [ app_init ] --START--
INFO: Run Behavior\BuildLiteBehavior [ RunTime:0.000007s ]
INFO: [ app_init ] --END-- [ RunTime:0.000180s ]
INFO: [ app_begin ] --START--
INFO: Run Behavior\ReadHtmlCacheBehavior [ RunTime:0.000273s ]
INFO: [ app_begin ] --END-- [ RunTime:0.000293s ]
SQL: SHOW COLUMNS FROM `js_courses` [ RunTime:0.0018s ]
NOTIC: [2] Declaration of Home\Model\FieldsModel::getField() should be compatible with Think\Model::getField($field, $sepa = NULL) /Applications/XAMPP/xamppfiles/htdocs/api_for_test/Home/Model/FieldsModel.class.php 第 10 行.
SQL: SHOW COLUMNS FROM `js_fields` [ RunTime:0.0014s ]
SQL: SELECT * FROM `js_courses` WHERE `status` = 1 ORDER BY id  [ RunTime:0.0003s ]
SQL: SELECT * FROM `js_fields` ORDER BY id  [ RunTime:0.0001s ]
NOTIC: [8] Use of undefined constant course_data - assumed 'course_data' /Applications/XAMPP/xamppfiles/htdocs/api_for_test/Home/Controller/IndexController.class.php 第 62 行.
NOTIC: [8] Use of undefined constant course_field - assumed 'course_field' /Applications/XAMPP/xamppfiles/htdocs/api_for_test/Home/Controller/IndexController.class.php 第 63 行.

[ 2018-12-21T17:42:20+08:00 ] ::1 /api_for_test/Index/getCourse
INFO: [ app_init ] --START--
INFO: Run Behavior\BuildLiteBehavior [ RunTime:0.000007s ]
INFO: [ app_init ] --END-- [ RunTime:0.000195s ]
INFO: [ app_begin ] --START--
INFO: Run Behavior\ReadHtmlCacheBehavior [ RunTime:0.000277s ]
INFO: [ app_begin ] --END-- [ RunTime:0.000294s ]
SQL: SHOW COLUMNS FROM `js_courses` [ RunTime:0.0017s ]
NOTIC: [2] Declaration of Home\Model\FieldsModel::getField() should be compatible with Think\Model::getField($field, $sepa = NULL) /Applications/XAMPP/xamppfiles/htdocs/api_for_test/Home/Model/FieldsModel.class.php 第 10 行.
SQL: SHOW COLUMNS FROM `js_fields` [ RunTime:0.0014s ]
SQL: SELECT * FROM `js_courses` WHERE `status` = 1 ORDER BY id  [ RunTime:0.0002s ]
SQL: SELECT * FROM `js_fields` ORDER BY id  [ RunTime:0.0004s ]
NOTIC: [8] Use of undefined constant course_data - assumed 'course_data' /Applications/XAMPP/xamppfiles/htdocs/api_for_test/Home/Controller/IndexController.class.php 第 62 行.
NOTIC: [8] Use of undefined constant course_field - assumed 'course_field' /Applications/XAMPP/xamppfiles/htdocs/api_for_test/Home/Controller/IndexController.class.php 第 63 行.

[ 2018-12-21T17:42:29+08:00 ] ::1 /api_for_test/Index/getCourse
INFO: [ app_init ] --START--
INFO: Run Behavior\BuildLiteBehavior [ RunTime:0.000007s ]
INFO: [ app_init ] --END-- [ RunTime:0.000195s ]
INFO: [ app_begin ] --START--
INFO: Run Behavior\ReadHtmlCacheBehavior [ RunTime:0.000238s ]
INFO: [ app_begin ] --END-- [ RunTime:0.000253s ]
SQL: SHOW COLUMNS FROM `js_courses` [ RunTime:0.0017s ]
NOTIC: [2] Declaration of Home\Model\FieldsModel::getField() should be compatible with Think\Model::getField($field, $sepa = NULL) /Applications/XAMPP/xamppfiles/htdocs/api_for_test/Home/Model/FieldsModel.class.php 第 10 行.
SQL: SHOW COLUMNS FROM `js_fields` [ RunTime:0.0012s ]
SQL: SELECT * FROM `js_courses` WHERE `status` = 1 ORDER BY id  [ RunTime:0.0002s ]
SQL: SELECT * FROM `js_fields` ORDER BY id  [ RunTime:0.0001s ]
NOTIC: [8] Use of undefined constant course_data - assumed 'course_data' /Applications/XAMPP/xamppfiles/htdocs/api_for_test/Home/Controller/IndexController.class.php 第 62 行.
NOTIC: [8] Use of undefined constant course_field - assumed 'course_field' /Applications/XAMPP/xamppfiles/htdocs/api_for_test/Home/Controller/IndexController.class.php 第 63 行.

[ 2018-12-21T17:48:33+08:00 ] ::1 /api_for_test/Index/getCourse
INFO: [ app_init ] --START--
INFO: Run Behavior\BuildLiteBehavior [ RunTime:0.000006s ]
INFO: [ app_init ] --END-- [ RunTime:0.000188s ]
INFO: [ app_begin ] --START--
INFO: Run Behavior\ReadHtmlCacheBehavior [ RunTime:0.000237s ]
INFO: [ app_begin ] --END-- [ RunTime:0.000252s ]
SQL: SHOW COLUMNS FROM `js_courses` [ RunTime:0.0016s ]
NOTIC: [2] Declaration of Home\Model\FieldsModel::getField() should be compatible with Think\Model::getField($field, $sepa = NULL) /Applications/XAMPP/xamppfiles/htdocs/api_for_test/Home/Model/FieldsModel.class.php 第 10 行.
SQL: SHOW COLUMNS FROM `js_fields` [ RunTime:0.0013s ]
SQL: SELECT * FROM `js_courses` WHERE `status` = 1 ORDER BY id  [ RunTime:0.0003s ]
SQL: SELECT * FROM `js_fields` ORDER BY id  [ RunTime:0.0001s ]
NOTIC: [8] Use of undefined constant course_data - assumed 'course_data' /Applications/XAMPP/xamppfiles/htdocs/api_for_test/Home/Controller/IndexController.class.php 第 62 行.
NOTIC: [8] Use of undefined constant course_field - assumed 'course_field' /Applications/XAMPP/xamppfiles/htdocs/api_for_test/Home/Controller/IndexController.class.php 第 63 行.

[ 2018-12-21T17:48:53+08:00 ] ::1 /api_for_test/Index/getCourse
INFO: [ app_init ] --START--
INFO: Run Behavior\BuildLiteBehavior [ RunTime:0.000006s ]
INFO: [ app_init ] --END-- [ RunTime:0.000182s ]
INFO: [ app_begin ] --START--
INFO: Run Behavior\ReadHtmlCacheBehavior [ RunTime:0.000422s ]
INFO: [ app_begin ] --END-- [ RunTime:0.000443s ]
SQL: SHOW COLUMNS FROM `js_courses` [ RunTime:0.0019s ]
NOTIC: [2] Declaration of Home\Model\FieldsModel::getField() should be compatible with Think\Model::getField($field, $sepa = NULL) /Applications/XAMPP/xamppfiles/htdocs/api_for_test/Home/Model/FieldsModel.class.php 第 10 行.
SQL: SHOW COLUMNS FROM `js_fields` [ RunTime:0.0025s ]
SQL: SELECT * FROM `js_courses` WHERE `status` = 1 ORDER BY id  [ RunTime:0.0004s ]
SQL: SELECT * FROM `js_fields` ORDER BY id  [ RunTime:0.0003s ]
NOTIC: [8] Use of undefined constant course_data - assumed 'course_data' /Applications/XAMPP/xamppfiles/htdocs/api_for_test/Home/Controller/IndexController.class.php 第 62 行.
NOTIC: [8] Use of undefined constant course_field - assumed 'course_field' /Applications/XAMPP/xamppfiles/htdocs/api_for_test/Home/Controller/IndexController.class.php 第 63 行.

[ 2018-12-21T17:49:39+08:00 ] ::1 /api_for_test/Index/getCourse
INFO: [ app_init ] --START--
INFO: Run Behavior\BuildLiteBehavior [ RunTime:0.000007s ]
INFO: [ app_init ] --END-- [ RunTime:0.000369s ]
INFO: [ app_begin ] --START--
INFO: Run Behavior\ReadHtmlCacheBehavior [ RunTime:0.000265s ]
INFO: [ app_begin ] --END-- [ RunTime:0.000283s ]
SQL: SHOW COLUMNS FROM `js_courses` [ RunTime:0.0016s ]
NOTIC: [2] Declaration of Home\Model\FieldsModel::getField() should be compatible with Think\Model::getField($field, $sepa = NULL) /Applications/XAMPP/xamppfiles/htdocs/api_for_test/Home/Model/FieldsModel.class.php 第 10 行.
SQL: SHOW COLUMNS FROM `js_fields` [ RunTime:0.0014s ]
SQL: SELECT * FROM `js_courses` WHERE `status` = 1 ORDER BY id  [ RunTime:0.0004s ]
SQL: SELECT * FROM `js_fields` ORDER BY id  [ RunTime:0.0001s ]
NOTIC: [8] Use of undefined constant course_data - assumed 'course_data' /Applications/XAMPP/xamppfiles/htdocs/api_for_test/Home/Controller/IndexController.class.php 第 62 行.
NOTIC: [8] Use of undefined constant course_field - assumed 'course_field' /Applications/XAMPP/xamppfiles/htdocs/api_for_test/Home/Controller/IndexController.class.php 第 63 行.

[ 2018-12-21T17:50:01+08:00 ] ::1 /api_for_test/Index/getCourse
INFO: [ app_init ] --START--
INFO: Run Behavior\BuildLiteBehavior [ RunTime:0.000007s ]
INFO: [ app_init ] --END-- [ RunTime:0.000215s ]
INFO: [ app_begin ] --START--
INFO: Run Behavior\ReadHtmlCacheBehavior [ RunTime:0.000274s ]
INFO: [ app_begin ] --END-- [ RunTime:0.000293s ]
SQL: SHOW COLUMNS FROM `js_courses` [ RunTime:0.0014s ]
NOTIC: [2] Declaration of Home\Model\FieldsModel::getField() should be compatible with Think\Model::getField($field, $sepa = NULL) /Applications/XAMPP/xamppfiles/htdocs/api_for_test/Home/Model/FieldsModel.class.php 第 10 行.
SQL: SHOW COLUMNS FROM `js_fields` [ RunTime:0.0017s ]
SQL: SELECT * FROM `js_courses` WHERE `status` = 1 ORDER BY id  [ RunTime:0.0002s ]
SQL: SELECT * FROM `js_fields` ORDER BY id  [ RunTime:0.0001s ]
NOTIC: [8] Use of undefined constant course_data - assumed 'course_data' /Applications/XAMPP/xamppfiles/htdocs/api_for_test/Home/Controller/IndexController.class.php 第 62 行.
NOTIC: [8] Use of undefined constant course_field - assumed 'course_field' /Applications/XAMPP/xamppfiles/htdocs/api_for_test/Home/Controller/IndexController.class.php 第 63 行.

[ 2018-12-21T17:50:53+08:00 ] ::1 /api_for_test/Index/getCourse
INFO: [ app_init ] --START--
INFO: Run Behavior\BuildLiteBehavior [ RunTime:0.000007s ]
INFO: [ app_init ] --END-- [ RunTime:0.000273s ]
INFO: [ app_begin ] --START--
INFO: Run Behavior\ReadHtmlCacheBehavior [ RunTime:0.000407s ]
INFO: [ app_begin ] --END-- [ RunTime:0.000427s ]
SQL: SHOW COLUMNS FROM `js_courses` [ RunTime:0.0018s ]
NOTIC: [2] Declaration of Home\Model\FieldsModel::getField() should be compatible with Think\Model::getField($field, $sepa = NULL) /Applications/XAMPP/xamppfiles/htdocs/api_for_test/Home/Model/FieldsModel.class.php 第 10 行.
SQL: SHOW COLUMNS FROM `js_fields` [ RunTime:0.0015s ]
SQL: SELECT * FROM `js_courses` WHERE `status` = 1 ORDER BY id  [ RunTime:0.0004s ]
SQL: SELECT * FROM `js_fields` ORDER BY id  [ RunTime:0.0002s ]
NOTIC: [8] Use of undefined constant course_data - assumed 'course_data' /Applications/XAMPP/xamppfiles/htdocs/api_for_test/Home/Controller/IndexController.class.php 第 62 行.
NOTIC: [8] Use of undefined constant course_field - assumed 'course_field' /Applications/XAMPP/xamppfiles/htdocs/api_for_test/Home/Controller/IndexController.class.php 第 63 行.

[ 2018-12-21T17:51:05+08:00 ] ::1 /api_for_test/Index/getCourse
INFO: [ app_init ] --START--
INFO: Run Behavior\BuildLiteBehavior [ RunTime:0.000010s ]
INFO: [ app_init ] --END-- [ RunTime:0.000408s ]
INFO: [ app_begin ] --START--
INFO: Run Behavior\ReadHtmlCacheBehavior [ RunTime:0.000444s ]
INFO: [ app_begin ] --END-- [ RunTime:0.000468s ]
SQL: SHOW COLUMNS FROM `js_courses` [ RunTime:0.0018s ]
NOTIC: [2] Declaration of Home\Model\FieldsModel::getField() should be compatible with Think\Model::getField($field, $sepa = NULL) /Applications/XAMPP/xamppfiles/htdocs/api_for_test/Home/Model/FieldsModel.class.php 第 10 行.
SQL: SHOW COLUMNS FROM `js_fields` [ RunTime:0.0013s ]
SQL: SELECT * FROM `js_courses` WHERE `status` = 1 ORDER BY id  [ RunTime:0.0003s ]
SQL: SELECT * FROM `js_fields` ORDER BY id  [ RunTime:0.0002s ]
NOTIC: [8] Use of undefined constant course_data - assumed 'course_data' /Applications/XAMPP/xamppfiles/htdocs/api_for_test/Home/Controller/IndexController.class.php 第 62 行.
NOTIC: [8] Use of undefined constant course_field - assumed 'course_field' /Applications/XAMPP/xamppfiles/htdocs/api_for_test/Home/Controller/IndexController.class.php 第 63 行.

[ 2018-12-21T17:51:45+08:00 ] ::1 /api_for_test/Index/getCourse
INFO: [ app_init ] --START--
INFO: Run Behavior\BuildLiteBehavior [ RunTime:0.000291s ]
INFO: [ app_init ] --END-- [ RunTime:0.000615s ]
INFO: [ app_begin ] --START--
INFO: Run Behavior\ReadHtmlCacheBehavior [ RunTime:0.000451s ]
INFO: [ app_begin ] --END-- [ RunTime:0.000474s ]
SQL: SHOW COLUMNS FROM `js_courses` [ RunTime:0.0013s ]
NOTIC: [2] Declaration of Home\Model\FieldsModel::getField() should be compatible with Think\Model::getField($field, $sepa = NULL) /Applications/XAMPP/xamppfiles/htdocs/api_for_test/Home/Model/FieldsModel.class.php 第 10 行.
SQL: SHOW COLUMNS FROM `js_fields` [ RunTime:0.0012s ]
SQL: SELECT * FROM `js_courses` WHERE `status` = 1 ORDER BY id  [ RunTime:0.0002s ]
SQL: SELECT * FROM `js_fields` ORDER BY id  [ RunTime:0.0001s ]
NOTIC: [8] Use of undefined constant course_data - assumed 'course_data' /Applications/XAMPP/xamppfiles/htdocs/api_for_test/Home/Controller/IndexController.class.php 第 62 行.
NOTIC: [8] Use of undefined constant course_field - assumed 'course_field' /Applications/XAMPP/xamppfiles/htdocs/api_for_test/Home/Controller/IndexController.class.php 第 63 行.

[ 2018-12-21T17:52:02+08:00 ] ::1 /api_for_test/Index/getCourse
INFO: [ app_init ] --START--
INFO: Run Behavior\BuildLiteBehavior [ RunTime:0.000007s ]
INFO: [ app_init ] --END-- [ RunTime:0.000212s ]
INFO: [ app_begin ] --START--
INFO: Run Behavior\ReadHtmlCacheBehavior [ RunTime:0.000247s ]
INFO: [ app_begin ] --END-- [ RunTime:0.000262s ]
SQL: SHOW COLUMNS FROM `js_courses` [ RunTime:0.0025s ]
NOTIC: [2] Declaration of Home\Model\FieldsModel::getField() should be compatible with Think\Model::getField($field, $sepa = NULL) /Applications/XAMPP/xamppfiles/htdocs/api_for_test/Home/Model/FieldsModel.class.php 第 10 行.
SQL: SHOW COLUMNS FROM `js_fields` [ RunTime:0.0015s ]
SQL: SELECT * FROM `js_courses` WHERE `status` = 1 ORDER BY id  [ RunTime:0.0004s ]
SQL: SELECT * FROM `js_fields` ORDER BY id  [ RunTime:0.0001s ]
NOTIC: [8] Use of undefined constant course_data - assumed 'course_data' /Applications/XAMPP/xamppfiles/htdocs/api_for_test/Home/Controller/IndexController.class.php 第 62 行.
NOTIC: [8] Use of undefined constant course_field - assumed 'course_field' /Applications/XAMPP/xamppfiles/htdocs/api_for_test/Home/Controller/IndexController.class.php 第 63 行.

[ 2018-12-21T17:52:25+08:00 ] ::1 /api_for_test/Index/getCourse
INFO: [ app_init ] --START--
INFO: Run Behavior\BuildLiteBehavior [ RunTime:0.000006s ]
INFO: [ app_init ] --END-- [ RunTime:0.000196s ]
INFO: [ app_begin ] --START--
INFO: Run Behavior\ReadHtmlCacheBehavior [ RunTime:0.000289s ]
INFO: [ app_begin ] --END-- [ RunTime:0.000313s ]
SQL: SHOW COLUMNS FROM `js_courses` [ RunTime:0.0025s ]
NOTIC: [2] Declaration of Home\Model\FieldsModel::getField() should be compatible with Think\Model::getField($field, $sepa = NULL) /Applications/XAMPP/xamppfiles/htdocs/api_for_test/Home/Model/FieldsModel.class.php 第 10 行.
SQL: SHOW COLUMNS FROM `js_fields` [ RunTime:0.0018s ]
SQL: SELECT * FROM `js_courses` WHERE `status` = 1 ORDER BY id  [ RunTime:0.0003s ]
SQL: SELECT * FROM `js_fields` ORDER BY id  [ RunTime:0.0001s ]
NOTIC: [8] Use of undefined constant course_data - assumed 'course_data' /Applications/XAMPP/xamppfiles/htdocs/api_for_test/Home/Controller/IndexController.class.php 第 62 行.
NOTIC: [8] Use of undefined constant course_field - assumed 'course_field' /Applications/XAMPP/xamppfiles/htdocs/api_for_test/Home/Controller/IndexController.class.php 第 63 行.

[ 2018-12-21T17:53:09+08:00 ] ::1 /api_for_test/Index/getCourse
INFO: [ app_init ] --START--
INFO: Run Behavior\BuildLiteBehavior [ RunTime:0.000006s ]
INFO: [ app_init ] --END-- [ RunTime:0.000188s ]
INFO: [ app_begin ] --START--
INFO: Run Behavior\ReadHtmlCacheBehavior [ RunTime:0.000234s ]
INFO: [ app_begin ] --END-- [ RunTime:0.000249s ]
SQL: SHOW COLUMNS FROM `js_courses` [ RunTime:0.0019s ]
NOTIC: [2] Declaration of Home\Model\FieldsModel::getField() should be compatible with Think\Model::getField($field, $sepa = NULL) /Applications/XAMPP/xamppfiles/htdocs/api_for_test/Home/Model/FieldsModel.class.php 第 10 行.
SQL: SHOW COLUMNS FROM `js_fields` [ RunTime:0.0013s ]
SQL: SELECT * FROM `js_courses` WHERE `status` = 1 ORDER BY id  [ RunTime:0.0003s ]
SQL: SELECT * FROM `js_fields` ORDER BY id  [ RunTime:0.0001s ]
NOTIC: [8] Use of undefined constant course_data - assumed 'course_data' /Applications/XAMPP/xamppfiles/htdocs/api_for_test/Home/Controller/IndexController.class.php 第 62 行.
NOTIC: [8] Use of undefined constant course_field - assumed 'course_field' /Applications/XAMPP/xamppfiles/htdocs/api_for_test/Home/Controller/IndexController.class.php 第 63 行.

[ 2018-12-21T17:56:36+08:00 ] ::1 /api_for_test/Index/getCourse
INFO: [ app_init ] --START--
INFO: Run Behavior\BuildLiteBehavior [ RunTime:0.000008s ]
INFO: [ app_init ] --END-- [ RunTime:0.000712s ]
INFO: [ app_begin ] --START--
INFO: Run Behavior\ReadHtmlCacheBehavior [ RunTime:0.000430s ]
INFO: [ app_begin ] --END-- [ RunTime:0.000452s ]
SQL: SHOW COLUMNS FROM `js_courses` [ RunTime:0.0020s ]
NOTIC: [2] Declaration of Home\Model\FieldsModel::getField() should be compatible with Think\Model::getField($field, $sepa = NULL) /Applications/XAMPP/xamppfiles/htdocs/api_for_test/Home/Model/FieldsModel.class.php 第 10 行.
SQL: SHOW COLUMNS FROM `js_fields` [ RunTime:0.0013s ]
SQL: SELECT * FROM `js_courses` WHERE `status` = 1 ORDER BY id  [ RunTime:0.0003s ]
SQL: SELECT * FROM `js_fields` ORDER BY id  [ RunTime:0.0001s ]
NOTIC: [8] Use of undefined constant course_data - assumed 'course_data' /Applications/XAMPP/xamppfiles/htdocs/api_for_test/Home/Controller/IndexController.class.php 第 62 行.
NOTIC: [8] Use of undefined constant course_field - assumed 'course_field' /Applications/XAMPP/xamppfiles/htdocs/api_for_test/Home/Controller/IndexController.class.php 第 63 行.

[ 2018-12-21T18:37:56+08:00 ] ::1 /api_for_test/Index/getCourse
INFO: [ app_init ] --START--
INFO: Run Behavior\BuildLiteBehavior [ RunTime:0.000009s ]
INFO: [ app_init ] --END-- [ RunTime:0.000553s ]
INFO: [ app_begin ] --START--
INFO: Run Behavior\ReadHtmlCacheBehavior [ RunTime:0.000428s ]
INFO: [ app_begin ] --END-- [ RunTime:0.000451s ]
SQL: SHOW COLUMNS FROM `js_courses` [ RunTime:0.0014s ]
NOTIC: [2] Declaration of Home\Model\FieldsModel::getField() should be compatible with Think\Model::getField($field, $sepa = NULL) /Applications/XAMPP/xamppfiles/htdocs/api_for_test/Home/Model/FieldsModel.class.php 第 10 行.
SQL: SHOW COLUMNS FROM `js_fields` [ RunTime:0.0011s ]
SQL: SELECT * FROM `js_courses` WHERE `status` = 1 ORDER BY id  [ RunTime:0.0003s ]
SQL: SELECT * FROM `js_fields` ORDER BY id  [ RunTime:0.0001s ]
NOTIC: [8] Use of undefined constant course_data - assumed 'course_data' /Applications/XAMPP/xamppfiles/htdocs/api_for_test/Home/Controller/IndexController.class.php 第 62 行.
NOTIC: [8] Use of undefined constant course_field - assumed 'course_field' /Applications/XAMPP/xamppfiles/htdocs/api_for_test/Home/Controller/IndexController.class.php 第 63 行.

[ 2018-12-21T19:52:09+08:00 ] ::1 /api_for_test/Index/getCourse
INFO: [ app_init ] --START--
INFO: Run Behavior\BuildLiteBehavior [ RunTime:0.000007s ]
INFO: [ app_init ] --END-- [ RunTime:0.000536s ]
INFO: [ app_begin ] --START--
INFO: Run Behavior\ReadHtmlCacheBehavior [ RunTime:0.000524s ]
INFO: [ app_begin ] --END-- [ RunTime:0.000548s ]
SQL: SHOW COLUMNS FROM `js_courses` [ RunTime:0.0035s ]
NOTIC: [2] Declaration of Home\Model\FieldsModel::getField() should be compatible with Think\Model::getField($field, $sepa = NULL) /Applications/XAMPP/xamppfiles/htdocs/api_for_test/Home/Model/FieldsModel.class.php 第 10 行.
SQL: SHOW COLUMNS FROM `js_fields` [ RunTime:0.0016s ]
SQL: SELECT * FROM `js_courses` WHERE `status` = 1 ORDER BY id  [ RunTime:0.0004s ]
SQL: SELECT * FROM `js_fields` ORDER BY id  [ RunTime:0.0001s ]
NOTIC: [8] Use of undefined constant course_data - assumed 'course_data' /Applications/XAMPP/xamppfiles/htdocs/api_for_test/Home/Controller/IndexController.class.php 第 62 行.
NOTIC: [8] Use of undefined constant course_field - assumed 'course_field' /Applications/XAMPP/xamppfiles/htdocs/api_for_test/Home/Controller/IndexController.class.php 第 63 行.

