[ 2018-11-07T18:34:31+08:00 ] ::1 /api_for_test/Index/getCourses
INFO: [ app_init ] --START--
INFO: Run Behavior\BuildLiteBehavior [ RunTime:0.000015s ]
INFO: [ app_init ] --END-- [ RunTime:0.002527s ]
INFO: [ app_begin ] --START--
INFO: Run Behavior\ReadHtmlCacheBehavior [ RunTime:0.000994s ]
INFO: [ app_begin ] --END-- [ RunTime:0.001044s ]
SQL: SHOW COLUMNS FROM `js_course` [ RunTime:0.0262s ]
SQL: SELECT COUNT(*) AS tp_count FROM `js_course` WHERE `status` = 1 LIMIT 1   [ RunTime:0.0005s ]
SQL: SELECT * FROM `js_course` WHERE `status` = 1 LIMIT 0,6   [ RunTime:0.0003s ]

[ 2018-11-07T18:37:28+08:00 ] ::1 /api_for_test/Index/getCourses
INFO: [ app_init ] --START--
INFO: Run Behavior\BuildLiteBehavior [ RunTime:0.000010s ]
INFO: [ app_init ] --END-- [ RunTime:0.000256s ]
INFO: [ app_begin ] --START--
INFO: Run Behavior\ReadHtmlCacheBehavior [ RunTime:0.002285s ]
INFO: [ app_begin ] --END-- [ RunTime:0.002317s ]
SQL: SHOW COLUMNS FROM `js_course` [ RunTime:0.0030s ]
SQL: SELECT COUNT(*) AS tp_count FROM `js_course` WHERE `status` = 1 LIMIT 1   [ RunTime:0.0002s ]
SQL: SELECT * FROM `js_course` WHERE `status` = 1 LIMIT 0,6   [ RunTime:0.0002s ]

[ 2018-11-07T18:37:30+08:00 ] ::1 /api_for_test/Index/getCourses
INFO: [ app_init ] --START--
INFO: Run Behavior\BuildLiteBehavior [ RunTime:0.000008s ]
INFO: [ app_init ] --END-- [ RunTime:0.000270s ]
INFO: [ app_begin ] --START--
INFO: Run Behavior\ReadHtmlCacheBehavior [ RunTime:0.000396s ]
INFO: [ app_begin ] --END-- [ RunTime:0.000418s ]
SQL: SHOW COLUMNS FROM `js_course` [ RunTime:0.0017s ]
SQL: SELECT COUNT(*) AS tp_count FROM `js_course` WHERE `status` = 1 LIMIT 1   [ RunTime:0.0002s ]
SQL: SELECT * FROM `js_course` WHERE `status` = 1 LIMIT 6,6   [ RunTime:0.0002s ]

[ 2018-11-07T18:37:57+08:00 ] ::1 /api_for_test/Index/getCourses
INFO: [ app_init ] --START--
INFO: Run Behavior\BuildLiteBehavior [ RunTime:0.000007s ]
INFO: [ app_init ] --END-- [ RunTime:0.000271s ]
INFO: [ app_begin ] --START--
INFO: Run Behavior\ReadHtmlCacheBehavior [ RunTime:0.001529s ]
INFO: [ app_begin ] --END-- [ RunTime:0.001559s ]
SQL: SHOW COLUMNS FROM `js_course` [ RunTime:0.0016s ]
SQL: SELECT COUNT(*) AS tp_count FROM `js_course` WHERE `status` = 1 LIMIT 1   [ RunTime:0.0002s ]
SQL: SELECT * FROM `js_course` WHERE `status` = 1 LIMIT 0,6   [ RunTime:0.0001s ]

[ 2018-11-07T18:38:01+08:00 ] ::1 /api_for_test/Index/getCourses
INFO: [ app_init ] --START--
INFO: Run Behavior\BuildLiteBehavior [ RunTime:0.000006s ]
INFO: [ app_init ] --END-- [ RunTime:0.000178s ]
INFO: [ app_begin ] --START--
INFO: Run Behavior\ReadHtmlCacheBehavior [ RunTime:0.000231s ]
INFO: [ app_begin ] --END-- [ RunTime:0.000253s ]
SQL: SHOW COLUMNS FROM `js_course` [ RunTime:0.0017s ]
SQL: SELECT COUNT(*) AS tp_count FROM `js_course` WHERE `status` = 1 LIMIT 1   [ RunTime:0.0002s ]
SQL: SELECT * FROM `js_course` WHERE `status` = 1 LIMIT 6,6   [ RunTime:0.0004s ]

[ 2018-11-07T18:38:34+08:00 ] ::1 /api_for_test/Index/getCourses
INFO: [ app_init ] --START--
INFO: Run Behavior\BuildLiteBehavior [ RunTime:0.000006s ]
INFO: [ app_init ] --END-- [ RunTime:0.000183s ]
INFO: [ app_begin ] --START--
INFO: Run Behavior\ReadHtmlCacheBehavior [ RunTime:0.000280s ]
INFO: [ app_begin ] --END-- [ RunTime:0.000300s ]
SQL: SHOW COLUMNS FROM `js_course` [ RunTime:0.0015s ]
SQL: SELECT COUNT(*) AS tp_count FROM `js_course` WHERE `status` = 1 LIMIT 1   [ RunTime:0.0002s ]
SQL: SELECT * FROM `js_course` WHERE `status` = 1 LIMIT 0,6   [ RunTime:0.0002s ]

[ 2018-11-07T18:38:35+08:00 ] ::1 /api_for_test/Index/getCourses
INFO: [ app_init ] --START--
INFO: Run Behavior\BuildLiteBehavior [ RunTime:0.000011s ]
INFO: [ app_init ] --END-- [ RunTime:0.000218s ]
INFO: [ app_begin ] --START--
INFO: Run Behavior\ReadHtmlCacheBehavior [ RunTime:0.000261s ]
INFO: [ app_begin ] --END-- [ RunTime:0.000278s ]
SQL: SHOW COLUMNS FROM `js_course` [ RunTime:0.0015s ]
SQL: SELECT COUNT(*) AS tp_count FROM `js_course` WHERE `status` = 1 LIMIT 1   [ RunTime:0.0002s ]
SQL: SELECT * FROM `js_course` WHERE `status` = 1 LIMIT 6,6   [ RunTime:0.0002s ]

[ 2018-11-07T18:38:36+08:00 ] ::1 /api_for_test/Index/getCourses
INFO: [ app_init ] --START--
INFO: Run Behavior\BuildLiteBehavior [ RunTime:0.000010s ]
INFO: [ app_init ] --END-- [ RunTime:0.000209s ]
INFO: [ app_begin ] --START--
INFO: Run Behavior\ReadHtmlCacheBehavior [ RunTime:0.000253s ]
INFO: [ app_begin ] --END-- [ RunTime:0.000270s ]
SQL: SHOW COLUMNS FROM `js_course` [ RunTime:0.0016s ]
SQL: SELECT COUNT(*) AS tp_count FROM `js_course` WHERE `status` = 1 LIMIT 1   [ RunTime:0.0002s ]
SQL: SELECT * FROM `js_course` WHERE `status` = 1 LIMIT 12,6   [ RunTime:0.0001s ]

[ 2018-11-07T18:38:36+08:00 ] ::1 /api_for_test/Index/getCourses
INFO: [ app_init ] --START--
INFO: Run Behavior\BuildLiteBehavior [ RunTime:0.000007s ]
INFO: [ app_init ] --END-- [ RunTime:0.000190s ]
INFO: [ app_begin ] --START--
INFO: Run Behavior\ReadHtmlCacheBehavior [ RunTime:0.000244s ]
INFO: [ app_begin ] --END-- [ RunTime:0.000262s ]
SQL: SHOW COLUMNS FROM `js_course` [ RunTime:0.0014s ]
SQL: SELECT COUNT(*) AS tp_count FROM `js_course` WHERE `status` = 1 LIMIT 1   [ RunTime:0.0002s ]
SQL: SELECT * FROM `js_course` WHERE `status` = 1 LIMIT 18,6   [ RunTime:0.0001s ]

[ 2018-11-07T20:07:55+08:00 ] ::1 /api_for_test/Index/getCourses
INFO: [ app_init ] --START--
INFO: Run Behavior\BuildLiteBehavior [ RunTime:0.000009s ]
INFO: [ app_init ] --END-- [ RunTime:0.000618s ]
INFO: [ app_begin ] --START--
INFO: Run Behavior\ReadHtmlCacheBehavior [ RunTime:0.012357s ]
INFO: [ app_begin ] --END-- [ RunTime:0.012388s ]
SQL: SHOW COLUMNS FROM `js_course` [ RunTime:0.0022s ]
SQL: SELECT COUNT(*) AS tp_count FROM `js_course` WHERE `status` = 1 LIMIT 1   [ RunTime:0.0003s ]
SQL: SELECT * FROM `js_course` WHERE `status` = 1 LIMIT 0,6   [ RunTime:0.0002s ]

[ 2018-11-07T20:11:08+08:00 ] ::1 /api_for_test/Index/getCourses
INFO: [ app_init ] --START--
INFO: Run Behavior\BuildLiteBehavior [ RunTime:0.000008s ]
INFO: [ app_init ] --END-- [ RunTime:0.000565s ]
INFO: [ app_begin ] --START--
INFO: Run Behavior\ReadHtmlCacheBehavior [ RunTime:0.000477s ]
INFO: [ app_begin ] --END-- [ RunTime:0.000503s ]
SQL: SHOW COLUMNS FROM `js_course` [ RunTime:0.0023s ]
SQL: SELECT COUNT(*) AS tp_count FROM `js_course` WHERE `status` = 1 LIMIT 1   [ RunTime:0.0002s ]
SQL: SELECT * FROM `js_course` WHERE `status` = 1 LIMIT 0,6   [ RunTime:0.0001s ]

[ 2018-11-07T20:11:09+08:00 ] ::1 /api_for_test/Index/getCourses
INFO: [ app_init ] --START--
INFO: Run Behavior\BuildLiteBehavior [ RunTime:0.000006s ]
INFO: [ app_init ] --END-- [ RunTime:0.000177s ]
INFO: [ app_begin ] --START--
INFO: Run Behavior\ReadHtmlCacheBehavior [ RunTime:0.000287s ]
INFO: [ app_begin ] --END-- [ RunTime:0.000310s ]
SQL: SHOW COLUMNS FROM `js_course` [ RunTime:0.0019s ]
SQL: SELECT COUNT(*) AS tp_count FROM `js_course` WHERE `status` = 1 LIMIT 1   [ RunTime:0.0005s ]
SQL: SELECT * FROM `js_course` WHERE `status` = 1 LIMIT 0,6   [ RunTime:0.0002s ]

[ 2018-11-07T20:11:29+08:00 ] ::1 /api_for_test/Index/getCourses
INFO: [ app_init ] --START--
INFO: Run Behavior\BuildLiteBehavior [ RunTime:0.000007s ]
INFO: [ app_init ] --END-- [ RunTime:0.000307s ]
INFO: [ app_begin ] --START--
INFO: Run Behavior\ReadHtmlCacheBehavior [ RunTime:0.000469s ]
INFO: [ app_begin ] --END-- [ RunTime:0.000494s ]
SQL: SHOW COLUMNS FROM `js_course` [ RunTime:0.0014s ]
SQL: SELECT COUNT(*) AS tp_count FROM `js_course` WHERE `status` = 1 LIMIT 1   [ RunTime:0.0002s ]
SQL: SELECT * FROM `js_course` WHERE `status` = 1 LIMIT 0,6   [ RunTime:0.0002s ]

[ 2018-11-07T20:11:50+08:00 ] ::1 /api_for_test/Index/getCourses
INFO: [ app_init ] --START--
INFO: Run Behavior\BuildLiteBehavior [ RunTime:0.000007s ]
INFO: [ app_init ] --END-- [ RunTime:0.000229s ]
INFO: [ app_begin ] --START--
INFO: Run Behavior\ReadHtmlCacheBehavior [ RunTime:0.000311s ]
INFO: [ app_begin ] --END-- [ RunTime:0.000329s ]
SQL: SHOW COLUMNS FROM `js_course` [ RunTime:0.0018s ]
SQL: SELECT COUNT(*) AS tp_count FROM `js_course` WHERE `status` = 1 LIMIT 1   [ RunTime:0.0003s ]
SQL: SELECT * FROM `js_course` WHERE `status` = 1 LIMIT 0,6   [ RunTime:0.0002s ]

[ 2018-11-07T20:12:08+08:00 ] ::1 /api_for_test/Index/getCourses
INFO: [ app_init ] --START--
INFO: Run Behavior\BuildLiteBehavior [ RunTime:0.000008s ]
INFO: [ app_init ] --END-- [ RunTime:0.000533s ]
INFO: [ app_begin ] --START--
INFO: Run Behavior\ReadHtmlCacheBehavior [ RunTime:0.000528s ]
INFO: [ app_begin ] --END-- [ RunTime:0.000559s ]
SQL: SHOW COLUMNS FROM `js_course` [ RunTime:0.0013s ]
SQL: SELECT COUNT(*) AS tp_count FROM `js_course` WHERE `status` = 1 LIMIT 1   [ RunTime:0.0002s ]
SQL: SELECT * FROM `js_course` WHERE `status` = 1 LIMIT 0,6   [ RunTime:0.0002s ]

[ 2018-11-07T20:18:14+08:00 ] ::1 /api_for_test/Index/getCourses
INFO: [ app_init ] --START--
INFO: Run Behavior\BuildLiteBehavior [ RunTime:0.000008s ]
INFO: [ app_init ] --END-- [ RunTime:0.000590s ]
INFO: [ app_begin ] --START--
INFO: Run Behavior\ReadHtmlCacheBehavior [ RunTime:0.000556s ]
INFO: [ app_begin ] --END-- [ RunTime:0.000589s ]
SQL: SHOW COLUMNS FROM `js_course` [ RunTime:0.0028s ]
SQL: SELECT COUNT(*) AS tp_count FROM `js_course` WHERE `status` = 1 LIMIT 1   [ RunTime:0.0003s ]
SQL: SELECT * FROM `js_course` WHERE `status` = 1 LIMIT 0,6   [ RunTime:0.0003s ]

[ 2018-11-07T20:18:42+08:00 ] ::1 /api_for_test/Index/getCourses
INFO: [ app_init ] --START--
INFO: Run Behavior\BuildLiteBehavior [ RunTime:0.000008s ]
INFO: [ app_init ] --END-- [ RunTime:0.000413s ]
INFO: [ app_begin ] --START--
INFO: Run Behavior\ReadHtmlCacheBehavior [ RunTime:0.000468s ]
INFO: [ app_begin ] --END-- [ RunTime:0.000493s ]
SQL: SHOW COLUMNS FROM `js_course` [ RunTime:0.0016s ]
SQL: SELECT COUNT(*) AS tp_count FROM `js_course` WHERE `status` = 1 LIMIT 1   [ RunTime:0.0002s ]
SQL: SELECT * FROM `js_course` WHERE `status` = 1 LIMIT 0,6   [ RunTime:0.0002s ]

[ 2018-11-07T20:19:39+08:00 ] ::1 /api_for_test/Index/getCourses
INFO: [ app_init ] --START--
INFO: Run Behavior\BuildLiteBehavior [ RunTime:0.000008s ]
INFO: [ app_init ] --END-- [ RunTime:0.000642s ]
INFO: [ app_begin ] --START--
INFO: Run Behavior\ReadHtmlCacheBehavior [ RunTime:0.000485s ]
INFO: [ app_begin ] --END-- [ RunTime:0.000512s ]
SQL: SHOW COLUMNS FROM `js_course` [ RunTime:0.0018s ]
SQL: SELECT COUNT(*) AS tp_count FROM `js_course` WHERE `status` = 1 LIMIT 1   [ RunTime:0.0002s ]
SQL: SELECT * FROM `js_course` WHERE `status` = 1 LIMIT 0,6   [ RunTime:0.0002s ]

[ 2018-11-07T20:19:47+08:00 ] ::1 /api_for_test/Index/getCourses
INFO: [ app_init ] --START--
INFO: Run Behavior\BuildLiteBehavior [ RunTime:0.000006s ]
INFO: [ app_init ] --END-- [ RunTime:0.000346s ]
INFO: [ app_begin ] --START--
INFO: Run Behavior\ReadHtmlCacheBehavior [ RunTime:0.000444s ]
INFO: [ app_begin ] --END-- [ RunTime:0.000492s ]
SQL: SHOW COLUMNS FROM `js_course` [ RunTime:0.0014s ]
SQL: SELECT COUNT(*) AS tp_count FROM `js_course` WHERE `status` = 1 LIMIT 1   [ RunTime:0.0002s ]
SQL: SELECT * FROM `js_course` WHERE `status` = 1 LIMIT 0,6   [ RunTime:0.0002s ]

[ 2018-11-07T20:19:53+08:00 ] ::1 /api_for_test/Index/getCourses
INFO: [ app_init ] --START--
INFO: Run Behavior\BuildLiteBehavior [ RunTime:0.000007s ]
INFO: [ app_init ] --END-- [ RunTime:0.000257s ]
INFO: [ app_begin ] --START--
INFO: Run Behavior\ReadHtmlCacheBehavior [ RunTime:0.000312s ]
INFO: [ app_begin ] --END-- [ RunTime:0.000337s ]
SQL: SHOW COLUMNS FROM `js_course` [ RunTime:0.0015s ]
SQL: SELECT COUNT(*) AS tp_count FROM `js_course` WHERE `status` = 1 LIMIT 1   [ RunTime:0.0002s ]
SQL: SELECT * FROM `js_course` WHERE `status` = 1 LIMIT 0,6   [ RunTime:0.0002s ]

[ 2018-11-07T20:22:14+08:00 ] ::1 /api_for_test/Index/getCourses
INFO: [ app_init ] --START--
INFO: Run Behavior\BuildLiteBehavior [ RunTime:0.000011s ]
INFO: [ app_init ] --END-- [ RunTime:0.000885s ]
INFO: [ app_begin ] --START--
INFO: Run Behavior\ReadHtmlCacheBehavior [ RunTime:0.000631s ]
INFO: [ app_begin ] --END-- [ RunTime:0.000674s ]
SQL: SHOW COLUMNS FROM `js_course` [ RunTime:0.0028s ]
SQL: SELECT COUNT(*) AS tp_count FROM `js_course` WHERE `status` = 1 LIMIT 1   [ RunTime:0.0002s ]
SQL: SELECT * FROM `js_course` WHERE `status` = 1 LIMIT 0,6   [ RunTime:0.0001s ]

[ 2018-11-07T20:25:13+08:00 ] ::1 /api_for_test/Index/getCourses
INFO: [ app_init ] --START--
INFO: Run Behavior\BuildLiteBehavior [ RunTime:0.000008s ]
INFO: [ app_init ] --END-- [ RunTime:0.000575s ]
INFO: [ app_begin ] --START--
INFO: Run Behavior\ReadHtmlCacheBehavior [ RunTime:0.000494s ]
INFO: [ app_begin ] --END-- [ RunTime:0.000516s ]
SQL: SHOW COLUMNS FROM `js_course` [ RunTime:0.0021s ]
SQL: SELECT COUNT(*) AS tp_count FROM `js_course` WHERE `status` = 1 LIMIT 1   [ RunTime:0.0002s ]
SQL: SELECT * FROM `js_course` WHERE `status` = 1 LIMIT 0,6   [ RunTime:0.0001s ]

[ 2018-11-07T20:25:28+08:00 ] ::1 /api_for_test/Index/getCourses
INFO: [ app_init ] --START--
INFO: Run Behavior\BuildLiteBehavior [ RunTime:0.000007s ]
INFO: [ app_init ] --END-- [ RunTime:0.000265s ]
INFO: [ app_begin ] --START--
INFO: Run Behavior\ReadHtmlCacheBehavior [ RunTime:0.000352s ]
INFO: [ app_begin ] --END-- [ RunTime:0.000375s ]
SQL: SHOW COLUMNS FROM `js_course` [ RunTime:0.0015s ]
SQL: SELECT COUNT(*) AS tp_count FROM `js_course` WHERE `status` = 1 LIMIT 1   [ RunTime:0.0002s ]
SQL: SELECT * FROM `js_course` WHERE `status` = 1 LIMIT 0,6   [ RunTime:0.0002s ]

[ 2018-11-07T20:28:54+08:00 ] ::1 /api_for_test/Index/getCourses
INFO: [ app_init ] --START--
INFO: Run Behavior\BuildLiteBehavior [ RunTime:0.000008s ]
INFO: [ app_init ] --END-- [ RunTime:0.001084s ]
INFO: [ app_begin ] --START--
INFO: Run Behavior\ReadHtmlCacheBehavior [ RunTime:0.001430s ]
INFO: [ app_begin ] --END-- [ RunTime:0.001463s ]
SQL: SHOW COLUMNS FROM `js_course` [ RunTime:0.0023s ]
SQL: SELECT COUNT(*) AS tp_count FROM `js_course` WHERE `status` = 1 LIMIT 1   [ RunTime:0.0003s ]
SQL: SELECT * FROM `js_course` WHERE `status` = 1 LIMIT 0,6   [ RunTime:0.0002s ]

[ 2018-11-07T20:34:43+08:00 ] ::1 /api_for_test/Index/getCourses
INFO: [ app_init ] --START--
INFO: Run Behavior\BuildLiteBehavior [ RunTime:0.000007s ]
INFO: [ app_init ] --END-- [ RunTime:0.000503s ]
INFO: [ app_begin ] --START--
INFO: Run Behavior\ReadHtmlCacheBehavior [ RunTime:0.000480s ]
INFO: [ app_begin ] --END-- [ RunTime:0.000509s ]
SQL: SHOW COLUMNS FROM `js_course` [ RunTime:0.0023s ]
SQL: SELECT COUNT(*) AS tp_count FROM `js_course` WHERE `status` = 1 LIMIT 1   [ RunTime:0.0004s ]
SQL: SELECT * FROM `js_course` WHERE `status` = 1 LIMIT 0,6   [ RunTime:0.0002s ]

[ 2018-11-07T20:34:48+08:00 ] ::1 /api_for_test/Index/getCourses
INFO: [ app_init ] --START--
INFO: Run Behavior\BuildLiteBehavior [ RunTime:0.000007s ]
INFO: [ app_init ] --END-- [ RunTime:0.000245s ]
INFO: [ app_begin ] --START--
INFO: Run Behavior\ReadHtmlCacheBehavior [ RunTime:0.000285s ]
INFO: [ app_begin ] --END-- [ RunTime:0.000301s ]
SQL: SHOW COLUMNS FROM `js_course` [ RunTime:0.0016s ]
SQL: SELECT COUNT(*) AS tp_count FROM `js_course` WHERE `status` = 1 LIMIT 1   [ RunTime:0.0003s ]
SQL: SELECT * FROM `js_course` WHERE `status` = 1 LIMIT 0,6   [ RunTime:0.0002s ]

[ 2018-11-07T20:36:46+08:00 ] ::1 /api_for_test/Index/getCourses
INFO: [ app_init ] --START--
INFO: Run Behavior\BuildLiteBehavior [ RunTime:0.000008s ]
INFO: [ app_init ] --END-- [ RunTime:0.000319s ]
INFO: [ app_begin ] --START--
INFO: Run Behavior\ReadHtmlCacheBehavior [ RunTime:0.000478s ]
INFO: [ app_begin ] --END-- [ RunTime:0.000496s ]
SQL: SHOW COLUMNS FROM `js_course` [ RunTime:0.0030s ]
SQL: SELECT COUNT(*) AS tp_count FROM `js_course` WHERE `status` = 1 LIMIT 1   [ RunTime:0.0003s ]
SQL: SELECT * FROM `js_course` WHERE `status` = 1 LIMIT 0,6   [ RunTime:0.0003s ]

[ 2018-11-07T20:37:14+08:00 ] ::1 /api_for_test/Index/getCourses
INFO: [ app_init ] --START--
INFO: Run Behavior\BuildLiteBehavior [ RunTime:0.000008s ]
INFO: [ app_init ] --END-- [ RunTime:0.000310s ]
INFO: [ app_begin ] --START--
INFO: Run Behavior\ReadHtmlCacheBehavior [ RunTime:0.000440s ]
INFO: [ app_begin ] --END-- [ RunTime:0.000467s ]
SQL: SHOW COLUMNS FROM `js_course` [ RunTime:0.0025s ]
SQL: SELECT COUNT(*) AS tp_count FROM `js_course` WHERE `status` = 1 LIMIT 1   [ RunTime:0.0002s ]
SQL: SELECT * FROM `js_course` WHERE `status` = 1 LIMIT 0,6   [ RunTime:0.0001s ]

[ 2018-11-07T20:37:21+08:00 ] ::1 /api_for_test/Index/getCourses
INFO: [ app_init ] --START--
INFO: Run Behavior\BuildLiteBehavior [ RunTime:0.000008s ]
INFO: [ app_init ] --END-- [ RunTime:0.000285s ]
INFO: [ app_begin ] --START--
INFO: Run Behavior\ReadHtmlCacheBehavior [ RunTime:0.000406s ]
INFO: [ app_begin ] --END-- [ RunTime:0.000430s ]
SQL: SHOW COLUMNS FROM `js_course` [ RunTime:0.0025s ]
SQL: SELECT COUNT(*) AS tp_count FROM `js_course` WHERE `status` = 1 LIMIT 1   [ RunTime:0.0002s ]
SQL: SELECT * FROM `js_course` WHERE `status` = 1 LIMIT 0,6   [ RunTime:0.0002s ]

[ 2018-11-07T20:38:58+08:00 ] ::1 /api_for_test/Index/getCourses
INFO: [ app_init ] --START--
INFO: Run Behavior\BuildLiteBehavior [ RunTime:0.000006s ]
INFO: [ app_init ] --END-- [ RunTime:0.000221s ]
INFO: [ app_begin ] --START--
INFO: Run Behavior\ReadHtmlCacheBehavior [ RunTime:0.000277s ]
INFO: [ app_begin ] --END-- [ RunTime:0.000293s ]
SQL: SHOW COLUMNS FROM `js_course` [ RunTime:0.0015s ]
SQL: SELECT COUNT(*) AS tp_count FROM `js_course` WHERE `status` = 1 LIMIT 1   [ RunTime:0.0002s ]
SQL: SELECT * FROM `js_course` WHERE `status` = 1 LIMIT 0,6   [ RunTime:0.0002s ]

[ 2018-11-07T20:39:33+08:00 ] ::1 /api_for_test/Index/getCourses
INFO: [ app_init ] --START--
INFO: Run Behavior\BuildLiteBehavior [ RunTime:0.000011s ]
INFO: [ app_init ] --END-- [ RunTime:0.001275s ]
INFO: [ app_begin ] --START--
INFO: Run Behavior\ReadHtmlCacheBehavior [ RunTime:0.000339s ]
INFO: [ app_begin ] --END-- [ RunTime:0.000363s ]
SQL: SHOW COLUMNS FROM `js_course` [ RunTime:0.0015s ]
SQL: SELECT COUNT(*) AS tp_count FROM `js_course` WHERE `status` = 1 LIMIT 1   [ RunTime:0.0002s ]
SQL: SELECT * FROM `js_course` WHERE `status` = 1 LIMIT 0,6   [ RunTime:0.0001s ]

[ 2018-11-07T20:43:02+08:00 ] ::1 /api_for_test/Index/getCourses
INFO: [ app_init ] --START--
INFO: Run Behavior\BuildLiteBehavior [ RunTime:0.000007s ]
INFO: [ app_init ] --END-- [ RunTime:0.000273s ]
INFO: [ app_begin ] --START--
INFO: Run Behavior\ReadHtmlCacheBehavior [ RunTime:0.000274s ]
INFO: [ app_begin ] --END-- [ RunTime:0.000290s ]
SQL: SHOW COLUMNS FROM `js_course` [ RunTime:0.0017s ]
SQL: SELECT COUNT(*) AS tp_count FROM `js_course` WHERE `status` = 1 LIMIT 1   [ RunTime:0.0002s ]
SQL: SELECT * FROM `js_course` WHERE `status` = 1 LIMIT 0,6   [ RunTime:0.0002s ]

[ 2018-11-07T20:47:26+08:00 ] ::1 /api_for_test/Index/getCourses
INFO: [ app_init ] --START--
INFO: Run Behavior\BuildLiteBehavior [ RunTime:0.000010s ]
INFO: [ app_init ] --END-- [ RunTime:0.000917s ]
INFO: [ app_begin ] --START--
INFO: Run Behavior\ReadHtmlCacheBehavior [ RunTime:0.000717s ]
INFO: [ app_begin ] --END-- [ RunTime:0.000746s ]
SQL: SHOW COLUMNS FROM `js_course` [ RunTime:0.0040s ]
SQL: SELECT COUNT(*) AS tp_count FROM `js_course` WHERE `status` = 1 LIMIT 1   [ RunTime:0.0002s ]
SQL: SELECT * FROM `js_course` WHERE `status` = 1 LIMIT 0,6   [ RunTime:0.0002s ]

[ 2018-11-07T20:47:28+08:00 ] ::1 /api_for_test/Index/getCourses
INFO: [ app_init ] --START--
INFO: Run Behavior\BuildLiteBehavior [ RunTime:0.000007s ]
INFO: [ app_init ] --END-- [ RunTime:0.000328s ]
INFO: [ app_begin ] --START--
INFO: Run Behavior\ReadHtmlCacheBehavior [ RunTime:0.000236s ]
INFO: [ app_begin ] --END-- [ RunTime:0.000254s ]
SQL: SHOW COLUMNS FROM `js_course` [ RunTime:0.0014s ]
SQL: SELECT COUNT(*) AS tp_count FROM `js_course` WHERE `status` = 1 LIMIT 1   [ RunTime:0.0002s ]
SQL: SELECT * FROM `js_course` WHERE `status` = 1 LIMIT 6,6   [ RunTime:0.0001s ]

[ 2018-11-07T20:47:30+08:00 ] ::1 /api_for_test/Index/getCourses
INFO: [ app_init ] --START--
INFO: Run Behavior\BuildLiteBehavior [ RunTime:0.000005s ]
INFO: [ app_init ] --END-- [ RunTime:0.000168s ]
INFO: [ app_begin ] --START--
INFO: Run Behavior\ReadHtmlCacheBehavior [ RunTime:0.000228s ]
INFO: [ app_begin ] --END-- [ RunTime:0.000245s ]
SQL: SHOW COLUMNS FROM `js_course` [ RunTime:0.0014s ]
SQL: SELECT COUNT(*) AS tp_count FROM `js_course` WHERE `status` = 1 LIMIT 1   [ RunTime:0.0002s ]
SQL: SELECT * FROM `js_course` WHERE `status` = 1 LIMIT 12,6   [ RunTime:0.0002s ]

[ 2018-11-07T20:47:32+08:00 ] ::1 /api_for_test/Index/getCourses
INFO: [ app_init ] --START--
INFO: Run Behavior\BuildLiteBehavior [ RunTime:0.000008s ]
INFO: [ app_init ] --END-- [ RunTime:0.000229s ]
INFO: [ app_begin ] --START--
INFO: Run Behavior\ReadHtmlCacheBehavior [ RunTime:0.000463s ]
INFO: [ app_begin ] --END-- [ RunTime:0.000484s ]
SQL: SHOW COLUMNS FROM `js_course` [ RunTime:0.0280s ]
SQL: SELECT COUNT(*) AS tp_count FROM `js_course` WHERE `status` = 1 LIMIT 1   [ RunTime:0.0002s ]
SQL: SELECT * FROM `js_course` WHERE `status` = 1 LIMIT 18,6   [ RunTime:0.0002s ]

[ 2018-11-07T20:47:48+08:00 ] ::1 /api_for_test/Index/getCourses
INFO: [ app_init ] --START--
INFO: Run Behavior\BuildLiteBehavior [ RunTime:0.000008s ]
INFO: [ app_init ] --END-- [ RunTime:0.000408s ]
INFO: [ app_begin ] --START--
INFO: Run Behavior\ReadHtmlCacheBehavior [ RunTime:0.000723s ]
INFO: [ app_begin ] --END-- [ RunTime:0.000767s ]
SQL: SHOW COLUMNS FROM `js_course` [ RunTime:0.0017s ]
SQL: SELECT COUNT(*) AS tp_count FROM `js_course` WHERE `status` = 1 LIMIT 1   [ RunTime:0.0002s ]
SQL: SELECT * FROM `js_course` WHERE `status` = 1 LIMIT 0,6   [ RunTime:0.0002s ]

[ 2018-11-07T20:47:50+08:00 ] ::1 /api_for_test/Index/getCourses
INFO: [ app_init ] --START--
INFO: Run Behavior\BuildLiteBehavior [ RunTime:0.000007s ]
INFO: [ app_init ] --END-- [ RunTime:0.000190s ]
INFO: [ app_begin ] --START--
INFO: Run Behavior\ReadHtmlCacheBehavior [ RunTime:0.000233s ]
INFO: [ app_begin ] --END-- [ RunTime:0.000250s ]
SQL: SHOW COLUMNS FROM `js_course` [ RunTime:0.0028s ]
SQL: SELECT COUNT(*) AS tp_count FROM `js_course` WHERE `status` = 1 LIMIT 1   [ RunTime:0.0002s ]
SQL: SELECT * FROM `js_course` WHERE `status` = 1 LIMIT 6,6   [ RunTime:0.0003s ]

[ 2018-11-07T20:47:53+08:00 ] ::1 /api_for_test/Index/getCourses
INFO: [ app_init ] --START--
INFO: Run Behavior\BuildLiteBehavior [ RunTime:0.000007s ]
INFO: [ app_init ] --END-- [ RunTime:0.000239s ]
INFO: [ app_begin ] --START--
INFO: Run Behavior\ReadHtmlCacheBehavior [ RunTime:0.000239s ]
INFO: [ app_begin ] --END-- [ RunTime:0.000256s ]
SQL: SHOW COLUMNS FROM `js_course` [ RunTime:0.0016s ]
SQL: SELECT COUNT(*) AS tp_count FROM `js_course` WHERE `status` = 1 LIMIT 1   [ RunTime:0.0002s ]
SQL: SELECT * FROM `js_course` WHERE `status` = 1 LIMIT 12,6   [ RunTime:0.0002s ]

[ 2018-11-07T20:47:55+08:00 ] ::1 /api_for_test/Index/getCourses
INFO: [ app_init ] --START--
INFO: Run Behavior\BuildLiteBehavior [ RunTime:0.000011s ]
INFO: [ app_init ] --END-- [ RunTime:0.000335s ]
INFO: [ app_begin ] --START--
INFO: Run Behavior\ReadHtmlCacheBehavior [ RunTime:0.000505s ]
INFO: [ app_begin ] --END-- [ RunTime:0.000864s ]
SQL: SHOW COLUMNS FROM `js_course` [ RunTime:0.0029s ]
SQL: SELECT COUNT(*) AS tp_count FROM `js_course` WHERE `status` = 1 LIMIT 1   [ RunTime:0.0014s ]
SQL: SELECT * FROM `js_course` WHERE `status` = 1 LIMIT 18,6   [ RunTime:0.0006s ]

[ 2018-11-07T20:48:21+08:00 ] ::1 /api_for_test/Index/getCourses
INFO: [ app_init ] --START--
INFO: Run Behavior\BuildLiteBehavior [ RunTime:0.000006s ]
INFO: [ app_init ] --END-- [ RunTime:0.001324s ]
INFO: [ app_begin ] --START--
INFO: Run Behavior\ReadHtmlCacheBehavior [ RunTime:0.000320s ]
INFO: [ app_begin ] --END-- [ RunTime:0.000340s ]
SQL: SHOW COLUMNS FROM `js_course` [ RunTime:0.0022s ]
SQL: SELECT COUNT(*) AS tp_count FROM `js_course` WHERE `status` = 1 LIMIT 1   [ RunTime:0.0002s ]
SQL: SELECT * FROM `js_course` WHERE `status` = 1 LIMIT 12,6   [ RunTime:0.0002s ]

[ 2018-11-07T20:51:56+08:00 ] ::1 /api_for_test/Index/getCourses
INFO: [ app_init ] --START--
INFO: Run Behavior\BuildLiteBehavior [ RunTime:0.000009s ]
INFO: [ app_init ] --END-- [ RunTime:0.000566s ]
INFO: [ app_begin ] --START--
INFO: Run Behavior\ReadHtmlCacheBehavior [ RunTime:0.000473s ]
INFO: [ app_begin ] --END-- [ RunTime:0.000500s ]
SQL: SHOW COLUMNS FROM `js_course` [ RunTime:0.0038s ]
SQL: SELECT COUNT(*) AS tp_count FROM `js_course` WHERE `status` = 1 LIMIT 1   [ RunTime:0.0003s ]
SQL: SELECT * FROM `js_course` WHERE `status` = 1 LIMIT 0,6   [ RunTime:0.0002s ]

[ 2018-11-07T20:52:05+08:00 ] ::1 /api_for_test/Index/getCourses
INFO: [ app_init ] --START--
INFO: Run Behavior\BuildLiteBehavior [ RunTime:0.000009s ]
INFO: [ app_init ] --END-- [ RunTime:0.000561s ]
INFO: [ app_begin ] --START--
INFO: Run Behavior\ReadHtmlCacheBehavior [ RunTime:0.000316s ]
INFO: [ app_begin ] --END-- [ RunTime:0.000337s ]
SQL: SHOW COLUMNS FROM `js_course` [ RunTime:0.0017s ]
SQL: SELECT COUNT(*) AS tp_count FROM `js_course` WHERE `status` = 1 LIMIT 1   [ RunTime:0.0002s ]
SQL: SELECT * FROM `js_course` WHERE `status` = 1 LIMIT 0,6   [ RunTime:0.0003s ]

[ 2018-11-07T20:52:27+08:00 ] ::1 /api_for_test/Index/getCourses
INFO: [ app_init ] --START--
INFO: Run Behavior\BuildLiteBehavior [ RunTime:0.000006s ]
INFO: [ app_init ] --END-- [ RunTime:0.000230s ]
INFO: [ app_begin ] --START--
INFO: Run Behavior\ReadHtmlCacheBehavior [ RunTime:0.000330s ]
INFO: [ app_begin ] --END-- [ RunTime:0.000350s ]
SQL: SHOW COLUMNS FROM `js_course` [ RunTime:0.0017s ]
SQL: SELECT COUNT(*) AS tp_count FROM `js_course` WHERE `status` = 1 LIMIT 1   [ RunTime:0.0002s ]
SQL: SELECT * FROM `js_course` WHERE `status` = 1 LIMIT 6,6   [ RunTime:0.0002s ]

[ 2018-11-07T20:52:57+08:00 ] ::1 /api_for_test/Index/getCourses
INFO: [ app_init ] --START--
INFO: Run Behavior\BuildLiteBehavior [ RunTime:0.000008s ]
INFO: [ app_init ] --END-- [ RunTime:0.000322s ]
INFO: [ app_begin ] --START--
INFO: Run Behavior\ReadHtmlCacheBehavior [ RunTime:0.000328s ]
INFO: [ app_begin ] --END-- [ RunTime:0.000350s ]
SQL: SHOW COLUMNS FROM `js_course` [ RunTime:0.0014s ]
SQL: SELECT COUNT(*) AS tp_count FROM `js_course` WHERE `status` = 1 LIMIT 1   [ RunTime:0.0002s ]
SQL: SELECT * FROM `js_course` WHERE `status` = 1 LIMIT 0,6   [ RunTime:0.0002s ]

[ 2018-11-07T20:53:10+08:00 ] ::1 /api_for_test/Index/getCourses
INFO: [ app_init ] --START--
INFO: Run Behavior\BuildLiteBehavior [ RunTime:0.000052s ]
INFO: [ app_init ] --END-- [ RunTime:0.000310s ]
INFO: [ app_begin ] --START--
INFO: Run Behavior\ReadHtmlCacheBehavior [ RunTime:0.000369s ]
INFO: [ app_begin ] --END-- [ RunTime:0.000399s ]
SQL: SHOW COLUMNS FROM `js_course` [ RunTime:0.0015s ]
SQL: SELECT COUNT(*) AS tp_count FROM `js_course` WHERE `status` = 1 LIMIT 1   [ RunTime:0.0002s ]
SQL: SELECT * FROM `js_course` WHERE `status` = 1 LIMIT 6,6   [ RunTime:0.0002s ]

[ 2018-11-07T20:53:13+08:00 ] ::1 /api_for_test/Index/getCourses
INFO: [ app_init ] --START--
INFO: Run Behavior\BuildLiteBehavior [ RunTime:0.000005s ]
INFO: [ app_init ] --END-- [ RunTime:0.000170s ]
INFO: [ app_begin ] --START--
INFO: Run Behavior\ReadHtmlCacheBehavior [ RunTime:0.000211s ]
INFO: [ app_begin ] --END-- [ RunTime:0.000225s ]
SQL: SHOW COLUMNS FROM `js_course` [ RunTime:0.0017s ]
SQL: SELECT COUNT(*) AS tp_count FROM `js_course` WHERE `status` = 1 LIMIT 1   [ RunTime:0.0005s ]
SQL: SELECT * FROM `js_course` WHERE `status` = 1 LIMIT 12,6   [ RunTime:0.0003s ]

[ 2018-11-07T20:53:14+08:00 ] ::1 /api_for_test/Index/getCourses
INFO: [ app_init ] --START--
INFO: Run Behavior\BuildLiteBehavior [ RunTime:0.000006s ]
INFO: [ app_init ] --END-- [ RunTime:0.000176s ]
INFO: [ app_begin ] --START--
INFO: Run Behavior\ReadHtmlCacheBehavior [ RunTime:0.000228s ]
INFO: [ app_begin ] --END-- [ RunTime:0.000243s ]
SQL: SHOW COLUMNS FROM `js_course` [ RunTime:0.0016s ]
SQL: SELECT COUNT(*) AS tp_count FROM `js_course` WHERE `status` = 1 LIMIT 1   [ RunTime:0.0002s ]
SQL: SELECT * FROM `js_course` WHERE `status` = 1 LIMIT 18,6   [ RunTime:0.0001s ]

[ 2018-11-07T20:54:17+08:00 ] ::1 /api_for_test/Index/getCourses
INFO: [ app_init ] --START--
INFO: Run Behavior\BuildLiteBehavior [ RunTime:0.000007s ]
INFO: [ app_init ] --END-- [ RunTime:0.000318s ]
INFO: [ app_begin ] --START--
INFO: Run Behavior\ReadHtmlCacheBehavior [ RunTime:0.000324s ]
INFO: [ app_begin ] --END-- [ RunTime:0.000345s ]
SQL: SHOW COLUMNS FROM `js_course` [ RunTime:0.0034s ]
SQL: SELECT COUNT(*) AS tp_count FROM `js_course` WHERE `status` = 1 LIMIT 1   [ RunTime:0.0003s ]
SQL: SELECT * FROM `js_course` WHERE `status` = 1 LIMIT 0,6   [ RunTime:0.0006s ]

[ 2018-11-07T20:54:25+08:00 ] ::1 /api_for_test/Index/getCourses
INFO: [ app_init ] --START--
INFO: Run Behavior\BuildLiteBehavior [ RunTime:0.000006s ]
INFO: [ app_init ] --END-- [ RunTime:0.000218s ]
INFO: [ app_begin ] --START--
INFO: Run Behavior\ReadHtmlCacheBehavior [ RunTime:0.000330s ]
INFO: [ app_begin ] --END-- [ RunTime:0.000347s ]
SQL: SHOW COLUMNS FROM `js_course` [ RunTime:0.0012s ]
SQL: SELECT COUNT(*) AS tp_count FROM `js_course` WHERE `status` = 1 LIMIT 1   [ RunTime:0.0001s ]
SQL: SELECT * FROM `js_course` WHERE `status` = 1 LIMIT 6,6   [ RunTime:0.0001s ]

[ 2018-11-07T20:54:27+08:00 ] ::1 /api_for_test/Index/getCourses
INFO: [ app_init ] --START--
INFO: Run Behavior\BuildLiteBehavior [ RunTime:0.000006s ]
INFO: [ app_init ] --END-- [ RunTime:0.000174s ]
INFO: [ app_begin ] --START--
INFO: Run Behavior\ReadHtmlCacheBehavior [ RunTime:0.000220s ]
INFO: [ app_begin ] --END-- [ RunTime:0.000236s ]
SQL: SHOW COLUMNS FROM `js_course` [ RunTime:0.0013s ]
SQL: SELECT COUNT(*) AS tp_count FROM `js_course` WHERE `status` = 1 LIMIT 1   [ RunTime:0.0002s ]
SQL: SELECT * FROM `js_course` WHERE `status` = 1 LIMIT 12,6   [ RunTime:0.0002s ]

[ 2018-11-07T20:54:28+08:00 ] ::1 /api_for_test/Index/getCourses
INFO: [ app_init ] --START--
INFO: Run Behavior\BuildLiteBehavior [ RunTime:0.000008s ]
INFO: [ app_init ] --END-- [ RunTime:0.000192s ]
INFO: [ app_begin ] --START--
INFO: Run Behavior\ReadHtmlCacheBehavior [ RunTime:0.000237s ]
INFO: [ app_begin ] --END-- [ RunTime:0.000255s ]
SQL: SHOW COLUMNS FROM `js_course` [ RunTime:0.0014s ]
SQL: SELECT COUNT(*) AS tp_count FROM `js_course` WHERE `status` = 1 LIMIT 1   [ RunTime:0.0002s ]
SQL: SELECT * FROM `js_course` WHERE `status` = 1 LIMIT 18,6   [ RunTime:0.0002s ]

[ 2018-11-07T20:54:29+08:00 ] ::1 /api_for_test/Index/getCourses
INFO: [ app_init ] --START--
INFO: Run Behavior\BuildLiteBehavior [ RunTime:0.000007s ]
INFO: [ app_init ] --END-- [ RunTime:0.000196s ]
INFO: [ app_begin ] --START--
INFO: Run Behavior\ReadHtmlCacheBehavior [ RunTime:0.000224s ]
INFO: [ app_begin ] --END-- [ RunTime:0.000240s ]
SQL: SHOW COLUMNS FROM `js_course` [ RunTime:0.0012s ]
SQL: SELECT COUNT(*) AS tp_count FROM `js_course` WHERE `status` = 1 LIMIT 1   [ RunTime:0.0001s ]
SQL: SELECT * FROM `js_course` WHERE `status` = 1 LIMIT 0,6   [ RunTime:0.0001s ]

[ 2018-11-07T20:54:33+08:00 ] ::1 /api_for_test/Index/getCourses
INFO: [ app_init ] --START--
INFO: Run Behavior\BuildLiteBehavior [ RunTime:0.000013s ]
INFO: [ app_init ] --END-- [ RunTime:0.000195s ]
INFO: [ app_begin ] --START--
INFO: Run Behavior\ReadHtmlCacheBehavior [ RunTime:0.000219s ]
INFO: [ app_begin ] --END-- [ RunTime:0.000235s ]
SQL: SHOW COLUMNS FROM `js_course` [ RunTime:0.0014s ]
SQL: SELECT COUNT(*) AS tp_count FROM `js_course` WHERE `status` = 1 LIMIT 1   [ RunTime:0.0002s ]
SQL: SELECT * FROM `js_course` WHERE `status` = 1 LIMIT 6,6   [ RunTime:0.0001s ]

[ 2018-11-07T20:54:34+08:00 ] ::1 /api_for_test/Index/getCourses
INFO: [ app_init ] --START--
INFO: Run Behavior\BuildLiteBehavior [ RunTime:0.000006s ]
INFO: [ app_init ] --END-- [ RunTime:0.000166s ]
INFO: [ app_begin ] --START--
INFO: Run Behavior\ReadHtmlCacheBehavior [ RunTime:0.000208s ]
INFO: [ app_begin ] --END-- [ RunTime:0.000224s ]
SQL: SHOW COLUMNS FROM `js_course` [ RunTime:0.0014s ]
SQL: SELECT COUNT(*) AS tp_count FROM `js_course` WHERE `status` = 1 LIMIT 1   [ RunTime:0.0002s ]
SQL: SELECT * FROM `js_course` WHERE `status` = 1 LIMIT 12,6   [ RunTime:0.0002s ]

[ 2018-11-07T20:54:35+08:00 ] ::1 /api_for_test/Index/getCourses
INFO: [ app_init ] --START--
INFO: Run Behavior\BuildLiteBehavior [ RunTime:0.000006s ]
INFO: [ app_init ] --END-- [ RunTime:0.000199s ]
INFO: [ app_begin ] --START--
INFO: Run Behavior\ReadHtmlCacheBehavior [ RunTime:0.000233s ]
INFO: [ app_begin ] --END-- [ RunTime:0.000251s ]
SQL: SHOW COLUMNS FROM `js_course` [ RunTime:0.0014s ]
SQL: SELECT COUNT(*) AS tp_count FROM `js_course` WHERE `status` = 1 LIMIT 1   [ RunTime:0.0002s ]
SQL: SELECT * FROM `js_course` WHERE `status` = 1 LIMIT 18,6   [ RunTime:0.0001s ]

[ 2018-11-07T20:54:39+08:00 ] ::1 /api_for_test/Index/getCourses
INFO: [ app_init ] --START--
INFO: Run Behavior\BuildLiteBehavior [ RunTime:0.000006s ]
INFO: [ app_init ] --END-- [ RunTime:0.000166s ]
INFO: [ app_begin ] --START--
INFO: Run Behavior\ReadHtmlCacheBehavior [ RunTime:0.000257s ]
INFO: [ app_begin ] --END-- [ RunTime:0.000274s ]
SQL: SHOW COLUMNS FROM `js_course` [ RunTime:0.0012s ]
SQL: SELECT COUNT(*) AS tp_count FROM `js_course` WHERE `status` = 1 LIMIT 1   [ RunTime:0.0001s ]
SQL: SELECT * FROM `js_course` WHERE `status` = 1 LIMIT 12,6   [ RunTime:0.0001s ]

[ 2018-11-07T20:54:40+08:00 ] ::1 /api_for_test/Index/getCourses
INFO: [ app_init ] --START--
INFO: Run Behavior\BuildLiteBehavior [ RunTime:0.000006s ]
INFO: [ app_init ] --END-- [ RunTime:0.000228s ]
INFO: [ app_begin ] --START--
INFO: Run Behavior\ReadHtmlCacheBehavior [ RunTime:0.000269s ]
INFO: [ app_begin ] --END-- [ RunTime:0.000288s ]
SQL: SHOW COLUMNS FROM `js_course` [ RunTime:0.0037s ]
SQL: SELECT COUNT(*) AS tp_count FROM `js_course` WHERE `status` = 1 LIMIT 1   [ RunTime:0.0008s ]
SQL: SELECT * FROM `js_course` WHERE `status` = 1 LIMIT 6,6   [ RunTime:0.0013s ]

[ 2018-11-07T20:54:40+08:00 ] ::1 /api_for_test/Index/getCourses
INFO: [ app_init ] --START--
INFO: Run Behavior\BuildLiteBehavior [ RunTime:0.000005s ]
INFO: [ app_init ] --END-- [ RunTime:0.000165s ]
INFO: [ app_begin ] --START--
INFO: Run Behavior\ReadHtmlCacheBehavior [ RunTime:0.000212s ]
INFO: [ app_begin ] --END-- [ RunTime:0.000227s ]
SQL: SHOW COLUMNS FROM `js_course` [ RunTime:0.0013s ]
SQL: SELECT COUNT(*) AS tp_count FROM `js_course` WHERE `status` = 1 LIMIT 1   [ RunTime:0.0002s ]
SQL: SELECT * FROM `js_course` WHERE `status` = 1 LIMIT 0,6   [ RunTime:0.0002s ]

[ 2018-11-07T20:56:21+08:00 ] ::1 /api_for_test/Index/getCourses
INFO: [ app_init ] --START--
INFO: Run Behavior\BuildLiteBehavior [ RunTime:0.000008s ]
INFO: [ app_init ] --END-- [ RunTime:0.000544s ]
INFO: [ app_begin ] --START--
INFO: Run Behavior\ReadHtmlCacheBehavior [ RunTime:0.000847s ]
INFO: [ app_begin ] --END-- [ RunTime:0.000877s ]
SQL: SHOW COLUMNS FROM `js_course` [ RunTime:0.0018s ]
SQL: SELECT COUNT(*) AS tp_count FROM `js_course` WHERE `status` = 1 LIMIT 1   [ RunTime:0.0002s ]
SQL: SELECT * FROM `js_course` WHERE `status` = 1 LIMIT 0,6   [ RunTime:0.0002s ]

[ 2018-11-07T20:56:26+08:00 ] ::1 /api_for_test/Index/getCourses
INFO: [ app_init ] --START--
INFO: Run Behavior\BuildLiteBehavior [ RunTime:0.000006s ]
INFO: [ app_init ] --END-- [ RunTime:0.000184s ]
INFO: [ app_begin ] --START--
INFO: Run Behavior\ReadHtmlCacheBehavior [ RunTime:0.000348s ]
INFO: [ app_begin ] --END-- [ RunTime:0.000421s ]
SQL: SHOW COLUMNS FROM `js_course` [ RunTime:0.0015s ]
SQL: SELECT COUNT(*) AS tp_count FROM `js_course` WHERE `status` = 1 LIMIT 1   [ RunTime:0.0002s ]
SQL: SELECT * FROM `js_course` WHERE `status` = 1 LIMIT 6,6   [ RunTime:0.0002s ]

[ 2018-11-07T20:56:27+08:00 ] ::1 /api_for_test/Index/getCourses
INFO: [ app_init ] --START--
INFO: Run Behavior\BuildLiteBehavior [ RunTime:0.000007s ]
INFO: [ app_init ] --END-- [ RunTime:0.000198s ]
INFO: [ app_begin ] --START--
INFO: Run Behavior\ReadHtmlCacheBehavior [ RunTime:0.000270s ]
INFO: [ app_begin ] --END-- [ RunTime:0.000287s ]
SQL: SHOW COLUMNS FROM `js_course` [ RunTime:0.0017s ]
SQL: SELECT COUNT(*) AS tp_count FROM `js_course` WHERE `status` = 1 LIMIT 1   [ RunTime:0.0002s ]
SQL: SELECT * FROM `js_course` WHERE `status` = 1 LIMIT 12,6   [ RunTime:0.0002s ]

[ 2018-11-07T20:56:29+08:00 ] ::1 /api_for_test/Index/getCourses
INFO: [ app_init ] --START--
INFO: Run Behavior\BuildLiteBehavior [ RunTime:0.000006s ]
INFO: [ app_init ] --END-- [ RunTime:0.000190s ]
INFO: [ app_begin ] --START--
INFO: Run Behavior\ReadHtmlCacheBehavior [ RunTime:0.000246s ]
INFO: [ app_begin ] --END-- [ RunTime:0.000263s ]
SQL: SHOW COLUMNS FROM `js_course` [ RunTime:0.0016s ]
SQL: SELECT COUNT(*) AS tp_count FROM `js_course` WHERE `status` = 1 LIMIT 1   [ RunTime:0.0002s ]
SQL: SELECT * FROM `js_course` WHERE `status` = 1 LIMIT 18,6   [ RunTime:0.0001s ]

[ 2018-11-07T21:03:22+08:00 ] ::1 /api_for_test/Index/getCourses
INFO: [ app_init ] --START--
INFO: Run Behavior\BuildLiteBehavior [ RunTime:0.000010s ]
INFO: [ app_init ] --END-- [ RunTime:0.000555s ]
INFO: [ app_begin ] --START--
INFO: Run Behavior\ReadHtmlCacheBehavior [ RunTime:0.000469s ]
INFO: [ app_begin ] --END-- [ RunTime:0.000495s ]
SQL: SHOW COLUMNS FROM `js_course` [ RunTime:0.0027s ]
SQL: SELECT COUNT(*) AS tp_count FROM `js_course` WHERE `status` = 1 LIMIT 1   [ RunTime:0.0006s ]
SQL: SELECT * FROM `js_course` WHERE `status` = 1 LIMIT 0,6   [ RunTime:0.0002s ]

[ 2018-11-07T21:05:05+08:00 ] ::1 /api_for_test/Index/getCourses
INFO: [ app_init ] --START--
INFO: Run Behavior\BuildLiteBehavior [ RunTime:0.000008s ]
INFO: [ app_init ] --END-- [ RunTime:0.000532s ]
INFO: [ app_begin ] --START--
INFO: Run Behavior\ReadHtmlCacheBehavior [ RunTime:0.000493s ]
INFO: [ app_begin ] --END-- [ RunTime:0.000518s ]
SQL: SHOW COLUMNS FROM `js_course` [ RunTime:0.0019s ]
SQL: SELECT COUNT(*) AS tp_count FROM `js_course` WHERE `status` = 1 LIMIT 1   [ RunTime:0.0002s ]
SQL: SELECT * FROM `js_course` WHERE `status` = 1 LIMIT 0,6   [ RunTime:0.0001s ]

[ 2018-11-07T21:06:58+08:00 ] ::1 /api_for_test/Index/getCourses
INFO: [ app_init ] --START--
INFO: Run Behavior\BuildLiteBehavior [ RunTime:0.000007s ]
INFO: [ app_init ] --END-- [ RunTime:0.000549s ]
INFO: [ app_begin ] --START--
INFO: Run Behavior\ReadHtmlCacheBehavior [ RunTime:0.000503s ]
INFO: [ app_begin ] --END-- [ RunTime:0.000525s ]
SQL: SHOW COLUMNS FROM `js_course` [ RunTime:0.0019s ]
SQL: SELECT COUNT(*) AS tp_count FROM `js_course` WHERE `status` = 1 LIMIT 1   [ RunTime:0.0004s ]
SQL: SELECT * FROM `js_course` WHERE `status` = 1 LIMIT 0,6   [ RunTime:0.0005s ]

[ 2018-11-07T21:06:59+08:00 ] ::1 /api_for_test/Index/getCourses
INFO: [ app_init ] --START--
INFO: Run Behavior\BuildLiteBehavior [ RunTime:0.000007s ]
INFO: [ app_init ] --END-- [ RunTime:0.000180s ]
INFO: [ app_begin ] --START--
INFO: Run Behavior\ReadHtmlCacheBehavior [ RunTime:0.000296s ]
INFO: [ app_begin ] --END-- [ RunTime:0.000315s ]
SQL: SHOW COLUMNS FROM `js_course` [ RunTime:0.0013s ]
SQL: SELECT COUNT(*) AS tp_count FROM `js_course` WHERE `status` = 1 LIMIT 1   [ RunTime:0.0002s ]
SQL: SELECT * FROM `js_course` WHERE `status` = 1 LIMIT 0,6   [ RunTime:0.0001s ]

[ 2018-11-07T21:06:59+08:00 ] ::1 /api_for_test/Index/getCourses
INFO: [ app_init ] --START--
INFO: Run Behavior\BuildLiteBehavior [ RunTime:0.000007s ]
INFO: [ app_init ] --END-- [ RunTime:0.000186s ]
INFO: [ app_begin ] --START--
INFO: Run Behavior\ReadHtmlCacheBehavior [ RunTime:0.000232s ]
INFO: [ app_begin ] --END-- [ RunTime:0.000248s ]
SQL: SHOW COLUMNS FROM `js_course` [ RunTime:0.0015s ]
SQL: SELECT COUNT(*) AS tp_count FROM `js_course` WHERE `status` = 1 LIMIT 1   [ RunTime:0.0002s ]
SQL: SELECT * FROM `js_course` WHERE `status` = 1 LIMIT 0,6   [ RunTime:0.0002s ]

[ 2018-11-07T21:06:59+08:00 ] ::1 /api_for_test/Index/getCourses
INFO: [ app_init ] --START--
INFO: Run Behavior\BuildLiteBehavior [ RunTime:0.000007s ]
INFO: [ app_init ] --END-- [ RunTime:0.000283s ]
INFO: [ app_begin ] --START--
INFO: Run Behavior\ReadHtmlCacheBehavior [ RunTime:0.000247s ]
INFO: [ app_begin ] --END-- [ RunTime:0.000264s ]
SQL: SHOW COLUMNS FROM `js_course` [ RunTime:0.0013s ]
SQL: SELECT COUNT(*) AS tp_count FROM `js_course` WHERE `status` = 1 LIMIT 1   [ RunTime:0.0002s ]
SQL: SELECT * FROM `js_course` WHERE `status` = 1 LIMIT 0,6   [ RunTime:0.0001s ]

[ 2018-11-07T21:07:18+08:00 ] ::1 /api_for_test/Index/getCourses
INFO: [ app_init ] --START--
INFO: Run Behavior\BuildLiteBehavior [ RunTime:0.000007s ]
INFO: [ app_init ] --END-- [ RunTime:0.000276s ]
INFO: [ app_begin ] --START--
INFO: Run Behavior\ReadHtmlCacheBehavior [ RunTime:0.000314s ]
INFO: [ app_begin ] --END-- [ RunTime:0.000333s ]
SQL: SHOW COLUMNS FROM `js_course` [ RunTime:0.0013s ]
SQL: SELECT COUNT(*) AS tp_count FROM `js_course` WHERE `status` = 1 LIMIT 1   [ RunTime:0.0002s ]
SQL: SELECT * FROM `js_course` WHERE `status` = 1 LIMIT 0,6   [ RunTime:0.0001s ]

[ 2018-11-07T21:07:18+08:00 ] ::1 /api_for_test/Index/getCourses
INFO: [ app_init ] --START--
INFO: Run Behavior\BuildLiteBehavior [ RunTime:0.000007s ]
INFO: [ app_init ] --END-- [ RunTime:0.000177s ]
INFO: [ app_begin ] --START--
INFO: Run Behavior\ReadHtmlCacheBehavior [ RunTime:0.000247s ]
INFO: [ app_begin ] --END-- [ RunTime:0.000267s ]
SQL: SHOW COLUMNS FROM `js_course` [ RunTime:0.0018s ]
SQL: SELECT COUNT(*) AS tp_count FROM `js_course` WHERE `status` = 1 LIMIT 1   [ RunTime:0.0005s ]
SQL: SELECT * FROM `js_course` WHERE `status` = 1 LIMIT 0,6   [ RunTime:0.0003s ]

[ 2018-11-07T21:07:19+08:00 ] ::1 /api_for_test/Index/getCourses
INFO: [ app_init ] --START--
INFO: Run Behavior\BuildLiteBehavior [ RunTime:0.000007s ]
INFO: [ app_init ] --END-- [ RunTime:0.000180s ]
INFO: [ app_begin ] --START--
INFO: Run Behavior\ReadHtmlCacheBehavior [ RunTime:0.000253s ]
INFO: [ app_begin ] --END-- [ RunTime:0.000271s ]
SQL: SHOW COLUMNS FROM `js_course` [ RunTime:0.0014s ]
SQL: SELECT COUNT(*) AS tp_count FROM `js_course` WHERE `status` = 1 LIMIT 1   [ RunTime:0.0002s ]
SQL: SELECT * FROM `js_course` WHERE `status` = 1 LIMIT 0,6   [ RunTime:0.0001s ]

[ 2018-11-07T21:07:19+08:00 ] ::1 /api_for_test/Index/getCourses
INFO: [ app_init ] --START--
INFO: Run Behavior\BuildLiteBehavior [ RunTime:0.000006s ]
INFO: [ app_init ] --END-- [ RunTime:0.000187s ]
INFO: [ app_begin ] --START--
INFO: Run Behavior\ReadHtmlCacheBehavior [ RunTime:0.000228s ]
INFO: [ app_begin ] --END-- [ RunTime:0.000243s ]
SQL: SHOW COLUMNS FROM `js_course` [ RunTime:0.0016s ]
SQL: SELECT COUNT(*) AS tp_count FROM `js_course` WHERE `status` = 1 LIMIT 1   [ RunTime:0.0002s ]
SQL: SELECT * FROM `js_course` WHERE `status` = 1 LIMIT 0,6   [ RunTime:0.0001s ]

[ 2018-11-07T21:07:19+08:00 ] ::1 /api_for_test/Index/getCourses
INFO: [ app_init ] --START--
INFO: Run Behavior\BuildLiteBehavior [ RunTime:0.000006s ]
INFO: [ app_init ] --END-- [ RunTime:0.000189s ]
INFO: [ app_begin ] --START--
INFO: Run Behavior\ReadHtmlCacheBehavior [ RunTime:0.000271s ]
INFO: [ app_begin ] --END-- [ RunTime:0.000292s ]
SQL: SHOW COLUMNS FROM `js_course` [ RunTime:0.0016s ]
SQL: SELECT COUNT(*) AS tp_count FROM `js_course` WHERE `status` = 1 LIMIT 1   [ RunTime:0.0002s ]
SQL: SELECT * FROM `js_course` WHERE `status` = 1 LIMIT 0,6   [ RunTime:0.0002s ]

[ 2018-11-07T21:07:19+08:00 ] ::1 /api_for_test/Index/getCourses
INFO: [ app_init ] --START--
INFO: Run Behavior\BuildLiteBehavior [ RunTime:0.000053s ]
INFO: [ app_init ] --END-- [ RunTime:0.000233s ]
INFO: [ app_begin ] --START--
INFO: Run Behavior\ReadHtmlCacheBehavior [ RunTime:0.000240s ]
INFO: [ app_begin ] --END-- [ RunTime:0.000257s ]
SQL: SHOW COLUMNS FROM `js_course` [ RunTime:0.0020s ]
SQL: SELECT COUNT(*) AS tp_count FROM `js_course` WHERE `status` = 1 LIMIT 1   [ RunTime:0.0002s ]
SQL: SELECT * FROM `js_course` WHERE `status` = 1 LIMIT 0,6   [ RunTime:0.0001s ]

[ 2018-11-07T21:07:19+08:00 ] ::1 /api_for_test/Index/getCourses
INFO: [ app_init ] --START--
INFO: Run Behavior\BuildLiteBehavior [ RunTime:0.000015s ]
INFO: [ app_init ] --END-- [ RunTime:0.000240s ]
INFO: [ app_begin ] --START--
INFO: Run Behavior\ReadHtmlCacheBehavior [ RunTime:0.000237s ]
INFO: [ app_begin ] --END-- [ RunTime:0.000254s ]
SQL: SHOW COLUMNS FROM `js_course` [ RunTime:0.0140s ]
SQL: SELECT COUNT(*) AS tp_count FROM `js_course` WHERE `status` = 1 LIMIT 1   [ RunTime:0.0002s ]
SQL: SELECT * FROM `js_course` WHERE `status` = 1 LIMIT 0,6   [ RunTime:0.0001s ]

[ 2018-11-07T21:07:19+08:00 ] ::1 /api_for_test/Index/getCourses
INFO: [ app_init ] --START--
INFO: Run Behavior\BuildLiteBehavior [ RunTime:0.000007s ]
INFO: [ app_init ] --END-- [ RunTime:0.000180s ]
INFO: [ app_begin ] --START--
INFO: Run Behavior\ReadHtmlCacheBehavior [ RunTime:0.000224s ]
INFO: [ app_begin ] --END-- [ RunTime:0.000239s ]
SQL: SHOW COLUMNS FROM `js_course` [ RunTime:0.0014s ]
SQL: SELECT COUNT(*) AS tp_count FROM `js_course` WHERE `status` = 1 LIMIT 1   [ RunTime:0.0002s ]
SQL: SELECT * FROM `js_course` WHERE `status` = 1 LIMIT 0,6   [ RunTime:0.0001s ]

[ 2018-11-07T21:07:20+08:00 ] ::1 /api_for_test/Index/getCourses
INFO: [ app_init ] --START--
INFO: Run Behavior\BuildLiteBehavior [ RunTime:0.000007s ]
INFO: [ app_init ] --END-- [ RunTime:0.000325s ]
INFO: [ app_begin ] --START--
INFO: Run Behavior\ReadHtmlCacheBehavior [ RunTime:0.000316s ]
INFO: [ app_begin ] --END-- [ RunTime:0.000337s ]
SQL: SHOW COLUMNS FROM `js_course` [ RunTime:0.0014s ]
SQL: SELECT COUNT(*) AS tp_count FROM `js_course` WHERE `status` = 1 LIMIT 1   [ RunTime:0.0002s ]
SQL: SELECT * FROM `js_course` WHERE `status` = 1 LIMIT 0,6   [ RunTime:0.0001s ]

[ 2018-11-07T21:07:20+08:00 ] ::1 /api_for_test/Index/getCourses
INFO: [ app_init ] --START--
INFO: Run Behavior\BuildLiteBehavior [ RunTime:0.000008s ]
INFO: [ app_init ] --END-- [ RunTime:0.000213s ]
INFO: [ app_begin ] --START--
INFO: Run Behavior\ReadHtmlCacheBehavior [ RunTime:0.000237s ]
INFO: [ app_begin ] --END-- [ RunTime:0.000254s ]
SQL: SHOW COLUMNS FROM `js_course` [ RunTime:0.0014s ]
SQL: SELECT COUNT(*) AS tp_count FROM `js_course` WHERE `status` = 1 LIMIT 1   [ RunTime:0.0002s ]
SQL: SELECT * FROM `js_course` WHERE `status` = 1 LIMIT 0,6   [ RunTime:0.0002s ]

[ 2018-11-07T21:07:22+08:00 ] ::1 /api_for_test/Index/getCourses
INFO: [ app_init ] --START--
INFO: Run Behavior\BuildLiteBehavior [ RunTime:0.000005s ]
INFO: [ app_init ] --END-- [ RunTime:0.000240s ]
INFO: [ app_begin ] --START--
INFO: Run Behavior\ReadHtmlCacheBehavior [ RunTime:0.000361s ]
INFO: [ app_begin ] --END-- [ RunTime:0.000386s ]
SQL: SHOW COLUMNS FROM `js_course` [ RunTime:0.0014s ]
SQL: SELECT COUNT(*) AS tp_count FROM `js_course` WHERE `status` = 1 LIMIT 1   [ RunTime:0.0018s ]
SQL: SELECT * FROM `js_course` WHERE `status` = 1 LIMIT 0,6   [ RunTime:0.0003s ]

[ 2018-11-07T21:07:29+08:00 ] ::1 /api_for_test/Index/getCourses
INFO: [ app_init ] --START--
INFO: Run Behavior\BuildLiteBehavior [ RunTime:0.000006s ]
INFO: [ app_init ] --END-- [ RunTime:0.000186s ]
INFO: [ app_begin ] --START--
INFO: Run Behavior\ReadHtmlCacheBehavior [ RunTime:0.000237s ]
INFO: [ app_begin ] --END-- [ RunTime:0.000253s ]
SQL: SHOW COLUMNS FROM `js_course` [ RunTime:0.0015s ]
SQL: SELECT COUNT(*) AS tp_count FROM `js_course` WHERE `status` = 1 LIMIT 1   [ RunTime:0.0002s ]
SQL: SELECT * FROM `js_course` WHERE `status` = 1 LIMIT 0,6   [ RunTime:0.0002s ]

[ 2018-11-07T21:07:45+08:00 ] ::1 /api_for_test/Index/getCourses
INFO: [ app_init ] --START--
INFO: Run Behavior\BuildLiteBehavior [ RunTime:0.000006s ]
INFO: [ app_init ] --END-- [ RunTime:0.000215s ]
INFO: [ app_begin ] --START--
INFO: Run Behavior\ReadHtmlCacheBehavior [ RunTime:0.000241s ]
INFO: [ app_begin ] --END-- [ RunTime:0.000257s ]
SQL: SHOW COLUMNS FROM `js_course` [ RunTime:0.0042s ]
SQL: SELECT COUNT(*) AS tp_count FROM `js_course` WHERE `status` = 1 LIMIT 1   [ RunTime:0.0004s ]
SQL: SELECT * FROM `js_course` WHERE `status` = 1 LIMIT 0,6   [ RunTime:0.0004s ]

[ 2018-11-07T21:08:16+08:00 ] ::1 /api_for_test/Index/getCourses
INFO: [ app_init ] --START--
INFO: Run Behavior\BuildLiteBehavior [ RunTime:0.000007s ]
INFO: [ app_init ] --END-- [ RunTime:0.000193s ]
INFO: [ app_begin ] --START--
INFO: Run Behavior\ReadHtmlCacheBehavior [ RunTime:0.000238s ]
INFO: [ app_begin ] --END-- [ RunTime:0.000255s ]
SQL: SHOW COLUMNS FROM `js_course` [ RunTime:0.0014s ]
SQL: SELECT COUNT(*) AS tp_count FROM `js_course` WHERE `status` = 1 LIMIT 1   [ RunTime:0.0002s ]
SQL: SELECT * FROM `js_course` WHERE `status` = 1 LIMIT 0,6   [ RunTime:0.0002s ]

[ 2018-11-07T21:08:19+08:00 ] ::1 /api_for_test/Index/getCourses
INFO: [ app_init ] --START--
INFO: Run Behavior\BuildLiteBehavior [ RunTime:0.000008s ]
INFO: [ app_init ] --END-- [ RunTime:0.000272s ]
INFO: [ app_begin ] --START--
INFO: Run Behavior\ReadHtmlCacheBehavior [ RunTime:0.000228s ]
INFO: [ app_begin ] --END-- [ RunTime:0.000244s ]
SQL: SHOW COLUMNS FROM `js_course` [ RunTime:0.0012s ]
SQL: SELECT COUNT(*) AS tp_count FROM `js_course` WHERE `status` = 1 LIMIT 1   [ RunTime:0.0002s ]
SQL: SELECT * FROM `js_course` WHERE `status` = 1 LIMIT 6,6   [ RunTime:0.0002s ]

[ 2018-11-07T21:08:19+08:00 ] ::1 /api_for_test/Index/getCourses
INFO: [ app_init ] --START--
INFO: Run Behavior\BuildLiteBehavior [ RunTime:0.000008s ]
INFO: [ app_init ] --END-- [ RunTime:0.000324s ]
INFO: [ app_begin ] --START--
INFO: Run Behavior\ReadHtmlCacheBehavior [ RunTime:0.000470s ]
INFO: [ app_begin ] --END-- [ RunTime:0.000489s ]
SQL: SHOW COLUMNS FROM `js_course` [ RunTime:0.0014s ]
SQL: SELECT COUNT(*) AS tp_count FROM `js_course` WHERE `status` = 1 LIMIT 1   [ RunTime:0.0002s ]
SQL: SELECT * FROM `js_course` WHERE `status` = 1 LIMIT 12,6   [ RunTime:0.0001s ]

[ 2018-11-07T21:08:19+08:00 ] ::1 /api_for_test/Index/getCourses
INFO: [ app_init ] --START--
INFO: Run Behavior\BuildLiteBehavior [ RunTime:0.000007s ]
INFO: [ app_init ] --END-- [ RunTime:0.000182s ]
INFO: [ app_begin ] --START--
INFO: Run Behavior\ReadHtmlCacheBehavior [ RunTime:0.000234s ]
INFO: [ app_begin ] --END-- [ RunTime:0.000251s ]
SQL: SHOW COLUMNS FROM `js_course` [ RunTime:0.0016s ]
SQL: SELECT COUNT(*) AS tp_count FROM `js_course` WHERE `status` = 1 LIMIT 1   [ RunTime:0.0019s ]
SQL: SELECT * FROM `js_course` WHERE `status` = 1 LIMIT 18,6   [ RunTime:0.0002s ]

[ 2018-11-07T21:08:41+08:00 ] ::1 /api_for_test/Index/getCourses
INFO: [ app_init ] --START--
INFO: Run Behavior\BuildLiteBehavior [ RunTime:0.000007s ]
INFO: [ app_init ] --END-- [ RunTime:0.000345s ]
INFO: [ app_begin ] --START--
INFO: Run Behavior\ReadHtmlCacheBehavior [ RunTime:0.000345s ]
INFO: [ app_begin ] --END-- [ RunTime:0.000359s ]
SQL: SHOW COLUMNS FROM `js_course` [ RunTime:0.0017s ]
SQL: SELECT COUNT(*) AS tp_count FROM `js_course` WHERE `status` = 1 LIMIT 1   [ RunTime:0.0003s ]
SQL: SELECT * FROM `js_course` WHERE `status` = 1 LIMIT 0,6   [ RunTime:0.0002s ]

[ 2018-11-07T21:08:42+08:00 ] ::1 /api_for_test/Index/getCourses
INFO: [ app_init ] --START--
INFO: Run Behavior\BuildLiteBehavior [ RunTime:0.000005s ]
INFO: [ app_init ] --END-- [ RunTime:0.000170s ]
INFO: [ app_begin ] --START--
INFO: Run Behavior\ReadHtmlCacheBehavior [ RunTime:0.000325s ]
INFO: [ app_begin ] --END-- [ RunTime:0.000342s ]
SQL: SHOW COLUMNS FROM `js_course` [ RunTime:0.0014s ]
SQL: SELECT COUNT(*) AS tp_count FROM `js_course` WHERE `status` = 1 LIMIT 1   [ RunTime:0.0002s ]
SQL: SELECT * FROM `js_course` WHERE `status` = 1 LIMIT 6,6   [ RunTime:0.0002s ]

[ 2018-11-07T21:08:43+08:00 ] ::1 /api_for_test/Index/getCourses
INFO: [ app_init ] --START--
INFO: Run Behavior\BuildLiteBehavior [ RunTime:0.000007s ]
INFO: [ app_init ] --END-- [ RunTime:0.000249s ]
INFO: [ app_begin ] --START--
INFO: Run Behavior\ReadHtmlCacheBehavior [ RunTime:0.000252s ]
INFO: [ app_begin ] --END-- [ RunTime:0.000270s ]
SQL: SHOW COLUMNS FROM `js_course` [ RunTime:0.0014s ]
SQL: SELECT COUNT(*) AS tp_count FROM `js_course` WHERE `status` = 1 LIMIT 1   [ RunTime:0.0001s ]
SQL: SELECT * FROM `js_course` WHERE `status` = 1 LIMIT 12,6   [ RunTime:0.0001s ]

[ 2018-11-07T21:08:44+08:00 ] ::1 /api_for_test/Index/getCourses
INFO: [ app_init ] --START--
INFO: Run Behavior\BuildLiteBehavior [ RunTime:0.000006s ]
INFO: [ app_init ] --END-- [ RunTime:0.000188s ]
INFO: [ app_begin ] --START--
INFO: Run Behavior\ReadHtmlCacheBehavior [ RunTime:0.000233s ]
INFO: [ app_begin ] --END-- [ RunTime:0.000247s ]
SQL: SHOW COLUMNS FROM `js_course` [ RunTime:0.0015s ]
SQL: SELECT COUNT(*) AS tp_count FROM `js_course` WHERE `status` = 1 LIMIT 1   [ RunTime:0.0002s ]
SQL: SELECT * FROM `js_course` WHERE `status` = 1 LIMIT 18,6   [ RunTime:0.0001s ]

[ 2018-11-07T21:20:38+08:00 ] ::1 /api_for_test/Index/getCourses
INFO: [ app_init ] --START--
INFO: Run Behavior\BuildLiteBehavior [ RunTime:0.000008s ]
INFO: [ app_init ] --END-- [ RunTime:0.000538s ]
INFO: [ app_begin ] --START--
INFO: Run Behavior\ReadHtmlCacheBehavior [ RunTime:0.000411s ]
INFO: [ app_begin ] --END-- [ RunTime:0.000429s ]
SQL: SHOW COLUMNS FROM `js_course` [ RunTime:0.0021s ]
SQL: SELECT COUNT(*) AS tp_count FROM `js_course` WHERE `status` = 1 LIMIT 1   [ RunTime:0.0002s ]
SQL: SELECT * FROM `js_course` WHERE `status` = 1 LIMIT 0,6   [ RunTime:0.0001s ]

[ 2018-11-07T21:20:44+08:00 ] ::1 /api_for_test/Index/changeCourseName
INFO: [ app_init ] --START--
INFO: Run Behavior\BuildLiteBehavior [ RunTime:0.000006s ]
INFO: [ app_init ] --END-- [ RunTime:0.000226s ]
INFO: [ app_begin ] --START--
INFO: Run Behavior\ReadHtmlCacheBehavior [ RunTime:0.000447s ]
INFO: [ app_begin ] --END-- [ RunTime:0.000470s ]
SQL: SHOW COLUMNS FROM `js_course` [ RunTime:0.0013s ]
SQL: UPDATE `js_course` SET `course`='JS++JavaScript11111' WHERE `id` = 5 [ RunTime:0.0021s ]
SQL: SELECT `course` FROM `js_course` WHERE `id` = 5 LIMIT 1   [ RunTime:0.0002s ]

[ 2018-11-07T21:20:46+08:00 ] ::1 /api_for_test/Index/getCourses
INFO: [ app_init ] --START--
INFO: Run Behavior\BuildLiteBehavior [ RunTime:0.000006s ]
INFO: [ app_init ] --END-- [ RunTime:0.000168s ]
INFO: [ app_begin ] --START--
INFO: Run Behavior\ReadHtmlCacheBehavior [ RunTime:0.000214s ]
INFO: [ app_begin ] --END-- [ RunTime:0.000227s ]
SQL: SHOW COLUMNS FROM `js_course` [ RunTime:0.0013s ]
SQL: SELECT COUNT(*) AS tp_count FROM `js_course` WHERE `status` = 1 LIMIT 1   [ RunTime:0.0001s ]
SQL: SELECT * FROM `js_course` WHERE `status` = 1 LIMIT 6,6   [ RunTime:0.0001s ]

[ 2018-11-07T21:20:49+08:00 ] ::1 /api_for_test/Index/removeCourse
INFO: [ app_init ] --START--
INFO: Run Behavior\BuildLiteBehavior [ RunTime:0.000006s ]
INFO: [ app_init ] --END-- [ RunTime:0.000167s ]
INFO: [ app_begin ] --START--
INFO: Run Behavior\ReadHtmlCacheBehavior [ RunTime:0.000264s ]
INFO: [ app_begin ] --END-- [ RunTime:0.000280s ]
SQL: SHOW COLUMNS FROM `js_course` [ RunTime:0.0016s ]
SQL: UPDATE `js_course` SET `status`='0' WHERE `id` = 6 [ RunTime:0.0006s ]
SQL: SELECT COUNT(*) AS tp_count FROM `js_course` WHERE `status` = 1 LIMIT 1   [ RunTime:0.0002s ]
SQL: SELECT * FROM `js_course` WHERE `status` = 1 LIMIT 0,6   [ RunTime:0.0001s ]

[ 2018-11-07T21:20:50+08:00 ] ::1 /api_for_test/Index/removeCourse
INFO: [ app_init ] --START--
INFO: Run Behavior\BuildLiteBehavior [ RunTime:0.000007s ]
INFO: [ app_init ] --END-- [ RunTime:0.000183s ]
INFO: [ app_begin ] --START--
INFO: Run Behavior\ReadHtmlCacheBehavior [ RunTime:0.000231s ]
INFO: [ app_begin ] --END-- [ RunTime:0.000245s ]
SQL: SHOW COLUMNS FROM `js_course` [ RunTime:0.0014s ]
SQL: UPDATE `js_course` SET `status`='0' WHERE `id` = 7 [ RunTime:0.0022s ]
SQL: SELECT COUNT(*) AS tp_count FROM `js_course` WHERE `status` = 1 LIMIT 1   [ RunTime:0.0002s ]
SQL: SELECT * FROM `js_course` WHERE `status` = 1 LIMIT 0,6   [ RunTime:0.0001s ]

[ 2018-11-07T21:20:50+08:00 ] ::1 /api_for_test/Index/removeCourse
INFO: [ app_init ] --START--
INFO: Run Behavior\BuildLiteBehavior [ RunTime:0.000007s ]
INFO: [ app_init ] --END-- [ RunTime:0.000183s ]
INFO: [ app_begin ] --START--
INFO: Run Behavior\ReadHtmlCacheBehavior [ RunTime:0.000233s ]
INFO: [ app_begin ] --END-- [ RunTime:0.000248s ]
SQL: SHOW COLUMNS FROM `js_course` [ RunTime:0.0015s ]
SQL: UPDATE `js_course` SET `status`='0' WHERE `id` = 8 [ RunTime:0.0126s ]
SQL: SELECT COUNT(*) AS tp_count FROM `js_course` WHERE `status` = 1 LIMIT 1   [ RunTime:0.0014s ]
SQL: SELECT * FROM `js_course` WHERE `status` = 1 LIMIT 0,6   [ RunTime:0.0016s ]

[ 2018-11-07T21:20:50+08:00 ] ::1 /api_for_test/Index/removeCourse
INFO: [ app_init ] --START--
INFO: Run Behavior\BuildLiteBehavior [ RunTime:0.000006s ]
INFO: [ app_init ] --END-- [ RunTime:0.000169s ]
INFO: [ app_begin ] --START--
INFO: Run Behavior\ReadHtmlCacheBehavior [ RunTime:0.000215s ]
INFO: [ app_begin ] --END-- [ RunTime:0.000228s ]
SQL: SHOW COLUMNS FROM `js_course` [ RunTime:0.0014s ]
SQL: UPDATE `js_course` SET `status`='0' WHERE `id` = 9 [ RunTime:0.0012s ]
SQL: SELECT COUNT(*) AS tp_count FROM `js_course` WHERE `status` = 1 LIMIT 1   [ RunTime:0.0002s ]
SQL: SELECT * FROM `js_course` WHERE `status` = 1 LIMIT 0,6   [ RunTime:0.0002s ]

[ 2018-11-07T21:20:50+08:00 ] ::1 /api_for_test/Index/removeCourse
INFO: [ app_init ] --START--
INFO: Run Behavior\BuildLiteBehavior [ RunTime:0.000006s ]
INFO: [ app_init ] --END-- [ RunTime:0.000173s ]
INFO: [ app_begin ] --START--
INFO: Run Behavior\ReadHtmlCacheBehavior [ RunTime:0.000224s ]
INFO: [ app_begin ] --END-- [ RunTime:0.000238s ]
SQL: SHOW COLUMNS FROM `js_course` [ RunTime:0.0014s ]
SQL: UPDATE `js_course` SET `status`='0' WHERE `id` = 10 [ RunTime:0.0007s ]
SQL: SELECT COUNT(*) AS tp_count FROM `js_course` WHERE `status` = 1 LIMIT 1   [ RunTime:0.0003s ]
SQL: SELECT * FROM `js_course` WHERE `status` = 1 LIMIT 0,6   [ RunTime:0.0004s ]

[ 2018-11-07T21:20:50+08:00 ] ::1 /api_for_test/Index/removeCourse
INFO: [ app_init ] --START--
INFO: Run Behavior\BuildLiteBehavior [ RunTime:0.000006s ]
INFO: [ app_init ] --END-- [ RunTime:0.000171s ]
INFO: [ app_begin ] --START--
INFO: Run Behavior\ReadHtmlCacheBehavior [ RunTime:0.000495s ]
INFO: [ app_begin ] --END-- [ RunTime:0.000514s ]
SQL: SHOW COLUMNS FROM `js_course` [ RunTime:0.0012s ]
SQL: UPDATE `js_course` SET `status`='0' WHERE `id` = 11 [ RunTime:0.0005s ]
SQL: SELECT COUNT(*) AS tp_count FROM `js_course` WHERE `status` = 1 LIMIT 1   [ RunTime:0.0001s ]
SQL: SELECT * FROM `js_course` WHERE `status` = 1 LIMIT 0,6   [ RunTime:0.0001s ]

[ 2018-11-07T21:20:50+08:00 ] ::1 /api_for_test/Index/removeCourse
INFO: [ app_init ] --START--
INFO: Run Behavior\BuildLiteBehavior [ RunTime:0.000006s ]
INFO: [ app_init ] --END-- [ RunTime:0.000172s ]
INFO: [ app_begin ] --START--
INFO: Run Behavior\ReadHtmlCacheBehavior [ RunTime:0.000225s ]
INFO: [ app_begin ] --END-- [ RunTime:0.000240s ]
SQL: SHOW COLUMNS FROM `js_course` [ RunTime:0.0024s ]
SQL: UPDATE `js_course` SET `status`='0' WHERE `id` = 12 [ RunTime:0.0040s ]
SQL: SELECT COUNT(*) AS tp_count FROM `js_course` WHERE `status` = 1 LIMIT 1   [ RunTime:0.0003s ]
SQL: SELECT * FROM `js_course` WHERE `status` = 1 LIMIT 0,6   [ RunTime:0.0002s ]

[ 2018-11-07T21:20:51+08:00 ] ::1 /api_for_test/Index/removeCourse
INFO: [ app_init ] --START--
INFO: Run Behavior\BuildLiteBehavior [ RunTime:0.000005s ]
INFO: [ app_init ] --END-- [ RunTime:0.000176s ]
INFO: [ app_begin ] --START--
INFO: Run Behavior\ReadHtmlCacheBehavior [ RunTime:0.000212s ]
INFO: [ app_begin ] --END-- [ RunTime:0.000226s ]
SQL: SHOW COLUMNS FROM `js_course` [ RunTime:0.0014s ]
SQL: UPDATE `js_course` SET `status`='0' WHERE `id` = 13 [ RunTime:0.0004s ]
SQL: SELECT COUNT(*) AS tp_count FROM `js_course` WHERE `status` = 1 LIMIT 1   [ RunTime:0.0001s ]
SQL: SELECT * FROM `js_course` WHERE `status` = 1 LIMIT 0,6   [ RunTime:0.0001s ]

[ 2018-11-07T21:20:51+08:00 ] ::1 /api_for_test/Index/removeCourse
INFO: [ app_init ] --START--
INFO: Run Behavior\BuildLiteBehavior [ RunTime:0.000006s ]
INFO: [ app_init ] --END-- [ RunTime:0.000168s ]
INFO: [ app_begin ] --START--
INFO: Run Behavior\ReadHtmlCacheBehavior [ RunTime:0.000217s ]
INFO: [ app_begin ] --END-- [ RunTime:0.000230s ]
SQL: SHOW COLUMNS FROM `js_course` [ RunTime:0.0015s ]
SQL: UPDATE `js_course` SET `status`='0' WHERE `id` = 14 [ RunTime:0.0008s ]
SQL: SELECT COUNT(*) AS tp_count FROM `js_course` WHERE `status` = 1 LIMIT 1   [ RunTime:0.0002s ]
SQL: SELECT * FROM `js_course` WHERE `status` = 1 LIMIT 0,6   [ RunTime:0.0002s ]

[ 2018-11-07T21:20:51+08:00 ] ::1 /api_for_test/Index/removeCourse
INFO: [ app_init ] --START--
INFO: Run Behavior\BuildLiteBehavior [ RunTime:0.000006s ]
INFO: [ app_init ] --END-- [ RunTime:0.000175s ]
INFO: [ app_begin ] --START--
INFO: Run Behavior\ReadHtmlCacheBehavior [ RunTime:0.000249s ]
INFO: [ app_begin ] --END-- [ RunTime:0.000262s ]
SQL: SHOW COLUMNS FROM `js_course` [ RunTime:0.0017s ]
SQL: UPDATE `js_course` SET `status`='0' WHERE `id` = 15 [ RunTime:0.0004s ]
SQL: SELECT COUNT(*) AS tp_count FROM `js_course` WHERE `status` = 1 LIMIT 1   [ RunTime:0.0002s ]
SQL: SELECT * FROM `js_course` WHERE `status` = 1 LIMIT 0,6   [ RunTime:0.0002s ]

[ 2018-11-07T21:20:51+08:00 ] ::1 /api_for_test/Index/removeCourse
INFO: [ app_init ] --START--
INFO: Run Behavior\BuildLiteBehavior [ RunTime:0.000006s ]
INFO: [ app_init ] --END-- [ RunTime:0.000176s ]
INFO: [ app_begin ] --START--
INFO: Run Behavior\ReadHtmlCacheBehavior [ RunTime:0.000219s ]
INFO: [ app_begin ] --END-- [ RunTime:0.000232s ]
SQL: SHOW COLUMNS FROM `js_course` [ RunTime:0.0016s ]
SQL: UPDATE `js_course` SET `status`='0' WHERE `id` = 16 [ RunTime:0.0004s ]
SQL: SELECT COUNT(*) AS tp_count FROM `js_course` WHERE `status` = 1 LIMIT 1   [ RunTime:0.0002s ]
SQL: SELECT * FROM `js_course` WHERE `status` = 1 LIMIT 0,6   [ RunTime:0.0001s ]

[ 2018-11-07T21:20:51+08:00 ] ::1 /api_for_test/Index/removeCourse
INFO: [ app_init ] --START--
INFO: Run Behavior\BuildLiteBehavior [ RunTime:0.000007s ]
INFO: [ app_init ] --END-- [ RunTime:0.000270s ]
INFO: [ app_begin ] --START--
INFO: Run Behavior\ReadHtmlCacheBehavior [ RunTime:0.000229s ]
INFO: [ app_begin ] --END-- [ RunTime:0.000243s ]
SQL: SHOW COLUMNS FROM `js_course` [ RunTime:0.0013s ]
SQL: UPDATE `js_course` SET `status`='0' WHERE `id` = 17 [ RunTime:0.0007s ]
SQL: SELECT COUNT(*) AS tp_count FROM `js_course` WHERE `status` = 1 LIMIT 1   [ RunTime:0.0002s ]
SQL: SELECT * FROM `js_course` WHERE `status` = 1 LIMIT 0,6   [ RunTime:0.0001s ]

[ 2018-11-07T21:20:51+08:00 ] ::1 /api_for_test/Index/removeCourse
INFO: [ app_init ] --START--
INFO: Run Behavior\BuildLiteBehavior [ RunTime:0.000006s ]
INFO: [ app_init ] --END-- [ RunTime:0.000192s ]
INFO: [ app_begin ] --START--
INFO: Run Behavior\ReadHtmlCacheBehavior [ RunTime:0.000222s ]
INFO: [ app_begin ] --END-- [ RunTime:0.000236s ]
SQL: SHOW COLUMNS FROM `js_course` [ RunTime:0.0013s ]
SQL: UPDATE `js_course` SET `status`='0' WHERE `id` = 18 [ RunTime:0.0006s ]
SQL: SELECT COUNT(*) AS tp_count FROM `js_course` WHERE `status` = 1 LIMIT 1   [ RunTime:0.0002s ]
SQL: SELECT * FROM `js_course` WHERE `status` = 1 LIMIT 0,6   [ RunTime:0.0002s ]

[ 2018-11-07T21:20:52+08:00 ] ::1 /api_for_test/Index/removeCourse
INFO: [ app_init ] --START--
INFO: Run Behavior\BuildLiteBehavior [ RunTime:0.000007s ]
INFO: [ app_init ] --END-- [ RunTime:0.000197s ]
INFO: [ app_begin ] --START--
INFO: Run Behavior\ReadHtmlCacheBehavior [ RunTime:0.000258s ]
INFO: [ app_begin ] --END-- [ RunTime:0.000272s ]
SQL: SHOW COLUMNS FROM `js_course` [ RunTime:0.0013s ]
SQL: UPDATE `js_course` SET `status`='0' WHERE `id` = 19 [ RunTime:0.0006s ]
SQL: SELECT COUNT(*) AS tp_count FROM `js_course` WHERE `status` = 1 LIMIT 1   [ RunTime:0.0002s ]
SQL: SELECT * FROM `js_course` WHERE `status` = 1 LIMIT 0,6   [ RunTime:0.0002s ]

[ 2018-11-07T21:20:52+08:00 ] ::1 /api_for_test/Index/removeCourse
INFO: [ app_init ] --START--
INFO: Run Behavior\BuildLiteBehavior [ RunTime:0.000005s ]
INFO: [ app_init ] --END-- [ RunTime:0.000173s ]
INFO: [ app_begin ] --START--
INFO: Run Behavior\ReadHtmlCacheBehavior [ RunTime:0.000228s ]
INFO: [ app_begin ] --END-- [ RunTime:0.000245s ]
SQL: SHOW COLUMNS FROM `js_course` [ RunTime:0.0014s ]
SQL: UPDATE `js_course` SET `status`='0' WHERE `id` = 20 [ RunTime:0.0003s ]
SQL: SELECT COUNT(*) AS tp_count FROM `js_course` WHERE `status` = 1 LIMIT 1   [ RunTime:0.0009s ]
SQL: SELECT * FROM `js_course` WHERE `status` = 1 LIMIT 0,6   [ RunTime:0.0002s ]

[ 2018-11-07T21:20:52+08:00 ] ::1 /api_for_test/Index/removeCourse
INFO: [ app_init ] --START--
INFO: Run Behavior\BuildLiteBehavior [ RunTime:0.000006s ]
INFO: [ app_init ] --END-- [ RunTime:0.000172s ]
INFO: [ app_begin ] --START--
INFO: Run Behavior\ReadHtmlCacheBehavior [ RunTime:0.000228s ]
INFO: [ app_begin ] --END-- [ RunTime:0.000250s ]
SQL: SHOW COLUMNS FROM `js_course` [ RunTime:0.0016s ]
SQL: UPDATE `js_course` SET `status`='0' WHERE `id` = 21 [ RunTime:0.0005s ]
SQL: SELECT COUNT(*) AS tp_count FROM `js_course` WHERE `status` = 1 LIMIT 1   [ RunTime:0.0002s ]
SQL: SELECT * FROM `js_course` WHERE `status` = 1 LIMIT 0,6   [ RunTime:0.0002s ]

[ 2018-11-07T21:20:52+08:00 ] ::1 /api_for_test/Index/removeCourse
INFO: [ app_init ] --START--
INFO: Run Behavior\BuildLiteBehavior [ RunTime:0.000006s ]
INFO: [ app_init ] --END-- [ RunTime:0.000169s ]
INFO: [ app_begin ] --START--
INFO: Run Behavior\ReadHtmlCacheBehavior [ RunTime:0.000307s ]
INFO: [ app_begin ] --END-- [ RunTime:0.000323s ]
SQL: SHOW COLUMNS FROM `js_course` [ RunTime:0.0015s ]
SQL: UPDATE `js_course` SET `status`='0' WHERE `id` = 22 [ RunTime:0.0004s ]
SQL: SELECT COUNT(*) AS tp_count FROM `js_course` WHERE `status` = 1 LIMIT 1   [ RunTime:0.0003s ]
SQL: SELECT * FROM `js_course` WHERE `status` = 1 LIMIT 0,6   [ RunTime:0.0003s ]

[ 2018-11-07T21:20:53+08:00 ] ::1 /api_for_test/Index/removeCourse
INFO: [ app_init ] --START--
INFO: Run Behavior\BuildLiteBehavior [ RunTime:0.000007s ]
INFO: [ app_init ] --END-- [ RunTime:0.000182s ]
INFO: [ app_begin ] --START--
INFO: Run Behavior\ReadHtmlCacheBehavior [ RunTime:0.000218s ]
INFO: [ app_begin ] --END-- [ RunTime:0.000232s ]
SQL: SHOW COLUMNS FROM `js_course` [ RunTime:0.0015s ]
SQL: UPDATE `js_course` SET `status`='0' WHERE `id` = 5 [ RunTime:0.0005s ]
SQL: SELECT COUNT(*) AS tp_count FROM `js_course` WHERE `status` = 1 LIMIT 1   [ RunTime:0.0002s ]
SQL: SELECT * FROM `js_course` WHERE `status` = 1 LIMIT 0,6   [ RunTime:0.0002s ]

[ 2018-11-07T21:20:53+08:00 ] ::1 /api_for_test/Index/removeCourse
INFO: [ app_init ] --START--
INFO: Run Behavior\BuildLiteBehavior [ RunTime:0.000006s ]
INFO: [ app_init ] --END-- [ RunTime:0.000177s ]
INFO: [ app_begin ] --START--
INFO: Run Behavior\ReadHtmlCacheBehavior [ RunTime:0.000223s ]
INFO: [ app_begin ] --END-- [ RunTime:0.000237s ]
SQL: SHOW COLUMNS FROM `js_course` [ RunTime:0.0013s ]
SQL: UPDATE `js_course` SET `status`='0' WHERE `id` = 4 [ RunTime:0.0003s ]
SQL: SELECT COUNT(*) AS tp_count FROM `js_course` WHERE `status` = 1 LIMIT 1   [ RunTime:0.0002s ]
SQL: SELECT * FROM `js_course` WHERE `status` = 1 LIMIT 0,6   [ RunTime:0.0001s ]

[ 2018-11-07T21:20:54+08:00 ] ::1 /api_for_test/Index/removeCourse
INFO: [ app_init ] --START--
INFO: Run Behavior\BuildLiteBehavior [ RunTime:0.000006s ]
INFO: [ app_init ] --END-- [ RunTime:0.000172s ]
INFO: [ app_begin ] --START--
INFO: Run Behavior\ReadHtmlCacheBehavior [ RunTime:0.000218s ]
INFO: [ app_begin ] --END-- [ RunTime:0.000231s ]
SQL: SHOW COLUMNS FROM `js_course` [ RunTime:0.0014s ]
SQL: UPDATE `js_course` SET `status`='0' WHERE `id` = 3 [ RunTime:0.0007s ]
SQL: SELECT COUNT(*) AS tp_count FROM `js_course` WHERE `status` = 1 LIMIT 1   [ RunTime:0.0002s ]
SQL: SELECT * FROM `js_course` WHERE `status` = 1 LIMIT 0,6   [ RunTime:0.0001s ]

[ 2018-11-07T21:20:54+08:00 ] ::1 /api_for_test/Index/removeCourse
INFO: [ app_init ] --START--
INFO: Run Behavior\BuildLiteBehavior [ RunTime:0.000006s ]
INFO: [ app_init ] --END-- [ RunTime:0.000440s ]
INFO: [ app_begin ] --START--
INFO: Run Behavior\ReadHtmlCacheBehavior [ RunTime:0.001072s ]
INFO: [ app_begin ] --END-- [ RunTime:0.001127s ]
SQL: SHOW COLUMNS FROM `js_course` [ RunTime:0.0020s ]
SQL: UPDATE `js_course` SET `status`='0' WHERE `id` = 2 [ RunTime:0.0006s ]
SQL: SELECT COUNT(*) AS tp_count FROM `js_course` WHERE `status` = 1 LIMIT 1   [ RunTime:0.0001s ]
SQL: SELECT * FROM `js_course` WHERE `status` = 1 LIMIT 0,6   [ RunTime:0.0001s ]

[ 2018-11-07T21:20:55+08:00 ] ::1 /api_for_test/Index/removeCourse
INFO: [ app_init ] --START--
INFO: Run Behavior\BuildLiteBehavior [ RunTime:0.000008s ]
INFO: [ app_init ] --END-- [ RunTime:0.000235s ]
INFO: [ app_begin ] --START--
INFO: Run Behavior\ReadHtmlCacheBehavior [ RunTime:0.000234s ]
INFO: [ app_begin ] --END-- [ RunTime:0.000249s ]
SQL: SHOW COLUMNS FROM `js_course` [ RunTime:0.0012s ]
SQL: UPDATE `js_course` SET `status`='0' WHERE `id` = 1 [ RunTime:0.0004s ]
SQL: SELECT COUNT(*) AS tp_count FROM `js_course` WHERE `status` = 1 LIMIT 1   [ RunTime:0.0001s ]
SQL: SELECT * FROM `js_course` WHERE `status` = 1 LIMIT 0,6   [ RunTime:0.0001s ]

