[ 2019-01-12T20:58:33+08:00 ] ::1 /api_for_test/Comment/submitComment
INFO: [ app_init ] --START--
INFO: Run Behavior\BuildLiteBehavior [ RunTime:0.000007s ]
INFO: [ app_init ] --END-- [ RunTime:0.000856s ]
INFO: [ app_begin ] --START--
INFO: Run Behavior\ReadHtmlCacheBehavior [ RunTime:0.000938s ]
INFO: [ app_begin ] --END-- [ RunTime:0.000962s ]
SQL: SHOW COLUMNS FROM `js_comment` [ RunTime:0.0020s ]
SQL: SELECT * FROM `js_comment` WHERE `user_id` = 1 LIMIT 1   [ RunTime:0.0003s ]
SQL: INSERT INTO `js_comment` (`user_id`,`star_num`,`comment`) VALUES ('1','2','123123123123123123') [ RunTime:0.0026s ]

[ 2019-01-12T20:58:50+08:00 ] ::1 /api_for_test/Comment/submitComment
INFO: [ app_init ] --START--
INFO: Run Behavior\BuildLiteBehavior [ RunTime:0.000005s ]
INFO: [ app_init ] --END-- [ RunTime:0.000174s ]
INFO: [ app_begin ] --START--
INFO: Run Behavior\ReadHtmlCacheBehavior [ RunTime:0.000223s ]
INFO: [ app_begin ] --END-- [ RunTime:0.000238s ]
SQL: SHOW COLUMNS FROM `js_comment` [ RunTime:0.0013s ]
SQL: SELECT * FROM `js_comment` WHERE `user_id` = 1 LIMIT 1   [ RunTime:0.0003s ]

[ 2019-01-12T21:10:56+08:00 ] ::1 /api_for_test/Comment/submitComment
INFO: [ app_init ] --START--
INFO: Run Behavior\BuildLiteBehavior [ RunTime:0.000007s ]
INFO: [ app_init ] --END-- [ RunTime:0.000196s ]
INFO: [ app_begin ] --START--
INFO: Run Behavior\ReadHtmlCacheBehavior [ RunTime:0.000262s ]
INFO: [ app_begin ] --END-- [ RunTime:0.000281s ]
SQL: SHOW COLUMNS FROM `js_comment` [ RunTime:0.0016s ]
SQL: SELECT * FROM `js_comment` WHERE `user_id` = 1 AND `reply_id` = 0 LIMIT 1   [ RunTime:0.0002s ]

[ 2019-01-12T21:14:20+08:00 ] ::1 /api_for_test/Comment/submitComment
INFO: [ app_init ] --START--
INFO: Run Behavior\BuildLiteBehavior [ RunTime:0.000005s ]
INFO: [ app_init ] --END-- [ RunTime:0.000165s ]
INFO: [ app_begin ] --START--
INFO: Run Behavior\ReadHtmlCacheBehavior [ RunTime:0.000212s ]
INFO: [ app_begin ] --END-- [ RunTime:0.000227s ]
SQL: SHOW COLUMNS FROM `js_comment` [ RunTime:0.0014s ]
SQL: SELECT * FROM `js_comment` WHERE `user_id` = 1 AND `reply_id` = 0 LIMIT 1   [ RunTime:0.0002s ]
SQL: INSERT INTO `js_comment` (`user_id`,`star_num`,`comment`) VALUES ('1','5','123123123123123123') [ RunTime:0.0009s ]
SQL: SELECT * FROM `js_comment` WHERE `id` = 2 LIMIT 1   [ RunTime:0.0003s ]

[ 2019-01-12T21:16:29+08:00 ] ::1 /api_for_test/Comment/submitComment
INFO: [ app_init ] --START--
INFO: Run Behavior\BuildLiteBehavior [ RunTime:0.000006s ]
INFO: [ app_init ] --END-- [ RunTime:0.000185s ]
INFO: [ app_begin ] --START--
INFO: Run Behavior\ReadHtmlCacheBehavior [ RunTime:0.000248s ]
INFO: [ app_begin ] --END-- [ RunTime:0.000267s ]
SQL: SHOW COLUMNS FROM `js_comment` [ RunTime:0.0015s ]
SQL: SELECT * FROM `js_comment` WHERE `user_id` = 1 AND `reply_id` = 0 LIMIT 1   [ RunTime:0.0002s ]

[ 2019-01-12T21:18:19+08:00 ] ::1 /api_for_test/Comment/submitComment
INFO: [ app_init ] --START--
INFO: Run Behavior\BuildLiteBehavior [ RunTime:0.000006s ]
INFO: [ app_init ] --END-- [ RunTime:0.000214s ]
INFO: [ app_begin ] --START--
INFO: Run Behavior\ReadHtmlCacheBehavior [ RunTime:0.000215s ]
INFO: [ app_begin ] --END-- [ RunTime:0.000230s ]
SQL: SHOW COLUMNS FROM `js_comment` [ RunTime:0.0014s ]
SQL: SELECT * FROM `js_comment` WHERE `user_id` = 1 AND `reply_id` = 0 LIMIT 1   [ RunTime:0.0003s ]

[ 2019-01-12T21:18:54+08:00 ] ::1 /api_for_test/Comment/submitComment
INFO: [ app_init ] --START--
INFO: Run Behavior\BuildLiteBehavior [ RunTime:0.000005s ]
INFO: [ app_init ] --END-- [ RunTime:0.000168s ]
INFO: [ app_begin ] --START--
INFO: Run Behavior\ReadHtmlCacheBehavior [ RunTime:0.000223s ]
INFO: [ app_begin ] --END-- [ RunTime:0.000240s ]
SQL: SHOW COLUMNS FROM `js_comment` [ RunTime:0.0017s ]
SQL: SELECT * FROM `js_comment` WHERE `user_id` = 1 AND `reply_id` = 0 LIMIT 1   [ RunTime:0.0003s ]

[ 2019-01-12T21:19:59+08:00 ] ::1 /api_for_test/Comment/submitComment
INFO: [ app_init ] --START--
INFO: Run Behavior\BuildLiteBehavior [ RunTime:0.000005s ]
INFO: [ app_init ] --END-- [ RunTime:0.000172s ]
INFO: [ app_begin ] --START--
INFO: Run Behavior\ReadHtmlCacheBehavior [ RunTime:0.000223s ]
INFO: [ app_begin ] --END-- [ RunTime:0.000238s ]
SQL: SHOW COLUMNS FROM `js_comment` [ RunTime:0.0014s ]
SQL: SELECT * FROM `js_comment` WHERE `user_id` = 1 AND `reply_id` = 0 LIMIT 1   [ RunTime:0.0003s ]
SQL: INSERT INTO `js_comment` (`user_id`,`star_num`,`comment`) VALUES ('1','1','123123123123123123123') [ RunTime:0.0004s ]
SQL: SELECT * FROM `js_comment` WHERE `id` = 3 LIMIT 1   [ RunTime:0.0002s ]

