[ 2019-01-02T21:18:18+08:00 ] ::1 /api_for_test/Index/getCourses?page=1
INFO: [ app_init ] --START--
INFO: Run Behavior\BuildLiteBehavior [ RunTime:0.000007s ]
INFO: [ app_init ] --END-- [ RunTime:0.000456s ]
INFO: [ app_begin ] --START--
INFO: Run Behavior\ReadHtmlCacheBehavior [ RunTime:0.000886s ]
INFO: [ app_begin ] --END-- [ RunTime:0.000915s ]
SQL: SHOW COLUMNS FROM `js_course` [ RunTime:0.0016s ]
ERR: Think\Model:getCourses方法不存在！

[ 2019-01-02T21:18:47+08:00 ] ::1 /api_for_test/Index/getCourses?page=1
INFO: [ app_init ] --START--
INFO: Run Behavior\BuildLiteBehavior [ RunTime:0.000006s ]
INFO: [ app_init ] --END-- [ RunTime:0.000211s ]
INFO: [ app_begin ] --START--
INFO: Run Behavior\ReadHtmlCacheBehavior [ RunTime:0.000249s ]
INFO: [ app_begin ] --END-- [ RunTime:0.000267s ]
SQL: SHOW COLUMNS FROM `js_course` [ RunTime:0.0015s ]
ERR: Think\Model:getCourses方法不存在！

[ 2019-01-02T21:19:00+08:00 ] ::1 /api_for_test/Index/getCourses?page=1
INFO: [ app_init ] --START--
INFO: Run Behavior\BuildLiteBehavior [ RunTime:0.000007s ]
INFO: [ app_init ] --END-- [ RunTime:0.000218s ]
INFO: [ app_begin ] --START--
INFO: Run Behavior\ReadHtmlCacheBehavior [ RunTime:0.000290s ]
INFO: [ app_begin ] --END-- [ RunTime:0.000315s ]
SQL: SHOW COLUMNS FROM `js_course` [ RunTime:0.0013s ]
ERR: Think\Model:getCourses方法不存在！

[ 2019-01-02T21:19:04+08:00 ] ::1 /api_for_test/Index/getCourses?page=0
INFO: [ app_init ] --START--
INFO: Run Behavior\BuildLiteBehavior [ RunTime:0.000006s ]
INFO: [ app_init ] --END-- [ RunTime:0.000176s ]
INFO: [ app_begin ] --START--
INFO: Run Behavior\ReadHtmlCacheBehavior [ RunTime:0.000222s ]
INFO: [ app_begin ] --END-- [ RunTime:0.000236s ]
SQL: SHOW COLUMNS FROM `js_course` [ RunTime:0.0019s ]
ERR: Think\Model:getCourses方法不存在！

[ 2019-01-02T21:19:36+08:00 ] ::1 /api_for_test/Index/getCourses?page=0
INFO: [ app_init ] --START--
INFO: Run Behavior\BuildLiteBehavior [ RunTime:0.000009s ]
INFO: [ app_init ] --END-- [ RunTime:0.000302s ]
INFO: [ app_begin ] --START--
INFO: Run Behavior\ReadHtmlCacheBehavior [ RunTime:0.000403s ]
INFO: [ app_begin ] --END-- [ RunTime:0.000422s ]
SQL: SHOW COLUMNS FROM `js_courses` [ RunTime:0.0013s ]
SQL: SELECT COUNT(*) AS tp_count FROM `js_courses` WHERE `status` = 1 LIMIT 1   [ RunTime:0.0002s ]
SQL: SELECT * FROM `js_courses` WHERE `status` = 1 LIMIT 0,6   [ RunTime:0.0001s ]

[ 2019-01-02T21:19:47+08:00 ] ::1 /api_for_test/Index/getCourses?page=0
INFO: [ app_init ] --START--
INFO: Run Behavior\BuildLiteBehavior [ RunTime:0.000007s ]
INFO: [ app_init ] --END-- [ RunTime:0.000192s ]
INFO: [ app_begin ] --START--
INFO: Run Behavior\ReadHtmlCacheBehavior [ RunTime:0.000245s ]
INFO: [ app_begin ] --END-- [ RunTime:0.000262s ]
SQL: SHOW COLUMNS FROM `js_courses` [ RunTime:0.0014s ]
SQL: SELECT COUNT(*) AS tp_count FROM `js_courses` WHERE `status` = 1 LIMIT 1   [ RunTime:0.0004s ]
SQL: SELECT * FROM `js_courses` WHERE `status` = 1 LIMIT 0,6   [ RunTime:0.0003s ]

[ 2019-01-02T21:19:53+08:00 ] ::1 /api_for_test/Index/getCourses?page=1
INFO: [ app_init ] --START--
INFO: Run Behavior\BuildLiteBehavior [ RunTime:0.000006s ]
INFO: [ app_init ] --END-- [ RunTime:0.000235s ]
INFO: [ app_begin ] --START--
INFO: Run Behavior\ReadHtmlCacheBehavior [ RunTime:0.000253s ]
INFO: [ app_begin ] --END-- [ RunTime:0.000270s ]
SQL: SHOW COLUMNS FROM `js_courses` [ RunTime:0.0018s ]
SQL: SELECT COUNT(*) AS tp_count FROM `js_courses` WHERE `status` = 1 LIMIT 1   [ RunTime:0.0002s ]
SQL: SELECT * FROM `js_courses` WHERE `status` = 1 LIMIT 6,6   [ RunTime:0.0002s ]

[ 2019-01-02T21:21:08+08:00 ] ::1 /api_for_test/Index/getCourses?page=0
INFO: [ app_init ] --START--
INFO: Run Behavior\BuildLiteBehavior [ RunTime:0.000011s ]
INFO: [ app_init ] --END-- [ RunTime:0.000430s ]
INFO: [ app_begin ] --START--
INFO: Run Behavior\ReadHtmlCacheBehavior [ RunTime:0.000546s ]
INFO: [ app_begin ] --END-- [ RunTime:0.000572s ]
SQL: SHOW COLUMNS FROM `js_courses` [ RunTime:0.0015s ]
SQL: SELECT COUNT(*) AS tp_count FROM `js_courses` WHERE `status` = 1 LIMIT 1   [ RunTime:0.0002s ]
SQL: SELECT * FROM `js_courses` WHERE `status` = 1 LIMIT 0,6   [ RunTime:0.0002s ]

[ 2019-01-02T21:21:10+08:00 ] ::1 /api_for_test/Index/getCourses?page=0
INFO: [ app_init ] --START--
INFO: Run Behavior\BuildLiteBehavior [ RunTime:0.000006s ]
INFO: [ app_init ] --END-- [ RunTime:0.000193s ]
INFO: [ app_begin ] --START--
INFO: Run Behavior\ReadHtmlCacheBehavior [ RunTime:0.000241s ]
INFO: [ app_begin ] --END-- [ RunTime:0.000258s ]
SQL: SHOW COLUMNS FROM `js_courses` [ RunTime:0.0018s ]
SQL: SELECT COUNT(*) AS tp_count FROM `js_courses` WHERE `status` = 1 LIMIT 1   [ RunTime:0.0002s ]
SQL: SELECT * FROM `js_courses` WHERE `status` = 1 LIMIT 0,6   [ RunTime:0.0002s ]

[ 2019-01-02T21:24:24+08:00 ] ::1 /api_for_test/Index/getCourses?page=0&callback=jQuery331043464893846390606_1546435464619&_=1546435464620
INFO: [ app_init ] --START--
INFO: Run Behavior\BuildLiteBehavior [ RunTime:0.000009s ]
INFO: [ app_init ] --END-- [ RunTime:0.000390s ]
INFO: [ app_begin ] --START--
INFO: Run Behavior\ReadHtmlCacheBehavior [ RunTime:0.000408s ]
INFO: [ app_begin ] --END-- [ RunTime:0.000425s ]
SQL: SHOW COLUMNS FROM `js_courses` [ RunTime:0.0016s ]
SQL: SELECT COUNT(*) AS tp_count FROM `js_courses` WHERE `status` = 1 LIMIT 1   [ RunTime:0.0002s ]
SQL: SELECT * FROM `js_courses` WHERE `status` = 1 LIMIT 0,6   [ RunTime:0.0002s ]

[ 2019-01-02T21:24:51+08:00 ] ::1 /api_for_test/Index/getCourses?page=0&callback=jQuery33102641154643474679_1546435491328&_=1546435491329
INFO: [ app_init ] --START--
INFO: Run Behavior\BuildLiteBehavior [ RunTime:0.000006s ]
INFO: [ app_init ] --END-- [ RunTime:0.000177s ]
INFO: [ app_begin ] --START--
INFO: Run Behavior\ReadHtmlCacheBehavior [ RunTime:0.000232s ]
INFO: [ app_begin ] --END-- [ RunTime:0.000247s ]
SQL: SHOW COLUMNS FROM `js_courses` [ RunTime:0.0017s ]
SQL: SELECT COUNT(*) AS tp_count FROM `js_courses` WHERE `status` = 1 LIMIT 1   [ RunTime:0.0005s ]
SQL: SELECT * FROM `js_courses` WHERE `status` = 1 LIMIT 0,6   [ RunTime:0.0004s ]

[ 2019-01-02T21:24:51+08:00 ] ::1 /api_for_test/Index/getCourses?page=0&callback=jQuery33104560954446816994_1546435491916&_=1546435491917
INFO: [ app_init ] --START--
INFO: Run Behavior\BuildLiteBehavior [ RunTime:0.000006s ]
INFO: [ app_init ] --END-- [ RunTime:0.000184s ]
INFO: [ app_begin ] --START--
INFO: Run Behavior\ReadHtmlCacheBehavior [ RunTime:0.000234s ]
INFO: [ app_begin ] --END-- [ RunTime:0.000249s ]
SQL: SHOW COLUMNS FROM `js_courses` [ RunTime:0.0016s ]
SQL: SELECT COUNT(*) AS tp_count FROM `js_courses` WHERE `status` = 1 LIMIT 1   [ RunTime:0.0004s ]
SQL: SELECT * FROM `js_courses` WHERE `status` = 1 LIMIT 0,6   [ RunTime:0.0004s ]

[ 2019-01-02T21:24:52+08:00 ] ::1 /api_for_test/Index/getCourses?page=0&callback=jQuery33105035679829149349_1546435492170&_=1546435492171
INFO: [ app_init ] --START--
INFO: Run Behavior\BuildLiteBehavior [ RunTime:0.000007s ]
INFO: [ app_init ] --END-- [ RunTime:0.000185s ]
INFO: [ app_begin ] --START--
INFO: Run Behavior\ReadHtmlCacheBehavior [ RunTime:0.000235s ]
INFO: [ app_begin ] --END-- [ RunTime:0.000250s ]
SQL: SHOW COLUMNS FROM `js_courses` [ RunTime:0.0013s ]
SQL: SELECT COUNT(*) AS tp_count FROM `js_courses` WHERE `status` = 1 LIMIT 1   [ RunTime:0.0002s ]
SQL: SELECT * FROM `js_courses` WHERE `status` = 1 LIMIT 0,6   [ RunTime:0.0001s ]

[ 2019-01-02T21:24:52+08:00 ] ::1 /api_for_test/Index/getCourses?page=0&callback=jQuery33109446645824270179_1546435492345&_=1546435492346
INFO: [ app_init ] --START--
INFO: Run Behavior\BuildLiteBehavior [ RunTime:0.000006s ]
INFO: [ app_init ] --END-- [ RunTime:0.000176s ]
INFO: [ app_begin ] --START--
INFO: Run Behavior\ReadHtmlCacheBehavior [ RunTime:0.000234s ]
INFO: [ app_begin ] --END-- [ RunTime:0.000250s ]
SQL: SHOW COLUMNS FROM `js_courses` [ RunTime:0.0015s ]
SQL: SELECT COUNT(*) AS tp_count FROM `js_courses` WHERE `status` = 1 LIMIT 1   [ RunTime:0.0012s ]
SQL: SELECT * FROM `js_courses` WHERE `status` = 1 LIMIT 0,6   [ RunTime:0.0004s ]

[ 2019-01-02T21:24:52+08:00 ] ::1 /api_for_test/Index/getCourses?page=0&callback=jQuery331022619602934433547_1546435492514&_=1546435492515
INFO: [ app_init ] --START--
INFO: Run Behavior\BuildLiteBehavior [ RunTime:0.000007s ]
INFO: [ app_init ] --END-- [ RunTime:0.000180s ]
INFO: [ app_begin ] --START--
INFO: Run Behavior\ReadHtmlCacheBehavior [ RunTime:0.000231s ]
INFO: [ app_begin ] --END-- [ RunTime:0.000261s ]
SQL: SHOW COLUMNS FROM `js_courses` [ RunTime:0.0014s ]
SQL: SELECT COUNT(*) AS tp_count FROM `js_courses` WHERE `status` = 1 LIMIT 1   [ RunTime:0.0002s ]
SQL: SELECT * FROM `js_courses` WHERE `status` = 1 LIMIT 0,6   [ RunTime:0.0002s ]

[ 2019-01-02T21:24:52+08:00 ] ::1 /api_for_test/Index/getCourses?page=0&callback=jQuery331038550129258007493_1546435492685&_=1546435492686
INFO: [ app_init ] --START--
INFO: Run Behavior\BuildLiteBehavior [ RunTime:0.000006s ]
INFO: [ app_init ] --END-- [ RunTime:0.000174s ]
INFO: [ app_begin ] --START--
INFO: Run Behavior\ReadHtmlCacheBehavior [ RunTime:0.000396s ]
INFO: [ app_begin ] --END-- [ RunTime:0.000416s ]
SQL: SHOW COLUMNS FROM `js_courses` [ RunTime:0.0014s ]
SQL: SELECT COUNT(*) AS tp_count FROM `js_courses` WHERE `status` = 1 LIMIT 1   [ RunTime:0.0002s ]
SQL: SELECT * FROM `js_courses` WHERE `status` = 1 LIMIT 0,6   [ RunTime:0.0002s ]

[ 2019-01-02T21:24:52+08:00 ] ::1 /api_for_test/Index/getCourses?page=0&callback=jQuery33108259849102085715_1546435492842&_=1546435492843
INFO: [ app_init ] --START--
INFO: Run Behavior\BuildLiteBehavior [ RunTime:0.000006s ]
INFO: [ app_init ] --END-- [ RunTime:0.000179s ]
INFO: [ app_begin ] --START--
INFO: Run Behavior\ReadHtmlCacheBehavior [ RunTime:0.000225s ]
INFO: [ app_begin ] --END-- [ RunTime:0.000240s ]
SQL: SHOW COLUMNS FROM `js_courses` [ RunTime:0.0015s ]
SQL: SELECT COUNT(*) AS tp_count FROM `js_courses` WHERE `status` = 1 LIMIT 1   [ RunTime:0.0002s ]
SQL: SELECT * FROM `js_courses` WHERE `status` = 1 LIMIT 0,6   [ RunTime:0.0002s ]

[ 2019-01-02T21:24:54+08:00 ] ::1 /api_for_test/Index/getCourses?page=0&callback=jQuery33105019502189322251_1546435494666&_=1546435494667
INFO: [ app_init ] --START--
INFO: Run Behavior\BuildLiteBehavior [ RunTime:0.000007s ]
INFO: [ app_init ] --END-- [ RunTime:0.000190s ]
INFO: [ app_begin ] --START--
INFO: Run Behavior\ReadHtmlCacheBehavior [ RunTime:0.000240s ]
INFO: [ app_begin ] --END-- [ RunTime:0.000255s ]
SQL: SHOW COLUMNS FROM `js_courses` [ RunTime:0.0019s ]
SQL: SELECT COUNT(*) AS tp_count FROM `js_courses` WHERE `status` = 1 LIMIT 1   [ RunTime:0.0004s ]
SQL: SELECT * FROM `js_courses` WHERE `status` = 1 LIMIT 0,6   [ RunTime:0.0004s ]

[ 2019-01-02T21:24:55+08:00 ] ::1 /api_for_test/Index/getCourses?page=0&callback=jQuery33105965759417349827_1546435495137&_=1546435495138
INFO: [ app_init ] --START--
INFO: Run Behavior\BuildLiteBehavior [ RunTime:0.000007s ]
INFO: [ app_init ] --END-- [ RunTime:0.000183s ]
INFO: [ app_begin ] --START--
INFO: Run Behavior\ReadHtmlCacheBehavior [ RunTime:0.000234s ]
INFO: [ app_begin ] --END-- [ RunTime:0.000249s ]
SQL: SHOW COLUMNS FROM `js_courses` [ RunTime:0.0019s ]
SQL: SELECT COUNT(*) AS tp_count FROM `js_courses` WHERE `status` = 1 LIMIT 1   [ RunTime:0.0006s ]
SQL: SELECT * FROM `js_courses` WHERE `status` = 1 LIMIT 0,6   [ RunTime:0.0015s ]

[ 2019-01-02T21:24:55+08:00 ] ::1 /api_for_test/Index/getCourses?page=0&callback=jQuery33109554456252264134_1546435495586&_=1546435495587
INFO: [ app_init ] --START--
INFO: Run Behavior\BuildLiteBehavior [ RunTime:0.000007s ]
INFO: [ app_init ] --END-- [ RunTime:0.000211s ]
INFO: [ app_begin ] --START--
INFO: Run Behavior\ReadHtmlCacheBehavior [ RunTime:0.000289s ]
INFO: [ app_begin ] --END-- [ RunTime:0.000306s ]
SQL: SHOW COLUMNS FROM `js_courses` [ RunTime:0.0016s ]
SQL: SELECT COUNT(*) AS tp_count FROM `js_courses` WHERE `status` = 1 LIMIT 1   [ RunTime:0.0002s ]
SQL: SELECT * FROM `js_courses` WHERE `status` = 1 LIMIT 0,6   [ RunTime:0.0002s ]

[ 2019-01-02T21:24:56+08:00 ] ::1 /api_for_test/Index/getCourses?page=0&callback=jQuery331008910737134841562_1546435496026&_=1546435496027
INFO: [ app_init ] --START--
INFO: Run Behavior\BuildLiteBehavior [ RunTime:0.000007s ]
INFO: [ app_init ] --END-- [ RunTime:0.000200s ]
INFO: [ app_begin ] --START--
INFO: Run Behavior\ReadHtmlCacheBehavior [ RunTime:0.000278s ]
INFO: [ app_begin ] --END-- [ RunTime:0.000297s ]
SQL: SHOW COLUMNS FROM `js_courses` [ RunTime:0.0020s ]
SQL: SELECT COUNT(*) AS tp_count FROM `js_courses` WHERE `status` = 1 LIMIT 1   [ RunTime:0.0002s ]
SQL: SELECT * FROM `js_courses` WHERE `status` = 1 LIMIT 0,6   [ RunTime:0.0002s ]

[ 2019-01-02T21:24:56+08:00 ] ::1 /api_for_test/Index/getCourses?page=0&callback=jQuery33105279170238101929_1546435496490&_=1546435496491
INFO: [ app_init ] --START--
INFO: Run Behavior\BuildLiteBehavior [ RunTime:0.000007s ]
INFO: [ app_init ] --END-- [ RunTime:0.000181s ]
INFO: [ app_begin ] --START--
INFO: Run Behavior\ReadHtmlCacheBehavior [ RunTime:0.000235s ]
INFO: [ app_begin ] --END-- [ RunTime:0.000250s ]
SQL: SHOW COLUMNS FROM `js_courses` [ RunTime:0.0015s ]
SQL: SELECT COUNT(*) AS tp_count FROM `js_courses` WHERE `status` = 1 LIMIT 1   [ RunTime:0.0006s ]
SQL: SELECT * FROM `js_courses` WHERE `status` = 1 LIMIT 0,6   [ RunTime:0.0005s ]

[ 2019-01-02T21:25:21+08:00 ] ::1 /api_for_test/Index/getCourses?page=0&callback=jQuery33108362932982091269_1546435521323&_=1546435521324
INFO: [ app_init ] --START--
INFO: Run Behavior\BuildLiteBehavior [ RunTime:0.000009s ]
INFO: [ app_init ] --END-- [ RunTime:0.000324s ]
INFO: [ app_begin ] --START--
INFO: Run Behavior\ReadHtmlCacheBehavior [ RunTime:0.000239s ]
INFO: [ app_begin ] --END-- [ RunTime:0.000254s ]
SQL: SHOW COLUMNS FROM `js_courses` [ RunTime:0.0018s ]
SQL: SELECT COUNT(*) AS tp_count FROM `js_courses` WHERE `status` = 1 LIMIT 1   [ RunTime:0.0002s ]
SQL: SELECT * FROM `js_courses` WHERE `status` = 1 LIMIT 0,6   [ RunTime:0.0003s ]

[ 2019-01-02T21:26:01+08:00 ] ::1 /api_for_test/Index/getCourses?page=0&callback=jQuery33109903285529718788_1546435561108&_=1546435561109
INFO: [ app_init ] --START--
INFO: Run Behavior\BuildLiteBehavior [ RunTime:0.000008s ]
INFO: [ app_init ] --END-- [ RunTime:0.000322s ]
INFO: [ app_begin ] --START--
INFO: Run Behavior\ReadHtmlCacheBehavior [ RunTime:0.000405s ]
INFO: [ app_begin ] --END-- [ RunTime:0.000423s ]
SQL: SHOW COLUMNS FROM `js_courses` [ RunTime:0.0026s ]
SQL: SELECT COUNT(*) AS tp_count FROM `js_courses` WHERE `status` = 1 LIMIT 1   [ RunTime:0.0021s ]
SQL: SELECT * FROM `js_courses` WHERE `status` = 1 LIMIT 0,6   [ RunTime:0.0015s ]

[ 2019-01-02T21:26:01+08:00 ] ::1 /api_for_test/Index/getCourses?page=0&callback=jQuery331006723873859932339_1546435561716&_=1546435561717
INFO: [ app_init ] --START--
INFO: Run Behavior\BuildLiteBehavior [ RunTime:0.000006s ]
INFO: [ app_init ] --END-- [ RunTime:0.000183s ]
INFO: [ app_begin ] --START--
INFO: Run Behavior\ReadHtmlCacheBehavior [ RunTime:0.000230s ]
INFO: [ app_begin ] --END-- [ RunTime:0.000244s ]
SQL: SHOW COLUMNS FROM `js_courses` [ RunTime:0.0030s ]
SQL: SELECT COUNT(*) AS tp_count FROM `js_courses` WHERE `status` = 1 LIMIT 1   [ RunTime:0.0004s ]
SQL: SELECT * FROM `js_courses` WHERE `status` = 1 LIMIT 0,6   [ RunTime:0.0003s ]

[ 2019-01-02T21:26:01+08:00 ] ::1 /api_for_test/Index/getCourses?page=0&callback=jQuery331027517956100243524_1546435561899&_=1546435561900
INFO: [ app_init ] --START--
INFO: Run Behavior\BuildLiteBehavior [ RunTime:0.000007s ]
INFO: [ app_init ] --END-- [ RunTime:0.000179s ]
INFO: [ app_begin ] --START--
INFO: Run Behavior\ReadHtmlCacheBehavior [ RunTime:0.000229s ]
INFO: [ app_begin ] --END-- [ RunTime:0.000244s ]
SQL: SHOW COLUMNS FROM `js_courses` [ RunTime:0.0017s ]
SQL: SELECT COUNT(*) AS tp_count FROM `js_courses` WHERE `status` = 1 LIMIT 1   [ RunTime:0.0002s ]
SQL: SELECT * FROM `js_courses` WHERE `status` = 1 LIMIT 0,6   [ RunTime:0.0002s ]

[ 2019-01-02T21:26:02+08:00 ] ::1 /api_for_test/Index/getCourses?page=0&callback=jQuery33101709907438075169_1546435562058&_=1546435562059
INFO: [ app_init ] --START--
INFO: Run Behavior\BuildLiteBehavior [ RunTime:0.000007s ]
INFO: [ app_init ] --END-- [ RunTime:0.000540s ]
INFO: [ app_begin ] --START--
INFO: Run Behavior\ReadHtmlCacheBehavior [ RunTime:0.000236s ]
INFO: [ app_begin ] --END-- [ RunTime:0.000250s ]
SQL: SHOW COLUMNS FROM `js_courses` [ RunTime:0.0014s ]
SQL: SELECT COUNT(*) AS tp_count FROM `js_courses` WHERE `status` = 1 LIMIT 1   [ RunTime:0.0002s ]
SQL: SELECT * FROM `js_courses` WHERE `status` = 1 LIMIT 0,6   [ RunTime:0.0002s ]

[ 2019-01-02T21:26:06+08:00 ] ::1 /api_for_test/Index/getCourses?page=0
INFO: [ app_init ] --START--
INFO: Run Behavior\BuildLiteBehavior [ RunTime:0.000006s ]
INFO: [ app_init ] --END-- [ RunTime:0.000190s ]
INFO: [ app_begin ] --START--
INFO: Run Behavior\ReadHtmlCacheBehavior [ RunTime:0.000277s ]
INFO: [ app_begin ] --END-- [ RunTime:0.000344s ]
SQL: SHOW COLUMNS FROM `js_courses` [ RunTime:0.0015s ]
SQL: SELECT COUNT(*) AS tp_count FROM `js_courses` WHERE `status` = 1 LIMIT 1   [ RunTime:0.0003s ]
SQL: SELECT * FROM `js_courses` WHERE `status` = 1 LIMIT 0,6   [ RunTime:0.0002s ]

[ 2019-01-02T21:26:10+08:00 ] ::1 /api_for_test/Index/getCourses?page=0
INFO: [ app_init ] --START--
INFO: Run Behavior\BuildLiteBehavior [ RunTime:0.000007s ]
INFO: [ app_init ] --END-- [ RunTime:0.000202s ]
INFO: [ app_begin ] --START--
INFO: Run Behavior\ReadHtmlCacheBehavior [ RunTime:0.000340s ]
INFO: [ app_begin ] --END-- [ RunTime:0.000359s ]
SQL: SHOW COLUMNS FROM `js_courses` [ RunTime:0.0016s ]
SQL: SELECT COUNT(*) AS tp_count FROM `js_courses` WHERE `status` = 1 LIMIT 1   [ RunTime:0.0009s ]
SQL: SELECT * FROM `js_courses` WHERE `status` = 1 LIMIT 0,6   [ RunTime:0.0003s ]

[ 2019-01-02T21:26:11+08:00 ] ::1 /api_for_test/Index/getCourses?page=0
INFO: [ app_init ] --START--
INFO: Run Behavior\BuildLiteBehavior [ RunTime:0.000006s ]
INFO: [ app_init ] --END-- [ RunTime:0.000190s ]
INFO: [ app_begin ] --START--
INFO: Run Behavior\ReadHtmlCacheBehavior [ RunTime:0.000239s ]
INFO: [ app_begin ] --END-- [ RunTime:0.000255s ]
SQL: SHOW COLUMNS FROM `js_courses` [ RunTime:0.0014s ]
SQL: SELECT COUNT(*) AS tp_count FROM `js_courses` WHERE `status` = 1 LIMIT 1   [ RunTime:0.0005s ]
SQL: SELECT * FROM `js_courses` WHERE `status` = 1 LIMIT 0,6   [ RunTime:0.0002s ]

[ 2019-01-02T21:26:11+08:00 ] ::1 /api_for_test/Index/getCourses?page=0
INFO: [ app_init ] --START--
INFO: Run Behavior\BuildLiteBehavior [ RunTime:0.000006s ]
INFO: [ app_init ] --END-- [ RunTime:0.000182s ]
INFO: [ app_begin ] --START--
INFO: Run Behavior\ReadHtmlCacheBehavior [ RunTime:0.000228s ]
INFO: [ app_begin ] --END-- [ RunTime:0.000242s ]
SQL: SHOW COLUMNS FROM `js_courses` [ RunTime:0.0014s ]
SQL: SELECT COUNT(*) AS tp_count FROM `js_courses` WHERE `status` = 1 LIMIT 1   [ RunTime:0.0004s ]
SQL: SELECT * FROM `js_courses` WHERE `status` = 1 LIMIT 0,6   [ RunTime:0.0004s ]

[ 2019-01-02T21:26:21+08:00 ] ::1 /api_for_test/Index/getCourses?page=0
INFO: [ app_init ] --START--
INFO: Run Behavior\BuildLiteBehavior [ RunTime:0.000006s ]
INFO: [ app_init ] --END-- [ RunTime:0.000183s ]
INFO: [ app_begin ] --START--
INFO: Run Behavior\ReadHtmlCacheBehavior [ RunTime:0.000374s ]
INFO: [ app_begin ] --END-- [ RunTime:0.000391s ]
SQL: SHOW COLUMNS FROM `js_courses` [ RunTime:0.0017s ]
SQL: SELECT COUNT(*) AS tp_count FROM `js_courses` WHERE `status` = 1 LIMIT 1   [ RunTime:0.0005s ]
SQL: SELECT * FROM `js_courses` WHERE `status` = 1 LIMIT 0,6   [ RunTime:0.0006s ]

[ 2019-01-02T21:26:21+08:00 ] ::1 /api_for_test/Index/getCourses?page=0
INFO: [ app_init ] --START--
INFO: Run Behavior\BuildLiteBehavior [ RunTime:0.000006s ]
INFO: [ app_init ] --END-- [ RunTime:0.000235s ]
INFO: [ app_begin ] --START--
INFO: Run Behavior\ReadHtmlCacheBehavior [ RunTime:0.000237s ]
INFO: [ app_begin ] --END-- [ RunTime:0.000252s ]
SQL: SHOW COLUMNS FROM `js_courses` [ RunTime:0.0014s ]
SQL: SELECT COUNT(*) AS tp_count FROM `js_courses` WHERE `status` = 1 LIMIT 1   [ RunTime:0.0002s ]
SQL: SELECT * FROM `js_courses` WHERE `status` = 1 LIMIT 0,6   [ RunTime:0.0003s ]

[ 2019-01-02T21:26:21+08:00 ] ::1 /api_for_test/Index/getCourses?page=0
INFO: [ app_init ] --START--
INFO: Run Behavior\BuildLiteBehavior [ RunTime:0.000008s ]
INFO: [ app_init ] --END-- [ RunTime:0.000200s ]
INFO: [ app_begin ] --START--
INFO: Run Behavior\ReadHtmlCacheBehavior [ RunTime:0.000245s ]
INFO: [ app_begin ] --END-- [ RunTime:0.000262s ]
SQL: SHOW COLUMNS FROM `js_courses` [ RunTime:0.0015s ]
SQL: SELECT COUNT(*) AS tp_count FROM `js_courses` WHERE `status` = 1 LIMIT 1   [ RunTime:0.0004s ]
SQL: SELECT * FROM `js_courses` WHERE `status` = 1 LIMIT 0,6   [ RunTime:0.0004s ]

[ 2019-01-02T21:26:21+08:00 ] ::1 /api_for_test/Index/getCourses?page=0
INFO: [ app_init ] --START--
INFO: Run Behavior\BuildLiteBehavior [ RunTime:0.000005s ]
INFO: [ app_init ] --END-- [ RunTime:0.000181s ]
INFO: [ app_begin ] --START--
INFO: Run Behavior\ReadHtmlCacheBehavior [ RunTime:0.000233s ]
INFO: [ app_begin ] --END-- [ RunTime:0.000248s ]
SQL: SHOW COLUMNS FROM `js_courses` [ RunTime:0.0015s ]
SQL: SELECT COUNT(*) AS tp_count FROM `js_courses` WHERE `status` = 1 LIMIT 1   [ RunTime:0.0003s ]
SQL: SELECT * FROM `js_courses` WHERE `status` = 1 LIMIT 0,6   [ RunTime:0.0002s ]

[ 2019-01-02T21:26:22+08:00 ] ::1 /api_for_test/Index/getCourses?page=0
INFO: [ app_init ] --START--
INFO: Run Behavior\BuildLiteBehavior [ RunTime:0.000007s ]
INFO: [ app_init ] --END-- [ RunTime:0.000190s ]
INFO: [ app_begin ] --START--
INFO: Run Behavior\ReadHtmlCacheBehavior [ RunTime:0.000232s ]
INFO: [ app_begin ] --END-- [ RunTime:0.000246s ]
SQL: SHOW COLUMNS FROM `js_courses` [ RunTime:0.0014s ]
SQL: SELECT COUNT(*) AS tp_count FROM `js_courses` WHERE `status` = 1 LIMIT 1   [ RunTime:0.0003s ]
SQL: SELECT * FROM `js_courses` WHERE `status` = 1 LIMIT 0,6   [ RunTime:0.0004s ]

[ 2019-01-02T21:26:22+08:00 ] ::1 /api_for_test/Index/getCourses?page=0
INFO: [ app_init ] --START--
INFO: Run Behavior\BuildLiteBehavior [ RunTime:0.000006s ]
INFO: [ app_init ] --END-- [ RunTime:0.000195s ]
INFO: [ app_begin ] --START--
INFO: Run Behavior\ReadHtmlCacheBehavior [ RunTime:0.000235s ]
INFO: [ app_begin ] --END-- [ RunTime:0.000251s ]
SQL: SHOW COLUMNS FROM `js_courses` [ RunTime:0.0015s ]
SQL: SELECT COUNT(*) AS tp_count FROM `js_courses` WHERE `status` = 1 LIMIT 1   [ RunTime:0.0006s ]
SQL: SELECT * FROM `js_courses` WHERE `status` = 1 LIMIT 0,6   [ RunTime:0.0007s ]

[ 2019-01-02T21:26:22+08:00 ] ::1 /api_for_test/Index/getCourses?page=0
INFO: [ app_init ] --START--
INFO: Run Behavior\BuildLiteBehavior [ RunTime:0.000006s ]
INFO: [ app_init ] --END-- [ RunTime:0.000182s ]
INFO: [ app_begin ] --START--
INFO: Run Behavior\ReadHtmlCacheBehavior [ RunTime:0.000230s ]
INFO: [ app_begin ] --END-- [ RunTime:0.000243s ]
SQL: SHOW COLUMNS FROM `js_courses` [ RunTime:0.0015s ]
SQL: SELECT COUNT(*) AS tp_count FROM `js_courses` WHERE `status` = 1 LIMIT 1   [ RunTime:0.0002s ]
SQL: SELECT * FROM `js_courses` WHERE `status` = 1 LIMIT 0,6   [ RunTime:0.0005s ]

[ 2019-01-02T21:26:25+08:00 ] ::1 /api_for_test/Index/getCourses?page=0
INFO: [ app_init ] --START--
INFO: Run Behavior\BuildLiteBehavior [ RunTime:0.000006s ]
INFO: [ app_init ] --END-- [ RunTime:0.000171s ]
INFO: [ app_begin ] --START--
INFO: Run Behavior\ReadHtmlCacheBehavior [ RunTime:0.000258s ]
INFO: [ app_begin ] --END-- [ RunTime:0.000277s ]
SQL: SHOW COLUMNS FROM `js_courses` [ RunTime:0.0016s ]
SQL: SELECT COUNT(*) AS tp_count FROM `js_courses` WHERE `status` = 1 LIMIT 1   [ RunTime:0.0018s ]
SQL: SELECT * FROM `js_courses` WHERE `status` = 1 LIMIT 0,6   [ RunTime:0.0006s ]

[ 2019-01-02T21:26:25+08:00 ] ::1 /api_for_test/Index/getCourses?page=0
INFO: [ app_init ] --START--
INFO: Run Behavior\BuildLiteBehavior [ RunTime:0.000006s ]
INFO: [ app_init ] --END-- [ RunTime:0.000174s ]
INFO: [ app_begin ] --START--
INFO: Run Behavior\ReadHtmlCacheBehavior [ RunTime:0.000220s ]
INFO: [ app_begin ] --END-- [ RunTime:0.000234s ]
SQL: SHOW COLUMNS FROM `js_courses` [ RunTime:0.0014s ]
SQL: SELECT COUNT(*) AS tp_count FROM `js_courses` WHERE `status` = 1 LIMIT 1   [ RunTime:0.0002s ]
SQL: SELECT * FROM `js_courses` WHERE `status` = 1 LIMIT 0,6   [ RunTime:0.0002s ]

[ 2019-01-02T21:26:25+08:00 ] ::1 /api_for_test/Index/getCourses?page=0
INFO: [ app_init ] --START--
INFO: Run Behavior\BuildLiteBehavior [ RunTime:0.000006s ]
INFO: [ app_init ] --END-- [ RunTime:0.000182s ]
INFO: [ app_begin ] --START--
INFO: Run Behavior\ReadHtmlCacheBehavior [ RunTime:0.000241s ]
INFO: [ app_begin ] --END-- [ RunTime:0.000258s ]
SQL: SHOW COLUMNS FROM `js_courses` [ RunTime:0.0014s ]
SQL: SELECT COUNT(*) AS tp_count FROM `js_courses` WHERE `status` = 1 LIMIT 1   [ RunTime:0.0002s ]
SQL: SELECT * FROM `js_courses` WHERE `status` = 1 LIMIT 0,6   [ RunTime:0.0002s ]

[ 2019-01-02T21:26:25+08:00 ] ::1 /api_for_test/Index/getCourses?page=0
INFO: [ app_init ] --START--
INFO: Run Behavior\BuildLiteBehavior [ RunTime:0.000006s ]
INFO: [ app_init ] --END-- [ RunTime:0.000173s ]
INFO: [ app_begin ] --START--
INFO: Run Behavior\ReadHtmlCacheBehavior [ RunTime:0.000236s ]
INFO: [ app_begin ] --END-- [ RunTime:0.000253s ]
SQL: SHOW COLUMNS FROM `js_courses` [ RunTime:0.0014s ]
SQL: SELECT COUNT(*) AS tp_count FROM `js_courses` WHERE `status` = 1 LIMIT 1   [ RunTime:0.0002s ]
SQL: SELECT * FROM `js_courses` WHERE `status` = 1 LIMIT 0,6   [ RunTime:0.0002s ]

[ 2019-01-02T21:26:25+08:00 ] ::1 /api_for_test/Index/getCourses?page=0
INFO: [ app_init ] --START--
INFO: Run Behavior\BuildLiteBehavior [ RunTime:0.000007s ]
INFO: [ app_init ] --END-- [ RunTime:0.000195s ]
INFO: [ app_begin ] --START--
INFO: Run Behavior\ReadHtmlCacheBehavior [ RunTime:0.000242s ]
INFO: [ app_begin ] --END-- [ RunTime:0.000257s ]
SQL: SHOW COLUMNS FROM `js_courses` [ RunTime:0.0013s ]
SQL: SELECT COUNT(*) AS tp_count FROM `js_courses` WHERE `status` = 1 LIMIT 1   [ RunTime:0.0002s ]
SQL: SELECT * FROM `js_courses` WHERE `status` = 1 LIMIT 0,6   [ RunTime:0.0001s ]

[ 2019-01-02T21:26:25+08:00 ] ::1 /api_for_test/Index/getCourses?page=0
INFO: [ app_init ] --START--
INFO: Run Behavior\BuildLiteBehavior [ RunTime:0.000007s ]
INFO: [ app_init ] --END-- [ RunTime:0.000192s ]
INFO: [ app_begin ] --START--
INFO: Run Behavior\ReadHtmlCacheBehavior [ RunTime:0.000249s ]
INFO: [ app_begin ] --END-- [ RunTime:0.000265s ]
SQL: SHOW COLUMNS FROM `js_courses` [ RunTime:0.0015s ]
SQL: SELECT COUNT(*) AS tp_count FROM `js_courses` WHERE `status` = 1 LIMIT 1   [ RunTime:0.0002s ]
SQL: SELECT * FROM `js_courses` WHERE `status` = 1 LIMIT 0,6   [ RunTime:0.0003s ]

[ 2019-01-02T21:26:26+08:00 ] ::1 /api_for_test/Index/getCourses?page=0
INFO: [ app_init ] --START--
INFO: Run Behavior\BuildLiteBehavior [ RunTime:0.000007s ]
INFO: [ app_init ] --END-- [ RunTime:0.000191s ]
INFO: [ app_begin ] --START--
INFO: Run Behavior\ReadHtmlCacheBehavior [ RunTime:0.000314s ]
INFO: [ app_begin ] --END-- [ RunTime:0.000333s ]
SQL: SHOW COLUMNS FROM `js_courses` [ RunTime:0.0044s ]
SQL: SELECT COUNT(*) AS tp_count FROM `js_courses` WHERE `status` = 1 LIMIT 1   [ RunTime:0.0005s ]
SQL: SELECT * FROM `js_courses` WHERE `status` = 1 LIMIT 0,6   [ RunTime:0.0009s ]

[ 2019-01-02T21:26:44+08:00 ] ::1 /api_for_test/Index/getCourses?page=0
INFO: [ app_init ] --START--
INFO: Run Behavior\BuildLiteBehavior [ RunTime:0.000007s ]
INFO: [ app_init ] --END-- [ RunTime:0.000220s ]
INFO: [ app_begin ] --START--
INFO: Run Behavior\ReadHtmlCacheBehavior [ RunTime:0.000242s ]
INFO: [ app_begin ] --END-- [ RunTime:0.000260s ]
SQL: SHOW COLUMNS FROM `js_courses` [ RunTime:0.0014s ]
SQL: SELECT COUNT(*) AS tp_count FROM `js_courses` WHERE `status` = 1 LIMIT 1   [ RunTime:0.0002s ]
SQL: SELECT * FROM `js_courses` WHERE `status` = 1 LIMIT 0,6   [ RunTime:0.0002s ]

[ 2019-01-02T21:26:44+08:00 ] ::1 /api_for_test/Index/getCourses?page=0
INFO: [ app_init ] --START--
INFO: Run Behavior\BuildLiteBehavior [ RunTime:0.000006s ]
INFO: [ app_init ] --END-- [ RunTime:0.000175s ]
INFO: [ app_begin ] --START--
INFO: Run Behavior\ReadHtmlCacheBehavior [ RunTime:0.000224s ]
INFO: [ app_begin ] --END-- [ RunTime:0.000238s ]
SQL: SHOW COLUMNS FROM `js_courses` [ RunTime:0.0012s ]
SQL: SELECT COUNT(*) AS tp_count FROM `js_courses` WHERE `status` = 1 LIMIT 1   [ RunTime:0.0002s ]
SQL: SELECT * FROM `js_courses` WHERE `status` = 1 LIMIT 0,6   [ RunTime:0.0002s ]

[ 2019-01-02T21:26:44+08:00 ] ::1 /api_for_test/Index/getCourses?page=0
INFO: [ app_init ] --START--
INFO: Run Behavior\BuildLiteBehavior [ RunTime:0.000008s ]
INFO: [ app_init ] --END-- [ RunTime:0.000272s ]
INFO: [ app_begin ] --START--
INFO: Run Behavior\ReadHtmlCacheBehavior [ RunTime:0.000630s ]
INFO: [ app_begin ] --END-- [ RunTime:0.000652s ]
SQL: SHOW COLUMNS FROM `js_courses` [ RunTime:0.0015s ]
SQL: SELECT COUNT(*) AS tp_count FROM `js_courses` WHERE `status` = 1 LIMIT 1   [ RunTime:0.0002s ]
SQL: SELECT * FROM `js_courses` WHERE `status` = 1 LIMIT 0,6   [ RunTime:0.0002s ]

[ 2019-01-02T21:26:45+08:00 ] ::1 /api_for_test/Index/getCourses?page=0
INFO: [ app_init ] --START--
INFO: Run Behavior\BuildLiteBehavior [ RunTime:0.000008s ]
INFO: [ app_init ] --END-- [ RunTime:0.000235s ]
INFO: [ app_begin ] --START--
INFO: Run Behavior\ReadHtmlCacheBehavior [ RunTime:0.000237s ]
INFO: [ app_begin ] --END-- [ RunTime:0.000253s ]
SQL: SHOW COLUMNS FROM `js_courses` [ RunTime:0.0013s ]
SQL: SELECT COUNT(*) AS tp_count FROM `js_courses` WHERE `status` = 1 LIMIT 1   [ RunTime:0.0002s ]
SQL: SELECT * FROM `js_courses` WHERE `status` = 1 LIMIT 0,6   [ RunTime:0.0002s ]

[ 2019-01-02T21:26:56+08:00 ] ::1 /api_for_test/Index/getCourses?page=0
INFO: [ app_init ] --START--
INFO: Run Behavior\BuildLiteBehavior [ RunTime:0.000006s ]
INFO: [ app_init ] --END-- [ RunTime:0.000198s ]
INFO: [ app_begin ] --START--
INFO: Run Behavior\ReadHtmlCacheBehavior [ RunTime:0.000244s ]
INFO: [ app_begin ] --END-- [ RunTime:0.000259s ]
SQL: SHOW COLUMNS FROM `js_courses` [ RunTime:0.0015s ]
SQL: SELECT COUNT(*) AS tp_count FROM `js_courses` WHERE `status` = 1 LIMIT 1   [ RunTime:0.0002s ]
SQL: SELECT * FROM `js_courses` WHERE `status` = 1 LIMIT 0,6   [ RunTime:0.0002s ]

[ 2019-01-02T21:26:57+08:00 ] ::1 /api_for_test/Index/getCourses?page=0
INFO: [ app_init ] --START--
INFO: Run Behavior\BuildLiteBehavior [ RunTime:0.000007s ]
INFO: [ app_init ] --END-- [ RunTime:0.000179s ]
INFO: [ app_begin ] --START--
INFO: Run Behavior\ReadHtmlCacheBehavior [ RunTime:0.000231s ]
INFO: [ app_begin ] --END-- [ RunTime:0.000245s ]
SQL: SHOW COLUMNS FROM `js_courses` [ RunTime:0.0017s ]
SQL: SELECT COUNT(*) AS tp_count FROM `js_courses` WHERE `status` = 1 LIMIT 1   [ RunTime:0.0006s ]
SQL: SELECT * FROM `js_courses` WHERE `status` = 1 LIMIT 0,6   [ RunTime:0.0005s ]

[ 2019-01-02T21:26:57+08:00 ] ::1 /api_for_test/Index/getCourses?page=0
INFO: [ app_init ] --START--
INFO: Run Behavior\BuildLiteBehavior [ RunTime:0.000007s ]
INFO: [ app_init ] --END-- [ RunTime:0.000189s ]
INFO: [ app_begin ] --START--
INFO: Run Behavior\ReadHtmlCacheBehavior [ RunTime:0.000237s ]
INFO: [ app_begin ] --END-- [ RunTime:0.000252s ]
SQL: SHOW COLUMNS FROM `js_courses` [ RunTime:0.0014s ]
SQL: SELECT COUNT(*) AS tp_count FROM `js_courses` WHERE `status` = 1 LIMIT 1   [ RunTime:0.0003s ]
SQL: SELECT * FROM `js_courses` WHERE `status` = 1 LIMIT 0,6   [ RunTime:0.0002s ]

[ 2019-01-02T21:26:57+08:00 ] ::1 /api_for_test/Index/getCourses?page=0
INFO: [ app_init ] --START--
INFO: Run Behavior\BuildLiteBehavior [ RunTime:0.000007s ]
INFO: [ app_init ] --END-- [ RunTime:0.000183s ]
INFO: [ app_begin ] --START--
INFO: Run Behavior\ReadHtmlCacheBehavior [ RunTime:0.000236s ]
INFO: [ app_begin ] --END-- [ RunTime:0.000251s ]
SQL: SHOW COLUMNS FROM `js_courses` [ RunTime:0.0015s ]
SQL: SELECT COUNT(*) AS tp_count FROM `js_courses` WHERE `status` = 1 LIMIT 1   [ RunTime:0.0002s ]
SQL: SELECT * FROM `js_courses` WHERE `status` = 1 LIMIT 0,6   [ RunTime:0.0002s ]

[ 2019-01-02T21:26:57+08:00 ] ::1 /api_for_test/Index/getCourses?page=0
INFO: [ app_init ] --START--
INFO: Run Behavior\BuildLiteBehavior [ RunTime:0.000006s ]
INFO: [ app_init ] --END-- [ RunTime:0.000189s ]
INFO: [ app_begin ] --START--
INFO: Run Behavior\ReadHtmlCacheBehavior [ RunTime:0.000239s ]
INFO: [ app_begin ] --END-- [ RunTime:0.000255s ]
SQL: SHOW COLUMNS FROM `js_courses` [ RunTime:0.0013s ]
SQL: SELECT COUNT(*) AS tp_count FROM `js_courses` WHERE `status` = 1 LIMIT 1   [ RunTime:0.0003s ]
SQL: SELECT * FROM `js_courses` WHERE `status` = 1 LIMIT 0,6   [ RunTime:0.0002s ]

[ 2019-01-02T21:26:57+08:00 ] ::1 /api_for_test/Index/getCourses?page=0
INFO: [ app_init ] --START--
INFO: Run Behavior\BuildLiteBehavior [ RunTime:0.000006s ]
INFO: [ app_init ] --END-- [ RunTime:0.000172s ]
INFO: [ app_begin ] --START--
INFO: Run Behavior\ReadHtmlCacheBehavior [ RunTime:0.000225s ]
INFO: [ app_begin ] --END-- [ RunTime:0.000241s ]
SQL: SHOW COLUMNS FROM `js_courses` [ RunTime:0.0013s ]
SQL: SELECT COUNT(*) AS tp_count FROM `js_courses` WHERE `status` = 1 LIMIT 1   [ RunTime:0.0002s ]
SQL: SELECT * FROM `js_courses` WHERE `status` = 1 LIMIT 0,6   [ RunTime:0.0002s ]

[ 2019-01-02T21:26:57+08:00 ] ::1 /api_for_test/Index/getCourses?page=0
INFO: [ app_init ] --START--
INFO: Run Behavior\BuildLiteBehavior [ RunTime:0.000005s ]
INFO: [ app_init ] --END-- [ RunTime:0.000178s ]
INFO: [ app_begin ] --START--
INFO: Run Behavior\ReadHtmlCacheBehavior [ RunTime:0.000294s ]
INFO: [ app_begin ] --END-- [ RunTime:0.000312s ]
SQL: SHOW COLUMNS FROM `js_courses` [ RunTime:0.0013s ]
SQL: SELECT COUNT(*) AS tp_count FROM `js_courses` WHERE `status` = 1 LIMIT 1   [ RunTime:0.0003s ]
SQL: SELECT * FROM `js_courses` WHERE `status` = 1 LIMIT 0,6   [ RunTime:0.0004s ]

[ 2019-01-02T21:26:58+08:00 ] ::1 /api_for_test/Index/getCourses?page=0
INFO: [ app_init ] --START--
INFO: Run Behavior\BuildLiteBehavior [ RunTime:0.000007s ]
INFO: [ app_init ] --END-- [ RunTime:0.000179s ]
INFO: [ app_begin ] --START--
INFO: Run Behavior\ReadHtmlCacheBehavior [ RunTime:0.000234s ]
INFO: [ app_begin ] --END-- [ RunTime:0.000249s ]
SQL: SHOW COLUMNS FROM `js_courses` [ RunTime:0.0013s ]
SQL: SELECT COUNT(*) AS tp_count FROM `js_courses` WHERE `status` = 1 LIMIT 1   [ RunTime:0.0002s ]
SQL: SELECT * FROM `js_courses` WHERE `status` = 1 LIMIT 0,6   [ RunTime:0.0002s ]

[ 2019-01-02T21:27:05+08:00 ] ::1 /api_for_test/Index/getCourses?page=0
INFO: [ app_init ] --START--
INFO: Run Behavior\BuildLiteBehavior [ RunTime:0.000007s ]
INFO: [ app_init ] --END-- [ RunTime:0.000183s ]
INFO: [ app_begin ] --START--
INFO: Run Behavior\ReadHtmlCacheBehavior [ RunTime:0.000249s ]
INFO: [ app_begin ] --END-- [ RunTime:0.000267s ]
SQL: SHOW COLUMNS FROM `js_courses` [ RunTime:0.0015s ]
SQL: SELECT COUNT(*) AS tp_count FROM `js_courses` WHERE `status` = 1 LIMIT 1   [ RunTime:0.0002s ]
SQL: SELECT * FROM `js_courses` WHERE `status` = 1 LIMIT 0,6   [ RunTime:0.0002s ]

[ 2019-01-02T21:30:23+08:00 ] ::1 /api_for_test/Index/getCourses?page=0
INFO: [ app_init ] --START--
INFO: Run Behavior\BuildLiteBehavior [ RunTime:0.000007s ]
INFO: [ app_init ] --END-- [ RunTime:0.000309s ]
INFO: [ app_begin ] --START--
INFO: Run Behavior\ReadHtmlCacheBehavior [ RunTime:0.000444s ]
INFO: [ app_begin ] --END-- [ RunTime:0.000462s ]
SQL: SHOW COLUMNS FROM `js_courses` [ RunTime:0.0015s ]
SQL: SELECT COUNT(*) AS tp_count FROM `js_courses` WHERE `status` = 1 LIMIT 1   [ RunTime:0.0002s ]
SQL: SELECT * FROM `js_courses` WHERE `status` = 1 LIMIT 0,6   [ RunTime:0.0002s ]

[ 2019-01-02T21:31:30+08:00 ] ::1 /api_for_test/Index/getCourses
INFO: [ app_init ] --START--
INFO: Run Behavior\BuildLiteBehavior [ RunTime:0.000007s ]
INFO: [ app_init ] --END-- [ RunTime:0.000282s ]
INFO: [ app_begin ] --START--
INFO: Run Behavior\ReadHtmlCacheBehavior [ RunTime:0.000408s ]
INFO: [ app_begin ] --END-- [ RunTime:0.000428s ]
SQL: SHOW COLUMNS FROM `js_courses` [ RunTime:0.0014s ]
SQL: SELECT COUNT(*) AS tp_count FROM `js_courses` WHERE `status` = 1 LIMIT 1   [ RunTime:0.0002s ]
SQL: SELECT * FROM `js_courses` WHERE `status` = 1 LIMIT 0,6   [ RunTime:0.0002s ]

